00:05:50.068 [INFO ] InitUtil - ■■■■■■■■■■■■■■■■■■■■■■■■■■■■■■■■■■■■■■■■■■■■■■■■■■
00:05:50.068 [INFO ] InitUtil - -------- Ebai Cloud Service Is Running .. --------
00:05:53.170 [INFO ] InitUtil - => 本地IP地址: 116.237.65.54 => 累计运行时长: 70H21M10.61S
00:15:50.077 [INFO ] InitUtil - ■■■■■■■■■■■■■■■■■■■■■■■■■■■■■■■■■■■■■■■■■■■■■■■■■■
00:15:50.077 [INFO ] InitUtil - -------- Ebai Cloud Service Is Running .. --------
00:15:53.182 [INFO ] InitUtil - => 本地IP地址: 116.237.65.54 => 累计运行时长: 70H31M10.622S
00:25:50.089 [INFO ] InitUtil - ■■■■■■■■■■■■■■■■■■■■■■■■■■■■■■■■■■■■■■■■■■■■■■■■■■
00:25:50.089 [INFO ] InitUtil - -------- Ebai Cloud Service Is Running .. --------
00:25:53.183 [INFO ] InitUtil - => 本地IP地址: 116.237.65.54 => 累计运行时长: 70H41M10.623S
00:35:50.104 [INFO ] InitUtil - ■■■■■■■■■■■■■■■■■■■■■■■■■■■■■■■■■■■■■■■■■■■■■■■■■■
00:35:50.104 [INFO ] InitUtil - -------- Ebai Cloud Service Is Running .. --------
00:35:53.213 [INFO ] InitUtil - => 本地IP地址: 116.237.65.54 => 累计运行时长: 70H51M10.653S
00:45:50.110 [INFO ] InitUtil - ■■■■■■■■■■■■■■■■■■■■■■■■■■■■■■■■■■■■■■■■■■■■■■■■■■
00:45:50.110 [INFO ] InitUtil - -------- Ebai Cloud Service Is Running .. --------
00:45:53.216 [INFO ] InitUtil - => 本地IP地址: 116.237.65.54 => 累计运行时长: 71H1M10.656S
00:55:50.124 [INFO ] InitUtil - ■■■■■■■■■■■■■■■■■■■■■■■■■■■■■■■■■■■■■■■■■■■■■■■■■■
00:55:50.124 [INFO ] InitUtil - -------- Ebai Cloud Service Is Running .. --------
00:55:53.219 [INFO ] InitUtil - => 本地IP地址: 116.237.65.54 => 累计运行时长: 71H11M10.659S
01:05:50.130 [INFO ] InitUtil - ■■■■■■■■■■■■■■■■■■■■■■■■■■■■■■■■■■■■■■■■■■■■■■■■■■
01:05:50.130 [INFO ] InitUtil - -------- Ebai Cloud Service Is Running .. --------
01:05:53.222 [INFO ] InitUtil - => 本地IP地址: 116.237.65.54 => 累计运行时长: 71H21M10.662S
01:15:50.144 [INFO ] InitUtil - ■■■■■■■■■■■■■■■■■■■■■■■■■■■■■■■■■■■■■■■■■■■■■■■■■■
01:15:50.144 [INFO ] InitUtil - -------- Ebai Cloud Service Is Running .. --------
01:15:53.235 [INFO ] InitUtil - => 本地IP地址: 116.237.65.54 => 累计运行时长: 71H31M10.675S
01:25:50.152 [INFO ] InitUtil - ■■■■■■■■■■■■■■■■■■■■■■■■■■■■■■■■■■■■■■■■■■■■■■■■■■
01:25:50.152 [INFO ] InitUtil - -------- Ebai Cloud Service Is Running .. --------
01:25:53.259 [INFO ] InitUtil - => 本地IP地址: 116.237.65.54 => 累计运行时长: 71H41M10.699S
01:35:50.160 [INFO ] InitUtil - ■■■■■■■■■■■■■■■■■■■■■■■■■■■■■■■■■■■■■■■■■■■■■■■■■■
01:35:50.160 [INFO ] InitUtil - -------- Ebai Cloud Service Is Running .. --------
01:35:53.252 [INFO ] InitUtil - => 本地IP地址: 116.237.65.54 => 累计运行时长: 71H51M10.692S
01:45:50.175 [INFO ] InitUtil - ■■■■■■■■■■■■■■■■■■■■■■■■■■■■■■■■■■■■■■■■■■■■■■■■■■
01:45:50.175 [INFO ] InitUtil - -------- Ebai Cloud Service Is Running .. --------
01:45:53.292 [INFO ] InitUtil - => 本地IP地址: 116.237.65.54 => 累计运行时长: 72H1M10.732S
01:55:50.179 [INFO ] InitUtil - ■■■■■■■■■■■■■■■■■■■■■■■■■■■■■■■■■■■■■■■■■■■■■■■■■■
01:55:50.179 [INFO ] InitUtil - -------- Ebai Cloud Service Is Running .. --------
01:55:53.283 [INFO ] InitUtil - => 本地IP地址: 116.237.65.54 => 累计运行时长: 72H11M10.723S
02:05:50.187 [INFO ] InitUtil - ■■■■■■■■■■■■■■■■■■■■■■■■■■■■■■■■■■■■■■■■■■■■■■■■■■
02:05:50.187 [INFO ] InitUtil - -------- Ebai Cloud Service Is Running .. --------
02:05:53.292 [INFO ] InitUtil - => 本地IP地址: 116.237.65.54 => 累计运行时长: 72H21M10.732S
02:15:50.191 [INFO ] InitUtil - ■■■■■■■■■■■■■■■■■■■■■■■■■■■■■■■■■■■■■■■■■■■■■■■■■■
02:15:50.191 [INFO ] InitUtil - -------- Ebai Cloud Service Is Running .. --------
02:15:53.304 [INFO ] InitUtil - => 本地IP地址: 116.237.65.54 => 累计运行时长: 72H31M10.744S
02:25:50.201 [INFO ] InitUtil - ■■■■■■■■■■■■■■■■■■■■■■■■■■■■■■■■■■■■■■■■■■■■■■■■■■
02:25:50.201 [INFO ] InitUtil - -------- Ebai Cloud Service Is Running .. --------
02:25:53.294 [INFO ] InitUtil - => 本地IP地址: 116.237.65.54 => 累计运行时长: 72H41M10.734S
02:35:50.208 [INFO ] InitUtil - ■■■■■■■■■■■■■■■■■■■■■■■■■■■■■■■■■■■■■■■■■■■■■■■■■■
02:35:50.208 [INFO ] InitUtil - -------- Ebai Cloud Service Is Running .. --------
02:35:53.303 [INFO ] InitUtil - => 本地IP地址: 116.237.65.54 => 累计运行时长: 72H51M10.743S
02:45:50.221 [INFO ] InitUtil - ■■■■■■■■■■■■■■■■■■■■■■■■■■■■■■■■■■■■■■■■■■■■■■■■■■
02:45:50.221 [INFO ] InitUtil - -------- Ebai Cloud Service Is Running .. --------
02:45:53.315 [INFO ] InitUtil - => 本地IP地址: 116.237.65.54 => 累计运行时长: 73H1M10.755S
02:55:50.222 [INFO ] InitUtil - ■■■■■■■■■■■■■■■■■■■■■■■■■■■■■■■■■■■■■■■■■■■■■■■■■■
02:55:50.222 [INFO ] InitUtil - -------- Ebai Cloud Service Is Running .. --------
02:55:53.315 [INFO ] InitUtil - => 本地IP地址: 116.237.65.54 => 累计运行时长: 73H11M10.754S
03:05:50.230 [INFO ] InitUtil - ■■■■■■■■■■■■■■■■■■■■■■■■■■■■■■■■■■■■■■■■■■■■■■■■■■
03:05:50.230 [INFO ] InitUtil - -------- Ebai Cloud Service Is Running .. --------
03:05:53.323 [INFO ] InitUtil - => 本地IP地址: 116.237.65.54 => 累计运行时长: 73H21M10.763S
03:15:50.242 [INFO ] InitUtil - ■■■■■■■■■■■■■■■■■■■■■■■■■■■■■■■■■■■■■■■■■■■■■■■■■■
03:15:50.242 [INFO ] InitUtil - -------- Ebai Cloud Service Is Running .. --------
03:15:53.346 [INFO ] InitUtil - => 本地IP地址: 116.237.65.54 => 累计运行时长: 73H31M10.786S
03:25:50.250 [INFO ] InitUtil - ■■■■■■■■■■■■■■■■■■■■■■■■■■■■■■■■■■■■■■■■■■■■■■■■■■
03:25:50.250 [INFO ] InitUtil - -------- Ebai Cloud Service Is Running .. --------
03:25:53.332 [INFO ] InitUtil - => 本地IP地址: 116.237.65.54 => 累计运行时长: 73H41M10.772S
03:35:50.258 [INFO ] InitUtil - ■■■■■■■■■■■■■■■■■■■■■■■■■■■■■■■■■■■■■■■■■■■■■■■■■■
03:35:50.258 [INFO ] InitUtil - -------- Ebai Cloud Service Is Running .. --------
03:35:53.353 [INFO ] InitUtil - => 本地IP地址: 116.237.65.54 => 累计运行时长: 73H51M10.793S
03:45:50.266 [INFO ] InitUtil - ■■■■■■■■■■■■■■■■■■■■■■■■■■■■■■■■■■■■■■■■■■■■■■■■■■
03:45:50.266 [INFO ] InitUtil - -------- Ebai Cloud Service Is Running .. --------
03:45:53.367 [INFO ] InitUtil - => 本地IP地址: 116.237.65.54 => 累计运行时长: 74H1M10.807S
03:55:50.276 [INFO ] InitUtil - ■■■■■■■■■■■■■■■■■■■■■■■■■■■■■■■■■■■■■■■■■■■■■■■■■■
03:55:50.276 [INFO ] InitUtil - -------- Ebai Cloud Service Is Running .. --------
03:55:53.379 [INFO ] InitUtil - => 本地IP地址: 116.237.65.54 => 累计运行时长: 74H11M10.819S
04:05:50.279 [INFO ] InitUtil - ■■■■■■■■■■■■■■■■■■■■■■■■■■■■■■■■■■■■■■■■■■■■■■■■■■
04:05:50.279 [INFO ] InitUtil - -------- Ebai Cloud Service Is Running .. --------
04:05:53.388 [INFO ] InitUtil - => 本地IP地址: 116.237.65.54 => 累计运行时长: 74H21M10.828S
04:15:50.292 [INFO ] InitUtil - ■■■■■■■■■■■■■■■■■■■■■■■■■■■■■■■■■■■■■■■■■■■■■■■■■■
04:15:50.292 [INFO ] InitUtil - -------- Ebai Cloud Service Is Running .. --------
04:15:53.395 [INFO ] InitUtil - => 本地IP地址: 116.237.65.54 => 累计运行时长: 74H31M10.835S
04:25:50.296 [INFO ] InitUtil - ■■■■■■■■■■■■■■■■■■■■■■■■■■■■■■■■■■■■■■■■■■■■■■■■■■
04:25:50.296 [INFO ] InitUtil - -------- Ebai Cloud Service Is Running .. --------
04:25:53.407 [INFO ] InitUtil - => 本地IP地址: 116.237.65.54 => 累计运行时长: 74H41M10.847S
04:35:50.305 [INFO ] InitUtil - ■■■■■■■■■■■■■■■■■■■■■■■■■■■■■■■■■■■■■■■■■■■■■■■■■■
04:35:50.305 [INFO ] InitUtil - -------- Ebai Cloud Service Is Running .. --------
04:35:53.401 [INFO ] InitUtil - => 本地IP地址: 116.237.65.54 => 累计运行时长: 74H51M10.841S
04:45:50.311 [INFO ] InitUtil - ■■■■■■■■■■■■■■■■■■■■■■■■■■■■■■■■■■■■■■■■■■■■■■■■■■
04:45:50.311 [INFO ] InitUtil - -------- Ebai Cloud Service Is Running .. --------
04:45:53.391 [INFO ] InitUtil - => 本地IP地址: 116.237.65.54 => 累计运行时长: 75H1M10.831S
04:49:04.536 [INFO ] ProjectFilter - ■■■■■■■■■■■■■■■■■■■■■■■■■■■■■■■■■■■■■■■■■■■■■■■■■■
04:49:04.536 [INFO ] ProjectFilter - 请求拦截：URL == > /ip
04:49:07.919 [INFO ] ProjectFilter - 网络信息：IP == > 90.151.171.108 (俄罗斯(RU)|莫斯科|未知)
04:49:07.919 [INFO ] ProjectFilter - 设备信息：User-Agent == > Mozilla/5.0 (Windows NT 6.1; rv:16.0) Gecko/20100101 Firefox/16.0 (+https://best-proxies.ru/faq/#from)
04:49:07.919 [INFO ] SessionFilter - session userName => null , sessionExistTime => 0 (0分钟) , sessionLastActiveTime => 0 (0分钟) 
04:49:07.919 [INFO ] SessionFilter - session初始化
04:49:07.919 [INFO ] SessionFilter - ------------------ Service  Log ------------------
04:49:07.919 [INFO ] ProjectInterceptor - preHandle
04:49:07.921 [INFO ] ProjectInterceptor - postHandle
04:49:07.921 [INFO ] ProjectInterceptor - afterCompletion
04:49:07.921 [INFO ] ProjectFilter - --------------  Request  Completed  --------------
04:49:07.921 [INFO ] ProjectInterceptor - preHandle
04:49:07.922 [INFO ] ProjectInterceptor - postHandle
04:49:07.922 [INFO ] ProjectInterceptor - afterCompletion
04:55:50.319 [INFO ] InitUtil - ■■■■■■■■■■■■■■■■■■■■■■■■■■■■■■■■■■■■■■■■■■■■■■■■■■
04:55:50.319 [INFO ] InitUtil - -------- Ebai Cloud Service Is Running .. --------
04:55:53.419 [INFO ] InitUtil - => 本地IP地址: 116.237.65.54 => 累计运行时长: 75H11M10.859S
05:05:50.334 [INFO ] InitUtil - ■■■■■■■■■■■■■■■■■■■■■■■■■■■■■■■■■■■■■■■■■■■■■■■■■■
05:05:50.334 [INFO ] InitUtil - -------- Ebai Cloud Service Is Running .. --------
05:05:53.447 [INFO ] InitUtil - => 本地IP地址: 116.237.65.54 => 累计运行时长: 75H21M10.887S
05:15:50.338 [INFO ] InitUtil - ■■■■■■■■■■■■■■■■■■■■■■■■■■■■■■■■■■■■■■■■■■■■■■■■■■
05:15:50.338 [INFO ] InitUtil - -------- Ebai Cloud Service Is Running .. --------
05:15:53.426 [INFO ] InitUtil - => 本地IP地址: 116.237.65.54 => 累计运行时长: 75H31M10.866S
05:25:50.347 [INFO ] InitUtil - ■■■■■■■■■■■■■■■■■■■■■■■■■■■■■■■■■■■■■■■■■■■■■■■■■■
05:25:50.347 [INFO ] InitUtil - -------- Ebai Cloud Service Is Running .. --------
05:25:53.451 [INFO ] InitUtil - => 本地IP地址: 116.237.65.54 => 累计运行时长: 75H41M10.891S
05:35:50.353 [INFO ] InitUtil - ■■■■■■■■■■■■■■■■■■■■■■■■■■■■■■■■■■■■■■■■■■■■■■■■■■
05:35:50.353 [INFO ] InitUtil - -------- Ebai Cloud Service Is Running .. --------
05:35:53.456 [INFO ] InitUtil - => 本地IP地址: 116.237.65.54 => 累计运行时长: 75H51M10.896S
05:45:50.358 [INFO ] InitUtil - ■■■■■■■■■■■■■■■■■■■■■■■■■■■■■■■■■■■■■■■■■■■■■■■■■■
05:45:50.358 [INFO ] InitUtil - -------- Ebai Cloud Service Is Running .. --------
05:45:53.452 [INFO ] InitUtil - => 本地IP地址: 116.237.65.54 => 累计运行时长: 76H1M10.892S
05:55:50.359 [INFO ] InitUtil - ■■■■■■■■■■■■■■■■■■■■■■■■■■■■■■■■■■■■■■■■■■■■■■■■■■
05:55:50.359 [INFO ] InitUtil - -------- Ebai Cloud Service Is Running .. --------
05:55:53.461 [INFO ] InitUtil - => 本地IP地址: 116.237.65.54 => 累计运行时长: 76H11M10.901S
05:59:43.229 [INFO ] Http11Processor - Error parsing HTTP request header
 Note: further occurrences of HTTP request parsing errors will be logged at DEBUG level.
java.lang.IllegalArgumentException: Invalid character found in method name [0x160x030x010x000xee0x010x000x000xea0x030x03#0x9ai0x160xc40xe8(0xf90xc30x090x920xbav0xdbZ0xc10x17Ke\o0xbay0x1a0x850xb10x8c560x1e0xe1t ]. HTTP method names must be tokens
	at org.apache.coyote.http11.Http11InputBuffer.parseRequestLine(Http11InputBuffer.java:419)
	at org.apache.coyote.http11.Http11Processor.service(Http11Processor.java:271)
	at org.apache.coyote.AbstractProcessorLight.process(AbstractProcessorLight.java:65)
	at org.apache.coyote.AbstractProtocol$ConnectionHandler.process(AbstractProtocol.java:890)
	at org.apache.tomcat.util.net.NioEndpoint$SocketProcessor.doRun(NioEndpoint.java:1787)
	at org.apache.tomcat.util.net.SocketProcessorBase.run(SocketProcessorBase.java:49)
	at org.apache.tomcat.util.threads.ThreadPoolExecutor.runWorker(ThreadPoolExecutor.java:1191)
	at org.apache.tomcat.util.threads.ThreadPoolExecutor$Worker.run(ThreadPoolExecutor.java:659)
	at org.apache.tomcat.util.threads.TaskThread$WrappingRunnable.run(TaskThread.java:61)
	at java.lang.Thread.run(Thread.java:750)
05:59:44.619 [INFO ] ProjectFilter - ■■■■■■■■■■■■■■■■■■■■■■■■■■■■■■■■■■■■■■■■■■■■■■■■■■
05:59:44.619 [INFO ] ProjectFilter - 请求拦截：URL == > /
05:59:47.591 [INFO ] ProjectFilter - 网络信息：IP == > 167.248.133.120 (美国(US)|华盛顿州|金)
05:59:47.591 [INFO ] ProjectFilter - 设备信息：User-Agent == > null
05:59:47.592 [INFO ] SessionFilter - session userName => null , sessionExistTime => 0 (0分钟) , sessionLastActiveTime => 0 (0分钟) 
05:59:47.592 [INFO ] SessionFilter - session初始化
05:59:47.592 [INFO ] SessionFilter - ------------------ Service  Log ------------------
05:59:47.592 [INFO ] ProjectInterceptor - preHandle
05:59:47.592 [INFO ] ProjectInterceptor - postHandle
05:59:47.592 [INFO ] ProjectInterceptor - preHandle
05:59:47.593 [INFO ] ProjectInterceptor - postHandle
05:59:47.593 [INFO ] ProjectInterceptor - afterCompletion
05:59:47.593 [INFO ] ProjectInterceptor - afterCompletion
05:59:47.594 [INFO ] ProjectFilter - --------------  Request  Completed  --------------
06:00:01.456 [INFO ] MailServiceImpl - ■■■■■■■■■■■■■■■■■■■■■■■■■■■■■■■■■■■■■■■■■■■■■■■■■■
06:00:01.456 [INFO ] MailServiceImpl - 定时任务触发：Service == > SendDailyMail
06:00:01.456 [INFO ] MailServiceImpl - ------------------ Service  Log ------------------
06:00:02.552 [INFO ] cluster - Cluster description not yet available. Waiting for 30000 ms before timing out
06:05:50.365 [INFO ] InitUtil - ■■■■■■■■■■■■■■■■■■■■■■■■■■■■■■■■■■■■■■■■■■■■■■■■■■
06:05:50.365 [INFO ] InitUtil - -------- Ebai Cloud Service Is Running .. --------
06:05:53.474 [INFO ] InitUtil - => 本地IP地址: 116.237.65.54 => 累计运行时长: 76H21M10.914S
06:15:50.378 [INFO ] InitUtil - ■■■■■■■■■■■■■■■■■■■■■■■■■■■■■■■■■■■■■■■■■■■■■■■■■■
06:15:50.378 [INFO ] InitUtil - -------- Ebai Cloud Service Is Running .. --------
06:15:53.472 [INFO ] InitUtil - => 本地IP地址: 116.237.65.54 => 累计运行时长: 76H31M10.912S
06:25:50.382 [INFO ] InitUtil - ■■■■■■■■■■■■■■■■■■■■■■■■■■■■■■■■■■■■■■■■■■■■■■■■■■
06:25:50.382 [INFO ] InitUtil - -------- Ebai Cloud Service Is Running .. --------
06:25:53.474 [INFO ] InitUtil - => 本地IP地址: 116.237.65.54 => 累计运行时长: 76H41M10.914S
06:35:50.384 [INFO ] InitUtil - ■■■■■■■■■■■■■■■■■■■■■■■■■■■■■■■■■■■■■■■■■■■■■■■■■■
06:35:50.384 [INFO ] InitUtil - -------- Ebai Cloud Service Is Running .. --------
06:35:53.492 [INFO ] InitUtil - => 本地IP地址: 116.237.65.54 => 累计运行时长: 76H51M10.932S
06:45:50.391 [INFO ] InitUtil - ■■■■■■■■■■■■■■■■■■■■■■■■■■■■■■■■■■■■■■■■■■■■■■■■■■
06:45:50.391 [INFO ] InitUtil - -------- Ebai Cloud Service Is Running .. --------
06:45:53.473 [INFO ] InitUtil - => 本地IP地址: 116.237.65.54 => 累计运行时长: 77H1M10.913S
06:55:50.406 [INFO ] InitUtil - ■■■■■■■■■■■■■■■■■■■■■■■■■■■■■■■■■■■■■■■■■■■■■■■■■■
06:55:50.406 [INFO ] InitUtil - -------- Ebai Cloud Service Is Running .. --------
06:55:53.520 [INFO ] InitUtil - => 本地IP地址: 116.237.65.54 => 累计运行时长: 77H11M10.96S
07:05:50.406 [INFO ] InitUtil - ■■■■■■■■■■■■■■■■■■■■■■■■■■■■■■■■■■■■■■■■■■■■■■■■■■
07:05:50.406 [INFO ] InitUtil - -------- Ebai Cloud Service Is Running .. --------
07:05:53.518 [INFO ] InitUtil - => 本地IP地址: 116.237.65.54 => 累计运行时长: 77H21M10.958S
07:15:50.409 [INFO ] InitUtil - ■■■■■■■■■■■■■■■■■■■■■■■■■■■■■■■■■■■■■■■■■■■■■■■■■■
07:15:50.409 [INFO ] InitUtil - -------- Ebai Cloud Service Is Running .. --------
07:15:53.512 [INFO ] InitUtil - => 本地IP地址: 116.237.65.54 => 累计运行时长: 77H31M10.952S
07:25:50.423 [INFO ] InitUtil - ■■■■■■■■■■■■■■■■■■■■■■■■■■■■■■■■■■■■■■■■■■■■■■■■■■
07:25:50.423 [INFO ] InitUtil - -------- Ebai Cloud Service Is Running .. --------
07:25:53.533 [INFO ] InitUtil - => 本地IP地址: 116.237.65.54 => 累计运行时长: 77H41M10.973S
07:35:50.425 [INFO ] InitUtil - ■■■■■■■■■■■■■■■■■■■■■■■■■■■■■■■■■■■■■■■■■■■■■■■■■■
07:35:50.425 [INFO ] InitUtil - -------- Ebai Cloud Service Is Running .. --------
07:35:53.514 [INFO ] InitUtil - => 本地IP地址: 116.237.65.54 => 累计运行时长: 77H51M10.954S
07:45:50.438 [INFO ] InitUtil - ■■■■■■■■■■■■■■■■■■■■■■■■■■■■■■■■■■■■■■■■■■■■■■■■■■
07:45:50.438 [INFO ] InitUtil - -------- Ebai Cloud Service Is Running .. --------
07:45:53.523 [INFO ] InitUtil - => 本地IP地址: 116.237.65.54 => 累计运行时长: 78H1M10.963S
07:55:50.439 [INFO ] InitUtil - ■■■■■■■■■■■■■■■■■■■■■■■■■■■■■■■■■■■■■■■■■■■■■■■■■■
07:55:50.439 [INFO ] InitUtil - -------- Ebai Cloud Service Is Running .. --------
07:55:53.540 [INFO ] InitUtil - => 本地IP地址: 116.237.65.54 => 累计运行时长: 78H11M10.98S
08:05:50.444 [INFO ] InitUtil - ■■■■■■■■■■■■■■■■■■■■■■■■■■■■■■■■■■■■■■■■■■■■■■■■■■
08:05:50.444 [INFO ] InitUtil - -------- Ebai Cloud Service Is Running .. --------
08:05:53.555 [INFO ] InitUtil - => 本地IP地址: 116.237.65.54 => 累计运行时长: 78H21M10.995S
08:15:50.449 [INFO ] InitUtil - ■■■■■■■■■■■■■■■■■■■■■■■■■■■■■■■■■■■■■■■■■■■■■■■■■■
08:15:50.449 [INFO ] InitUtil - -------- Ebai Cloud Service Is Running .. --------
08:15:53.551 [INFO ] InitUtil - => 本地IP地址: 116.237.65.54 => 累计运行时长: 78H31M10.991S
08:15:55.709 [INFO ] ProjectFilter - ■■■■■■■■■■■■■■■■■■■■■■■■■■■■■■■■■■■■■■■■■■■■■■■■■■
08:15:55.709 [INFO ] ProjectFilter - 请求拦截：URL == > /ip.php
08:15:58.186 [INFO ] ProjectFilter - 网络信息：IP == > 90.151.171.106 (俄罗斯(RU)|莫斯科|未知)
08:15:58.186 [INFO ] ProjectFilter - 设备信息：User-Agent == > Mozilla/5.0 (Windows NT 6.1; rv:16.0) Gecko/20100101 Firefox/16.0 (+https://best-proxies.ru/faq/#from)
08:15:58.186 [INFO ] SessionFilter - session userName => null , sessionExistTime => 0 (0分钟) , sessionLastActiveTime => 0 (0分钟) 
08:15:58.186 [INFO ] SessionFilter - session初始化
08:15:58.186 [INFO ] SessionFilter - ------------------ Service  Log ------------------
08:15:58.186 [INFO ] ProjectInterceptor - preHandle
08:15:58.187 [INFO ] ProjectInterceptor - postHandle
08:15:58.187 [INFO ] ProjectInterceptor - afterCompletion
08:15:58.187 [INFO ] ProjectFilter - --------------  Request  Completed  --------------
08:15:58.187 [INFO ] ProjectInterceptor - preHandle
08:15:58.188 [INFO ] ProjectInterceptor - postHandle
08:15:58.188 [INFO ] ProjectInterceptor - afterCompletion
08:25:50.459 [INFO ] InitUtil - ■■■■■■■■■■■■■■■■■■■■■■■■■■■■■■■■■■■■■■■■■■■■■■■■■■
08:25:50.459 [INFO ] InitUtil - -------- Ebai Cloud Service Is Running .. --------
08:25:53.547 [INFO ] InitUtil - => 本地IP地址: 116.237.65.54 => 累计运行时长: 78H41M10.987S
08:35:50.467 [INFO ] InitUtil - ■■■■■■■■■■■■■■■■■■■■■■■■■■■■■■■■■■■■■■■■■■■■■■■■■■
08:35:50.467 [INFO ] InitUtil - -------- Ebai Cloud Service Is Running .. --------
08:35:53.550 [INFO ] InitUtil - => 本地IP地址: 116.237.65.54 => 累计运行时长: 78H51M10.99S
08:45:50.478 [INFO ] InitUtil - ■■■■■■■■■■■■■■■■■■■■■■■■■■■■■■■■■■■■■■■■■■■■■■■■■■
08:45:50.478 [INFO ] InitUtil - -------- Ebai Cloud Service Is Running .. --------
08:45:53.573 [INFO ] InitUtil - => 本地IP地址: 116.237.65.54 => 累计运行时长: 79H1M11.013S
08:55:50.485 [INFO ] InitUtil - ■■■■■■■■■■■■■■■■■■■■■■■■■■■■■■■■■■■■■■■■■■■■■■■■■■
08:55:50.485 [INFO ] InitUtil - -------- Ebai Cloud Service Is Running .. --------
08:55:53.562 [INFO ] InitUtil - => 本地IP地址: 116.237.65.54 => 累计运行时长: 79H11M11.002S
09:05:50.486 [INFO ] InitUtil - ■■■■■■■■■■■■■■■■■■■■■■■■■■■■■■■■■■■■■■■■■■■■■■■■■■
09:05:50.486 [INFO ] InitUtil - -------- Ebai Cloud Service Is Running .. --------
09:05:53.591 [INFO ] InitUtil - => 本地IP地址: 116.237.65.54 => 累计运行时长: 79H21M11.031S
09:15:50.498 [INFO ] InitUtil - ■■■■■■■■■■■■■■■■■■■■■■■■■■■■■■■■■■■■■■■■■■■■■■■■■■
09:15:50.498 [INFO ] InitUtil - -------- Ebai Cloud Service Is Running .. --------
09:15:53.615 [INFO ] InitUtil - => 本地IP地址: 116.237.65.54 => 累计运行时长: 79H31M11.055S
09:25:50.510 [INFO ] InitUtil - ■■■■■■■■■■■■■■■■■■■■■■■■■■■■■■■■■■■■■■■■■■■■■■■■■■
09:25:50.510 [INFO ] InitUtil - -------- Ebai Cloud Service Is Running .. --------
09:25:53.613 [INFO ] InitUtil - => 本地IP地址: 116.237.65.54 => 累计运行时长: 79H41M11.053S
09:35:50.519 [INFO ] InitUtil - ■■■■■■■■■■■■■■■■■■■■■■■■■■■■■■■■■■■■■■■■■■■■■■■■■■
09:35:50.519 [INFO ] InitUtil - -------- Ebai Cloud Service Is Running .. --------
09:35:53.625 [INFO ] InitUtil - => 本地IP地址: 116.237.65.54 => 累计运行时长: 79H51M11.065S
09:45:50.528 [INFO ] InitUtil - ■■■■■■■■■■■■■■■■■■■■■■■■■■■■■■■■■■■■■■■■■■■■■■■■■■
09:45:50.528 [INFO ] InitUtil - -------- Ebai Cloud Service Is Running .. --------
09:45:53.617 [INFO ] InitUtil - => 本地IP地址: 116.237.65.54 => 累计运行时长: 80H1M11.057S
09:55:50.533 [INFO ] InitUtil - ■■■■■■■■■■■■■■■■■■■■■■■■■■■■■■■■■■■■■■■■■■■■■■■■■■
09:55:50.533 [INFO ] InitUtil - -------- Ebai Cloud Service Is Running .. --------
09:55:53.643 [INFO ] InitUtil - => 本地IP地址: 116.237.65.54 => 累计运行时长: 80H11M11.083S
10:05:50.544 [INFO ] InitUtil - ■■■■■■■■■■■■■■■■■■■■■■■■■■■■■■■■■■■■■■■■■■■■■■■■■■
10:05:50.544 [INFO ] InitUtil - -------- Ebai Cloud Service Is Running .. --------
10:05:53.660 [INFO ] InitUtil - => 本地IP地址: 116.237.65.54 => 累计运行时长: 80H21M11.1S
10:15:50.546 [INFO ] InitUtil - ■■■■■■■■■■■■■■■■■■■■■■■■■■■■■■■■■■■■■■■■■■■■■■■■■■
10:15:50.546 [INFO ] InitUtil - -------- Ebai Cloud Service Is Running .. --------
10:15:53.648 [INFO ] InitUtil - => 本地IP地址: 116.237.65.54 => 累计运行时长: 80H31M11.088S
10:25:50.552 [INFO ] InitUtil - ■■■■■■■■■■■■■■■■■■■■■■■■■■■■■■■■■■■■■■■■■■■■■■■■■■
10:25:50.552 [INFO ] InitUtil - -------- Ebai Cloud Service Is Running .. --------
10:25:53.677 [INFO ] InitUtil - => 本地IP地址: 116.237.65.54 => 累计运行时长: 80H41M11.117S
10:35:50.561 [INFO ] InitUtil - ■■■■■■■■■■■■■■■■■■■■■■■■■■■■■■■■■■■■■■■■■■■■■■■■■■
10:35:50.561 [INFO ] InitUtil - -------- Ebai Cloud Service Is Running .. --------
10:35:53.678 [INFO ] InitUtil - => 本地IP地址: 116.237.65.54 => 累计运行时长: 80H51M11.118S
10:45:50.577 [INFO ] InitUtil - ■■■■■■■■■■■■■■■■■■■■■■■■■■■■■■■■■■■■■■■■■■■■■■■■■■
10:45:50.577 [INFO ] InitUtil - -------- Ebai Cloud Service Is Running .. --------
10:45:53.674 [INFO ] InitUtil - => 本地IP地址: 116.237.65.54 => 累计运行时长: 81H1M11.114S
10:55:50.591 [INFO ] InitUtil - ■■■■■■■■■■■■■■■■■■■■■■■■■■■■■■■■■■■■■■■■■■■■■■■■■■
10:55:50.591 [INFO ] InitUtil - -------- Ebai Cloud Service Is Running .. --------
10:55:53.688 [INFO ] InitUtil - => 本地IP地址: 116.237.65.54 => 累计运行时长: 81H11M11.128S
11:05:50.599 [INFO ] InitUtil - ■■■■■■■■■■■■■■■■■■■■■■■■■■■■■■■■■■■■■■■■■■■■■■■■■■
11:05:50.599 [INFO ] InitUtil - -------- Ebai Cloud Service Is Running .. --------
11:05:53.611 [WARN ] NetworkUtil - Http Get Client Exception
11:05:56.625 [WARN ] NetworkUtil - Http Get Client Exception
11:05:59.639 [WARN ] NetworkUtil - Http Get Client Exception
11:06:02.653 [WARN ] NetworkUtil - Http Get Client Exception
11:06:05.755 [INFO ] InitUtil - => 本地IP地址: 116.237.65.54 => 累计运行时长: 81H21M23.195S
11:07:49.635 [INFO ] ProjectFilter - ■■■■■■■■■■■■■■■■■■■■■■■■■■■■■■■■■■■■■■■■■■■■■■■■■■
11:07:49.635 [INFO ] ProjectFilter - 请求拦截：URL == > /
11:07:52.786 [INFO ] ProjectFilter - 网络信息：IP == > 192.241.203.79 (美国(US)|加利福尼亚州|旧金山)
11:07:52.786 [INFO ] ProjectFilter - 设备信息：User-Agent == > Mozilla/5.0 zgrab/0.x
11:07:52.786 [INFO ] SessionFilter - session userName => null , sessionExistTime => 0 (0分钟) , sessionLastActiveTime => 0 (0分钟) 
11:07:52.786 [INFO ] SessionFilter - session初始化
11:07:52.786 [INFO ] SessionFilter - ------------------ Service  Log ------------------
11:07:52.787 [INFO ] ProjectInterceptor - preHandle
11:07:52.787 [INFO ] ProjectInterceptor - postHandle
11:07:52.787 [INFO ] ProjectInterceptor - preHandle
11:07:52.788 [INFO ] ProjectInterceptor - postHandle
11:07:52.788 [INFO ] ProjectInterceptor - afterCompletion
11:07:52.788 [INFO ] ProjectInterceptor - afterCompletion
11:07:52.788 [INFO ] ProjectFilter - --------------  Request  Completed  --------------
11:15:50.605 [INFO ] InitUtil - ■■■■■■■■■■■■■■■■■■■■■■■■■■■■■■■■■■■■■■■■■■■■■■■■■■
11:15:50.605 [INFO ] InitUtil - -------- Ebai Cloud Service Is Running .. --------
11:15:53.618 [WARN ] NetworkUtil - Http Get Client Exception
11:15:56.627 [WARN ] NetworkUtil - Http Get Client Exception
11:15:59.629 [WARN ] NetworkUtil - Http Get Client Exception
11:16:02.639 [WARN ] NetworkUtil - Http Get Client Exception
11:16:05.742 [INFO ] InitUtil - => 本地IP地址: 116.237.65.54 => 累计运行时长: 81H31M23.182S
11:25:50.616 [INFO ] InitUtil - ■■■■■■■■■■■■■■■■■■■■■■■■■■■■■■■■■■■■■■■■■■■■■■■■■■
11:25:50.616 [INFO ] InitUtil - -------- Ebai Cloud Service Is Running .. --------
11:25:53.749 [INFO ] InitUtil - => 本地IP地址: 116.237.65.54 => 累计运行时长: 81H41M11.189S
11:35:50.619 [INFO ] InitUtil - ■■■■■■■■■■■■■■■■■■■■■■■■■■■■■■■■■■■■■■■■■■■■■■■■■■
11:35:50.619 [INFO ] InitUtil - -------- Ebai Cloud Service Is Running .. --------
11:35:53.750 [INFO ] InitUtil - => 本地IP地址: 116.237.65.54 => 累计运行时长: 81H51M11.19S
11:45:50.619 [INFO ] InitUtil - ■■■■■■■■■■■■■■■■■■■■■■■■■■■■■■■■■■■■■■■■■■■■■■■■■■
11:45:50.619 [INFO ] InitUtil - -------- Ebai Cloud Service Is Running .. --------
11:45:53.740 [INFO ] InitUtil - => 本地IP地址: 116.237.65.54 => 累计运行时长: 82H1M11.18S
11:55:50.633 [INFO ] InitUtil - ■■■■■■■■■■■■■■■■■■■■■■■■■■■■■■■■■■■■■■■■■■■■■■■■■■
11:55:50.633 [INFO ] InitUtil - -------- Ebai Cloud Service Is Running .. --------
11:55:53.712 [INFO ] InitUtil - => 本地IP地址: 116.237.65.54 => 累计运行时长: 82H11M11.152S
12:05:50.644 [INFO ] InitUtil - ■■■■■■■■■■■■■■■■■■■■■■■■■■■■■■■■■■■■■■■■■■■■■■■■■■
12:05:50.644 [INFO ] InitUtil - -------- Ebai Cloud Service Is Running .. --------
12:05:53.757 [INFO ] InitUtil - => 本地IP地址: 116.237.65.54 => 累计运行时长: 82H21M11.197S
12:15:50.646 [INFO ] InitUtil - ■■■■■■■■■■■■■■■■■■■■■■■■■■■■■■■■■■■■■■■■■■■■■■■■■■
12:15:50.646 [INFO ] InitUtil - -------- Ebai Cloud Service Is Running .. --------
12:15:53.748 [INFO ] InitUtil - => 本地IP地址: 116.237.65.54 => 累计运行时长: 82H31M11.188S
12:25:50.653 [INFO ] InitUtil - ■■■■■■■■■■■■■■■■■■■■■■■■■■■■■■■■■■■■■■■■■■■■■■■■■■
12:25:50.653 [INFO ] InitUtil - -------- Ebai Cloud Service Is Running .. --------
12:25:53.770 [INFO ] InitUtil - => 本地IP地址: 116.237.65.54 => 累计运行时长: 82H41M11.21S
12:29:54.299 [INFO ] ProjectFilter - ■■■■■■■■■■■■■■■■■■■■■■■■■■■■■■■■■■■■■■■■■■■■■■■■■■
12:29:54.299 [INFO ] ProjectFilter - 请求拦截：URL == > /
12:29:57.732 [INFO ] ProjectFilter - 网络信息：IP == > 61.152.208.164 (中国(CN)|上海|上海)
12:29:57.732 [INFO ] ProjectFilter - 设备信息：User-Agent == > Mozilla/5.0 (iPhone; CPU iPhone OS 16_0_3 like Mac OS X) AppleWebKit/605.1.15 (KHTML, like Gecko) Version/16.0 Mobile/15E148 Safari/604.1
12:29:57.732 [INFO ] SessionFilter - session userName => null , sessionExistTime => 0 (0分钟) , sessionLastActiveTime => 0 (0分钟) 
12:29:57.732 [INFO ] SessionFilter - session初始化
12:29:57.733 [INFO ] SessionFilter - ------------------ Service  Log ------------------
12:29:57.733 [INFO ] ProjectInterceptor - preHandle
12:29:57.733 [INFO ] ProjectInterceptor - postHandle
12:29:57.733 [INFO ] ProjectInterceptor - preHandle
12:29:57.741 [INFO ] ProjectInterceptor - postHandle
12:29:57.741 [INFO ] ProjectInterceptor - afterCompletion
12:29:57.741 [INFO ] ProjectInterceptor - afterCompletion
12:29:57.741 [INFO ] ProjectFilter - --------------  Request  Completed  --------------
12:29:57.861 [INFO ] ProjectFilter - ■■■■■■■■■■■■■■■■■■■■■■■■■■■■■■■■■■■■■■■■■■■■■■■■■■
12:29:57.861 [INFO ] ProjectFilter - 请求拦截：URL == > /umi.78612259.css
12:29:57.861 [INFO ] ProjectFilter - ■■■■■■■■■■■■■■■■■■■■■■■■■■■■■■■■■■■■■■■■■■■■■■■■■■
12:29:57.861 [INFO ] ProjectFilter - 请求拦截：URL == > /umi.ccf52186.js
12:30:00.175 [INFO ] ProjectFilter - 网络信息：IP == > 61.152.208.164 (中国(CN)|上海|上海)
12:30:00.175 [INFO ] ProjectFilter - 设备信息：User-Agent == > Mozilla/5.0 (iPhone; CPU iPhone OS 16_0_3 like Mac OS X) AppleWebKit/605.1.15 (KHTML, like Gecko) Version/16.0 Mobile/15E148 Safari/604.1
12:30:00.175 [INFO ] SessionFilter - session userName => null , sessionExistTime => 0 (0分钟) , sessionLastActiveTime => 0 (0分钟) 
12:30:00.175 [INFO ] SessionFilter - session初始化
12:30:00.175 [INFO ] SessionFilter - ------------------ Service  Log ------------------
12:30:00.175 [INFO ] ProjectInterceptor - preHandle
12:30:01.562 [INFO ] ProjectFilter - 网络信息：IP == > 61.152.208.164 (中国(CN)|上海|上海)
12:30:01.562 [INFO ] ProjectFilter - 设备信息：User-Agent == > Mozilla/5.0 (iPhone; CPU iPhone OS 16_0_3 like Mac OS X) AppleWebKit/605.1.15 (KHTML, like Gecko) Version/16.0 Mobile/15E148 Safari/604.1
12:30:01.562 [INFO ] SessionFilter - session userName => null , sessionExistTime => 0 (0分钟) , sessionLastActiveTime => 0 (0分钟) 
12:30:01.562 [INFO ] SessionFilter - session初始化
12:30:01.562 [INFO ] SessionFilter - ------------------ Service  Log ------------------
12:30:01.562 [INFO ] ProjectInterceptor - preHandle
12:30:01.622 [INFO ] ProjectInterceptor - postHandle
12:30:01.622 [INFO ] ProjectInterceptor - afterCompletion
12:30:01.622 [INFO ] ProjectFilter - --------------  Request  Completed  --------------
12:30:01.842 [INFO ] ProjectInterceptor - postHandle
12:30:01.842 [INFO ] ProjectInterceptor - afterCompletion
12:30:01.842 [INFO ] ProjectFilter - --------------  Request  Completed  --------------
12:30:02.017 [INFO ] ProjectFilter - ■■■■■■■■■■■■■■■■■■■■■■■■■■■■■■■■■■■■■■■■■■■■■■■■■■
12:30:02.017 [INFO ] ProjectFilter - 请求拦截：URL == > /api/user/currentUser
12:30:02.021 [INFO ] ProjectFilter - ■■■■■■■■■■■■■■■■■■■■■■■■■■■■■■■■■■■■■■■■■■■■■■■■■■
12:30:02.021 [INFO ] ProjectFilter - 请求拦截：URL == > /favicon.ico
12:30:05.038 [INFO ] ProjectFilter - 网络信息：IP == > 61.152.208.164 (中国(CN)|上海|上海)
12:30:05.039 [INFO ] ProjectFilter - 设备信息：User-Agent == > Mozilla/5.0 (iPhone; CPU iPhone OS 16_0_3 like Mac OS X) AppleWebKit/605.1.15 (KHTML, like Gecko) Version/16.0 Mobile/15E148 Safari/604.1
12:30:05.039 [INFO ] SessionFilter - session userName => null , sessionExistTime => 0 (0分钟) , sessionLastActiveTime => 0 (0分钟) 
12:30:05.039 [INFO ] SessionFilter - session初始化
12:30:05.039 [INFO ] SessionFilter - ------------------ Service  Log ------------------
12:30:05.039 [INFO ] ProjectInterceptor - preHandle
12:30:06.752 [INFO ] ProjectInterceptor - postHandle
12:30:06.752 [INFO ] ProjectInterceptor - afterCompletion
12:30:06.752 [INFO ] ProjectFilter - --------------  Request  Completed  --------------
12:30:07.104 [INFO ] ProjectFilter - 网络信息：IP == > 61.152.208.164 (中国(CN)|上海|上海)
12:30:07.104 [INFO ] ProjectFilter - 设备信息：User-Agent == > Mozilla/5.0 (iPhone; CPU iPhone OS 16_0_3 like Mac OS X) AppleWebKit/605.1.15 (KHTML, like Gecko) Version/16.0 Mobile/15E148 Safari/604.1
12:30:07.105 [INFO ] SessionFilter - session userName => null , sessionExistTime => 0 (0分钟) , sessionLastActiveTime => 0 (0分钟) 
12:30:07.105 [INFO ] SessionFilter - session初始化
12:30:07.105 [INFO ] SessionFilter - ------------------ Service  Log ------------------
12:30:07.105 [INFO ] UserController - Check Current User => Session Id: F50A178522B1B7D9EB613F30A6AF01E3
12:30:07.106 [INFO ] ProjectFilter - --------------  Request  Completed  --------------
12:30:07.164 [INFO ] ProjectFilter - ■■■■■■■■■■■■■■■■■■■■■■■■■■■■■■■■■■■■■■■■■■■■■■■■■■
12:30:07.164 [INFO ] ProjectFilter - 请求拦截：URL == > /390.f906b2e8.async.js
12:30:12.140 [INFO ] ProjectFilter - 网络信息：IP == > 61.152.208.164 (中国(CN)|上海|上海)
12:30:12.141 [INFO ] ProjectFilter - 设备信息：User-Agent == > Mozilla/5.0 (iPhone; CPU iPhone OS 16_0_3 like Mac OS X) AppleWebKit/605.1.15 (KHTML, like Gecko) Version/16.0 Mobile/15E148 Safari/604.1
12:30:12.141 [INFO ] SessionFilter - session userName => null , sessionExistTime => 5036 (0分钟) , sessionLastActiveTime => 5035 (0分钟) 
12:30:12.141 [INFO ] SessionFilter - session初始化
12:30:12.141 [INFO ] SessionFilter - ------------------ Service  Log ------------------
12:30:12.141 [INFO ] ProjectInterceptor - preHandle
12:30:12.148 [INFO ] ProjectInterceptor - postHandle
12:30:12.148 [INFO ] ProjectInterceptor - afterCompletion
12:30:12.148 [INFO ] ProjectFilter - --------------  Request  Completed  --------------
12:30:12.265 [INFO ] ProjectFilter - ■■■■■■■■■■■■■■■■■■■■■■■■■■■■■■■■■■■■■■■■■■■■■■■■■■
12:30:12.265 [INFO ] ProjectFilter - ■■■■■■■■■■■■■■■■■■■■■■■■■■■■■■■■■■■■■■■■■■■■■■■■■■
12:30:12.266 [INFO ] ProjectFilter - 请求拦截：URL == > /715.ac2181ed.async.js
12:30:12.266 [INFO ] ProjectFilter - 请求拦截：URL == > /318.d52449df.chunk.css
12:30:12.276 [INFO ] ProjectFilter - ■■■■■■■■■■■■■■■■■■■■■■■■■■■■■■■■■■■■■■■■■■■■■■■■■■
12:30:12.276 [INFO ] ProjectFilter - 请求拦截：URL == > /p__User__Login__index.cab240b2.chunk.css
12:30:12.278 [INFO ] ProjectFilter - ■■■■■■■■■■■■■■■■■■■■■■■■■■■■■■■■■■■■■■■■■■■■■■■■■■
12:30:12.278 [INFO ] ProjectFilter - 请求拦截：URL == > /p__User__Login__index.16d328a2.async.js
12:30:12.279 [INFO ] ProjectFilter - ■■■■■■■■■■■■■■■■■■■■■■■■■■■■■■■■■■■■■■■■■■■■■■■■■■
12:30:12.279 [INFO ] ProjectFilter - 请求拦截：URL == > /318.af52869e.async.js
12:30:14.534 [WARN ] NetworkUtil - Get Location Exception
12:30:14.535 [INFO ] ProjectFilter - 网络信息：IP == > 61.152.208.164 (Unknown)
12:30:14.535 [INFO ] ProjectFilter - 设备信息：User-Agent == > Mozilla/5.0 (iPhone; CPU iPhone OS 16_0_3 like Mac OS X) AppleWebKit/605.1.15 (KHTML, like Gecko) Version/16.0 Mobile/15E148 Safari/604.1
12:30:14.535 [INFO ] SessionFilter - session userName => null , sessionExistTime => 0 (0分钟) , sessionLastActiveTime => 0 (0分钟) 
12:30:14.535 [INFO ] SessionFilter - session初始化
12:30:14.535 [INFO ] SessionFilter - ------------------ Service  Log ------------------
12:30:14.535 [INFO ] ProjectInterceptor - preHandle
12:30:14.549 [INFO ] ProjectInterceptor - postHandle
12:30:14.549 [INFO ] ProjectInterceptor - afterCompletion
12:30:14.549 [INFO ] ProjectFilter - --------------  Request  Completed  --------------
12:30:14.677 [INFO ] ProjectFilter - 网络信息：IP == > 61.152.208.164 (中国(CN)|上海|上海)
12:30:14.677 [INFO ] ProjectFilter - 设备信息：User-Agent == > Mozilla/5.0 (iPhone; CPU iPhone OS 16_0_3 like Mac OS X) AppleWebKit/605.1.15 (KHTML, like Gecko) Version/16.0 Mobile/15E148 Safari/604.1
12:30:14.677 [INFO ] SessionFilter - session userName => null , sessionExistTime => 0 (0分钟) , sessionLastActiveTime => 0 (0分钟) 
12:30:14.677 [INFO ] SessionFilter - session初始化
12:30:14.677 [INFO ] SessionFilter - ------------------ Service  Log ------------------
12:30:14.677 [INFO ] ProjectInterceptor - preHandle
12:30:14.684 [WARN ] NetworkUtil - Get Location Exception
12:30:14.684 [INFO ] ProjectFilter - 网络信息：IP == > 61.152.208.164 (Unknown)
12:30:14.684 [INFO ] ProjectFilter - 设备信息：User-Agent == > Mozilla/5.0 (iPhone; CPU iPhone OS 16_0_3 like Mac OS X) AppleWebKit/605.1.15 (KHTML, like Gecko) Version/16.0 Mobile/15E148 Safari/604.1
12:30:14.684 [INFO ] SessionFilter - session userName => null , sessionExistTime => 0 (0分钟) , sessionLastActiveTime => 0 (0分钟) 
12:30:14.684 [INFO ] SessionFilter - session初始化
12:30:14.684 [INFO ] SessionFilter - ------------------ Service  Log ------------------
12:30:14.685 [INFO ] ProjectInterceptor - preHandle
12:30:14.722 [INFO ] ProjectInterceptor - postHandle
12:30:14.722 [INFO ] ProjectInterceptor - afterCompletion
12:30:14.722 [INFO ] ProjectFilter - --------------  Request  Completed  --------------
12:30:14.934 [WARN ] NetworkUtil - Get Location Exception
12:30:14.934 [INFO ] ProjectFilter - 网络信息：IP == > 61.152.208.164 (Unknown)
12:30:14.934 [INFO ] ProjectFilter - 设备信息：User-Agent == > Mozilla/5.0 (iPhone; CPU iPhone OS 16_0_3 like Mac OS X) AppleWebKit/605.1.15 (KHTML, like Gecko) Version/16.0 Mobile/15E148 Safari/604.1
12:30:14.934 [INFO ] SessionFilter - session userName => null , sessionExistTime => 0 (0分钟) , sessionLastActiveTime => 0 (0分钟) 
12:30:14.934 [INFO ] SessionFilter - session初始化
12:30:14.934 [INFO ] SessionFilter - ------------------ Service  Log ------------------
12:30:14.934 [INFO ] ProjectInterceptor - preHandle
12:30:14.937 [INFO ] ProjectInterceptor - postHandle
12:30:14.937 [INFO ] ProjectInterceptor - afterCompletion
12:30:14.938 [INFO ] ProjectFilter - --------------  Request  Completed  --------------
12:30:14.940 [INFO ] ProjectInterceptor - postHandle
12:30:14.940 [INFO ] ProjectInterceptor - afterCompletion
12:30:14.940 [INFO ] ProjectFilter - --------------  Request  Completed  --------------
12:30:16.217 [WARN ] NetworkUtil - Get Location Exception
12:30:16.217 [INFO ] ProjectFilter - 网络信息：IP == > 61.152.208.164 (Unknown)
12:30:16.217 [INFO ] ProjectFilter - 设备信息：User-Agent == > Mozilla/5.0 (iPhone; CPU iPhone OS 16_0_3 like Mac OS X) AppleWebKit/605.1.15 (KHTML, like Gecko) Version/16.0 Mobile/15E148 Safari/604.1
12:30:16.217 [INFO ] SessionFilter - session userName => null , sessionExistTime => 0 (0分钟) , sessionLastActiveTime => 0 (0分钟) 
12:30:16.217 [INFO ] SessionFilter - session初始化
12:30:16.217 [INFO ] SessionFilter - ------------------ Service  Log ------------------
12:30:16.219 [INFO ] ProjectInterceptor - preHandle
12:30:16.234 [INFO ] ProjectInterceptor - postHandle
12:30:16.234 [INFO ] ProjectInterceptor - afterCompletion
12:30:16.234 [INFO ] ProjectFilter - --------------  Request  Completed  --------------
12:30:16.417 [INFO ] ProjectFilter - ■■■■■■■■■■■■■■■■■■■■■■■■■■■■■■■■■■■■■■■■■■■■■■■■■■
12:30:16.417 [INFO ] ProjectFilter - 请求拦截：URL == > /logo.png
12:30:19.642 [WARN ] NetworkUtil - Get Location Exception
12:30:19.642 [INFO ] ProjectFilter - 网络信息：IP == > 61.152.208.164 (Unknown)
12:30:19.642 [INFO ] ProjectFilter - 设备信息：User-Agent == > Mozilla/5.0 (iPhone; CPU iPhone OS 16_0_3 like Mac OS X) AppleWebKit/605.1.15 (KHTML, like Gecko) Version/16.0 Mobile/15E148 Safari/604.1
12:30:19.642 [INFO ] SessionFilter - session userName => null , sessionExistTime => 0 (0分钟) , sessionLastActiveTime => 0 (0分钟) 
12:30:19.642 [INFO ] SessionFilter - session初始化
12:30:19.642 [INFO ] SessionFilter - ------------------ Service  Log ------------------
12:30:19.643 [INFO ] ProjectInterceptor - preHandle
12:30:20.067 [INFO ] ProjectInterceptor - postHandle
12:30:20.067 [INFO ] ProjectInterceptor - afterCompletion
12:30:20.067 [INFO ] ProjectFilter - --------------  Request  Completed  --------------
12:33:39.537 [INFO ] Http11Processor - Error parsing HTTP request header
 Note: further occurrences of HTTP request parsing errors will be logged at DEBUG level.
java.lang.IllegalArgumentException: Invalid character found in method name [0x040x010x00P]0xab0xcey00x00...]. HTTP method names must be tokens
	at org.apache.coyote.http11.Http11InputBuffer.parseRequestLine(Http11InputBuffer.java:419)
	at org.apache.coyote.http11.Http11Processor.service(Http11Processor.java:271)
	at org.apache.coyote.AbstractProcessorLight.process(AbstractProcessorLight.java:65)
	at org.apache.coyote.AbstractProtocol$ConnectionHandler.process(AbstractProtocol.java:890)
	at org.apache.tomcat.util.net.NioEndpoint$SocketProcessor.doRun(NioEndpoint.java:1787)
	at org.apache.tomcat.util.net.SocketProcessorBase.run(SocketProcessorBase.java:49)
	at org.apache.tomcat.util.threads.ThreadPoolExecutor.runWorker(ThreadPoolExecutor.java:1191)
	at org.apache.tomcat.util.threads.ThreadPoolExecutor$Worker.run(ThreadPoolExecutor.java:659)
	at org.apache.tomcat.util.threads.TaskThread$WrappingRunnable.run(TaskThread.java:61)
	at java.lang.Thread.run(Thread.java:750)
12:33:44.599 [INFO ] ProjectFilter - ■■■■■■■■■■■■■■■■■■■■■■■■■■■■■■■■■■■■■■■■■■■■■■■■■■
12:33:44.599 [INFO ] ProjectFilter - 请求拦截：URL == > /ip.php
12:33:46.873 [WARN ] NetworkUtil - Get Location Exception
12:33:46.873 [INFO ] ProjectFilter - 网络信息：IP == > 90.151.171.108 (Unknown)
12:33:46.873 [INFO ] ProjectFilter - 设备信息：User-Agent == > Mozilla/5.0 (Windows NT 6.1; rv:16.0) Gecko/20100101 Firefox/16.0 (+https://best-proxies.ru/faq/#from)
12:33:46.874 [INFO ] SessionFilter - session userName => null , sessionExistTime => 1 (0分钟) , sessionLastActiveTime => 1 (0分钟) 
12:33:46.874 [INFO ] SessionFilter - session初始化
12:33:46.874 [INFO ] SessionFilter - ------------------ Service  Log ------------------
12:33:46.874 [INFO ] ProjectInterceptor - preHandle
12:33:46.875 [INFO ] ProjectInterceptor - postHandle
12:33:46.875 [INFO ] ProjectInterceptor - afterCompletion
12:33:46.875 [INFO ] ProjectFilter - --------------  Request  Completed  --------------
12:33:46.875 [INFO ] ProjectInterceptor - preHandle
12:33:46.876 [INFO ] ProjectInterceptor - postHandle
12:33:46.876 [INFO ] ProjectInterceptor - afterCompletion
12:35:50.667 [INFO ] InitUtil - ■■■■■■■■■■■■■■■■■■■■■■■■■■■■■■■■■■■■■■■■■■■■■■■■■■
12:35:50.667 [INFO ] InitUtil - -------- Ebai Cloud Service Is Running .. --------
12:35:53.685 [WARN ] NetworkUtil - Http Get Client Exception
12:35:56.695 [WARN ] NetworkUtil - Http Get Client Exception
12:35:59.700 [WARN ] NetworkUtil - Http Get Client Exception
12:36:02.715 [WARN ] NetworkUtil - Http Get Client Exception
12:36:05.823 [INFO ] InitUtil - => 本地IP地址: 116.237.65.54 => 累计运行时长: 82H51M23.263S
12:45:50.675 [INFO ] InitUtil - ■■■■■■■■■■■■■■■■■■■■■■■■■■■■■■■■■■■■■■■■■■■■■■■■■■
12:45:50.675 [INFO ] InitUtil - -------- Ebai Cloud Service Is Running .. --------
12:45:53.773 [INFO ] InitUtil - => 本地IP地址: 116.237.65.54 => 累计运行时长: 83H1M11.213S
12:55:50.677 [INFO ] InitUtil - ■■■■■■■■■■■■■■■■■■■■■■■■■■■■■■■■■■■■■■■■■■■■■■■■■■
12:55:50.677 [INFO ] InitUtil - -------- Ebai Cloud Service Is Running .. --------
12:55:53.773 [INFO ] InitUtil - => 本地IP地址: 116.237.65.54 => 累计运行时长: 83H11M11.213S
13:05:50.686 [INFO ] InitUtil - ■■■■■■■■■■■■■■■■■■■■■■■■■■■■■■■■■■■■■■■■■■■■■■■■■■
13:05:50.686 [INFO ] InitUtil - -------- Ebai Cloud Service Is Running .. --------
13:05:53.779 [INFO ] InitUtil - => 本地IP地址: 116.237.65.54 => 累计运行时长: 83H21M11.219S
13:15:50.695 [INFO ] InitUtil - ■■■■■■■■■■■■■■■■■■■■■■■■■■■■■■■■■■■■■■■■■■■■■■■■■■
13:15:50.695 [INFO ] InitUtil - -------- Ebai Cloud Service Is Running .. --------
13:15:53.709 [WARN ] NetworkUtil - Http Get Client Exception
13:15:56.722 [WARN ] NetworkUtil - Http Get Client Exception
13:15:59.728 [WARN ] NetworkUtil - Http Get Client Exception
13:16:02.739 [WARN ] NetworkUtil - Http Get Client Exception
13:16:05.877 [INFO ] InitUtil - => 本地IP地址: 116.237.65.54 => 累计运行时长: 83H31M23.317S
13:16:59.508 [INFO ] ProjectFilter - ■■■■■■■■■■■■■■■■■■■■■■■■■■■■■■■■■■■■■■■■■■■■■■■■■■
13:16:59.508 [INFO ] ProjectFilter - 请求拦截：URL == > /
13:18:01.027 [WARN ] NetworkUtil - Http Get Client Exception
13:18:03.412 [WARN ] NetworkUtil - Get Location Exception
13:18:03.412 [INFO ] ProjectFilter - 网络信息：IP == > 138.197.150.241 (Unknown)
13:18:03.412 [INFO ] ProjectFilter - 设备信息：User-Agent == > null
13:18:03.412 [INFO ] SessionFilter - session userName => null , sessionExistTime => 0 (0分钟) , sessionLastActiveTime => 0 (0分钟) 
13:18:03.412 [INFO ] SessionFilter - session初始化
13:18:03.412 [INFO ] SessionFilter - ------------------ Service  Log ------------------
13:18:03.414 [INFO ] ProjectInterceptor - preHandle
13:18:03.414 [INFO ] ProjectInterceptor - postHandle
13:18:03.415 [INFO ] ProjectInterceptor - preHandle
13:18:03.416 [INFO ] ProjectInterceptor - postHandle
13:18:03.416 [INFO ] ProjectInterceptor - afterCompletion
13:18:03.416 [INFO ] ProjectInterceptor - afterCompletion
13:18:03.416 [INFO ] ProjectFilter - --------------  Request  Completed  --------------
13:25:50.706 [INFO ] InitUtil - ■■■■■■■■■■■■■■■■■■■■■■■■■■■■■■■■■■■■■■■■■■■■■■■■■■
13:25:50.706 [INFO ] InitUtil - -------- Ebai Cloud Service Is Running .. --------
13:25:53.802 [INFO ] InitUtil - => 本地IP地址: 116.237.65.54 => 累计运行时长: 83H41M11.242S
13:35:50.718 [INFO ] InitUtil - ■■■■■■■■■■■■■■■■■■■■■■■■■■■■■■■■■■■■■■■■■■■■■■■■■■
13:35:50.718 [INFO ] InitUtil - -------- Ebai Cloud Service Is Running .. --------
13:35:53.807 [INFO ] InitUtil - => 本地IP地址: 116.237.65.54 => 累计运行时长: 83H51M11.247S
13:45:50.721 [INFO ] InitUtil - ■■■■■■■■■■■■■■■■■■■■■■■■■■■■■■■■■■■■■■■■■■■■■■■■■■
13:45:50.721 [INFO ] InitUtil - -------- Ebai Cloud Service Is Running .. --------
13:45:53.845 [INFO ] InitUtil - => 本地IP地址: 116.237.65.54 => 累计运行时长: 84H1M11.285S
13:55:50.732 [INFO ] InitUtil - ■■■■■■■■■■■■■■■■■■■■■■■■■■■■■■■■■■■■■■■■■■■■■■■■■■
13:55:50.732 [INFO ] InitUtil - -------- Ebai Cloud Service Is Running .. --------
13:55:53.825 [INFO ] InitUtil - => 本地IP地址: 116.237.65.54 => 累计运行时长: 84H11M11.265S
14:05:50.735 [INFO ] InitUtil - ■■■■■■■■■■■■■■■■■■■■■■■■■■■■■■■■■■■■■■■■■■■■■■■■■■
14:05:50.735 [INFO ] InitUtil - -------- Ebai Cloud Service Is Running .. --------
14:05:53.838 [INFO ] InitUtil - => 本地IP地址: 116.237.65.54 => 累计运行时长: 84H21M11.278S
14:15:50.736 [INFO ] InitUtil - ■■■■■■■■■■■■■■■■■■■■■■■■■■■■■■■■■■■■■■■■■■■■■■■■■■
14:15:50.736 [INFO ] InitUtil - -------- Ebai Cloud Service Is Running .. --------
14:15:53.836 [INFO ] InitUtil - => 本地IP地址: 116.237.65.54 => 累计运行时长: 84H31M11.276S
14:25:50.741 [INFO ] InitUtil - ■■■■■■■■■■■■■■■■■■■■■■■■■■■■■■■■■■■■■■■■■■■■■■■■■■
14:25:50.741 [INFO ] InitUtil - -------- Ebai Cloud Service Is Running .. --------
14:25:53.846 [INFO ] InitUtil - => 本地IP地址: 116.237.65.54 => 累计运行时长: 84H41M11.286S
14:35:50.749 [INFO ] InitUtil - ■■■■■■■■■■■■■■■■■■■■■■■■■■■■■■■■■■■■■■■■■■■■■■■■■■
14:35:50.749 [INFO ] InitUtil - -------- Ebai Cloud Service Is Running .. --------
14:35:53.830 [INFO ] InitUtil - => 本地IP地址: 116.237.65.54 => 累计运行时长: 84H51M11.27S
14:45:50.754 [INFO ] InitUtil - ■■■■■■■■■■■■■■■■■■■■■■■■■■■■■■■■■■■■■■■■■■■■■■■■■■
14:45:50.754 [INFO ] InitUtil - -------- Ebai Cloud Service Is Running .. --------
14:45:53.904 [INFO ] InitUtil - => 本地IP地址: 116.237.65.54 => 累计运行时长: 85H1M11.344S
14:55:50.758 [INFO ] InitUtil - ■■■■■■■■■■■■■■■■■■■■■■■■■■■■■■■■■■■■■■■■■■■■■■■■■■
14:55:50.758 [INFO ] InitUtil - -------- Ebai Cloud Service Is Running .. --------
14:55:53.852 [INFO ] InitUtil - => 本地IP地址: 116.237.65.54 => 累计运行时长: 85H11M11.292S
15:05:50.764 [INFO ] InitUtil - ■■■■■■■■■■■■■■■■■■■■■■■■■■■■■■■■■■■■■■■■■■■■■■■■■■
15:05:50.764 [INFO ] InitUtil - -------- Ebai Cloud Service Is Running .. --------
15:05:53.869 [INFO ] InitUtil - => 本地IP地址: 116.237.65.54 => 累计运行时长: 85H21M11.309S
15:15:50.766 [INFO ] InitUtil - ■■■■■■■■■■■■■■■■■■■■■■■■■■■■■■■■■■■■■■■■■■■■■■■■■■
15:15:50.766 [INFO ] InitUtil - -------- Ebai Cloud Service Is Running .. --------
15:15:53.869 [INFO ] InitUtil - => 本地IP地址: 116.237.65.54 => 累计运行时长: 85H31M11.309S
15:25:50.773 [INFO ] InitUtil - ■■■■■■■■■■■■■■■■■■■■■■■■■■■■■■■■■■■■■■■■■■■■■■■■■■
15:25:50.773 [INFO ] InitUtil - -------- Ebai Cloud Service Is Running .. --------
15:25:53.794 [WARN ] NetworkUtil - Http Get Client Exception
15:25:56.803 [WARN ] NetworkUtil - Http Get Client Exception
15:25:59.818 [WARN ] NetworkUtil - Http Get Client Exception
15:26:02.824 [WARN ] NetworkUtil - Http Get Client Exception
15:26:05.934 [INFO ] InitUtil - => 本地IP地址: 116.237.65.54 => 累计运行时长: 85H41M23.374S
15:35:50.780 [INFO ] InitUtil - ■■■■■■■■■■■■■■■■■■■■■■■■■■■■■■■■■■■■■■■■■■■■■■■■■■
15:35:50.780 [INFO ] InitUtil - -------- Ebai Cloud Service Is Running .. --------
15:35:53.878 [INFO ] InitUtil - => 本地IP地址: 116.237.65.54 => 累计运行时长: 85H51M11.318S
15:45:50.792 [INFO ] InitUtil - ■■■■■■■■■■■■■■■■■■■■■■■■■■■■■■■■■■■■■■■■■■■■■■■■■■
15:45:50.792 [INFO ] InitUtil - -------- Ebai Cloud Service Is Running .. --------
15:45:53.909 [INFO ] InitUtil - => 本地IP地址: 116.237.65.54 => 累计运行时长: 86H1M11.349S
15:55:50.800 [INFO ] InitUtil - ■■■■■■■■■■■■■■■■■■■■■■■■■■■■■■■■■■■■■■■■■■■■■■■■■■
15:55:50.800 [INFO ] InitUtil - -------- Ebai Cloud Service Is Running .. --------
15:55:53.822 [WARN ] NetworkUtil - Http Get Client Exception
15:55:56.831 [WARN ] NetworkUtil - Http Get Client Exception
15:55:59.839 [WARN ] NetworkUtil - Http Get Client Exception
15:56:02.849 [WARN ] NetworkUtil - Http Get Client Exception
15:56:05.974 [INFO ] InitUtil - => 本地IP地址: 116.237.65.54 => 累计运行时长: 86H11M23.413S
16:05:50.803 [INFO ] InitUtil - ■■■■■■■■■■■■■■■■■■■■■■■■■■■■■■■■■■■■■■■■■■■■■■■■■■
16:05:50.803 [INFO ] InitUtil - -------- Ebai Cloud Service Is Running .. --------
16:05:53.974 [INFO ] InitUtil - => 本地IP地址: 116.237.65.54 => 累计运行时长: 86H21M11.414S
16:13:59.851 [INFO ] ProjectFilter - ■■■■■■■■■■■■■■■■■■■■■■■■■■■■■■■■■■■■■■■■■■■■■■■■■■
16:13:59.851 [INFO ] ProjectFilter - 请求拦截：URL == > /
16:14:02.106 [WARN ] NetworkUtil - Get Location Exception
16:14:02.106 [INFO ] ProjectFilter - 网络信息：IP == > 90.151.171.106 (Unknown)
16:14:02.106 [INFO ] ProjectFilter - 设备信息：User-Agent == > Mozilla/5.0 (Windows NT 6.1; rv:16.0) Gecko/20100101 Firefox/16.0 (+https://best-proxies.ru/faq/#from)
16:14:02.106 [INFO ] SessionFilter - session userName => null , sessionExistTime => 0 (0分钟) , sessionLastActiveTime => 0 (0分钟) 
16:14:02.106 [INFO ] SessionFilter - session初始化
16:14:02.106 [INFO ] SessionFilter - ------------------ Service  Log ------------------
16:14:02.107 [INFO ] ProjectInterceptor - preHandle
16:14:02.107 [INFO ] ProjectInterceptor - postHandle
16:14:02.107 [INFO ] ProjectInterceptor - preHandle
16:14:02.112 [INFO ] ProjectInterceptor - postHandle
16:14:02.112 [INFO ] ProjectInterceptor - afterCompletion
16:14:02.112 [INFO ] ProjectInterceptor - afterCompletion
16:14:02.112 [INFO ] ProjectFilter - --------------  Request  Completed  --------------
16:15:50.816 [INFO ] InitUtil - ■■■■■■■■■■■■■■■■■■■■■■■■■■■■■■■■■■■■■■■■■■■■■■■■■■
16:15:50.816 [INFO ] InitUtil - -------- Ebai Cloud Service Is Running .. --------
16:15:53.927 [INFO ] InitUtil - => 本地IP地址: 116.237.65.54 => 累计运行时长: 86H31M11.367S
16:25:50.828 [INFO ] InitUtil - ■■■■■■■■■■■■■■■■■■■■■■■■■■■■■■■■■■■■■■■■■■■■■■■■■■
16:25:50.828 [INFO ] InitUtil - -------- Ebai Cloud Service Is Running .. --------
16:25:53.836 [WARN ] NetworkUtil - Http Get Client Exception
16:25:56.836 [WARN ] NetworkUtil - Http Get Client Exception
16:25:59.849 [WARN ] NetworkUtil - Http Get Client Exception
16:26:02.858 [WARN ] NetworkUtil - Http Get Client Exception
16:26:05.976 [INFO ] InitUtil - => 本地IP地址: 116.237.65.54 => 累计运行时长: 86H41M23.416S
16:35:50.841 [INFO ] InitUtil - ■■■■■■■■■■■■■■■■■■■■■■■■■■■■■■■■■■■■■■■■■■■■■■■■■■
16:35:50.841 [INFO ] InitUtil - -------- Ebai Cloud Service Is Running .. --------
16:35:53.998 [INFO ] InitUtil - => 本地IP地址: 116.237.65.54 => 累计运行时长: 86H51M11.438S
16:45:50.849 [INFO ] InitUtil - ■■■■■■■■■■■■■■■■■■■■■■■■■■■■■■■■■■■■■■■■■■■■■■■■■■
16:45:50.849 [INFO ] InitUtil - -------- Ebai Cloud Service Is Running .. --------
16:45:53.868 [WARN ] NetworkUtil - Http Get Client Exception
16:45:56.874 [WARN ] NetworkUtil - Http Get Client Exception
16:45:59.887 [WARN ] NetworkUtil - Http Get Client Exception
16:46:02.897 [WARN ] NetworkUtil - Http Get Client Exception
16:46:06.089 [INFO ] InitUtil - => 本地IP地址: 116.237.65.54 => 累计运行时长: 87H1M23.529S
16:55:50.852 [INFO ] InitUtil - ■■■■■■■■■■■■■■■■■■■■■■■■■■■■■■■■■■■■■■■■■■■■■■■■■■
16:55:50.852 [INFO ] InitUtil - -------- Ebai Cloud Service Is Running .. --------
16:55:53.983 [INFO ] InitUtil - => 本地IP地址: 116.237.65.54 => 累计运行时长: 87H11M11.423S
17:05:50.858 [INFO ] InitUtil - ■■■■■■■■■■■■■■■■■■■■■■■■■■■■■■■■■■■■■■■■■■■■■■■■■■
17:05:50.858 [INFO ] InitUtil - -------- Ebai Cloud Service Is Running .. --------
17:05:53.960 [INFO ] InitUtil - => 本地IP地址: 116.237.65.54 => 累计运行时长: 87H21M11.4S
17:15:50.864 [INFO ] InitUtil - ■■■■■■■■■■■■■■■■■■■■■■■■■■■■■■■■■■■■■■■■■■■■■■■■■■
17:15:50.864 [INFO ] InitUtil - -------- Ebai Cloud Service Is Running .. --------
17:15:53.968 [INFO ] InitUtil - => 本地IP地址: 116.237.65.54 => 累计运行时长: 87H31M11.408S
17:25:50.870 [INFO ] InitUtil - ■■■■■■■■■■■■■■■■■■■■■■■■■■■■■■■■■■■■■■■■■■■■■■■■■■
17:25:50.870 [INFO ] InitUtil - -------- Ebai Cloud Service Is Running .. --------
17:25:53.951 [INFO ] InitUtil - => 本地IP地址: 116.237.65.54 => 累计运行时长: 87H41M11.391S
17:35:50.875 [INFO ] InitUtil - ■■■■■■■■■■■■■■■■■■■■■■■■■■■■■■■■■■■■■■■■■■■■■■■■■■
17:35:50.875 [INFO ] InitUtil - -------- Ebai Cloud Service Is Running .. --------
17:35:53.975 [INFO ] InitUtil - => 本地IP地址: 116.237.65.54 => 累计运行时长: 87H51M11.415S
17:45:50.884 [INFO ] InitUtil - ■■■■■■■■■■■■■■■■■■■■■■■■■■■■■■■■■■■■■■■■■■■■■■■■■■
17:45:50.884 [INFO ] InitUtil - -------- Ebai Cloud Service Is Running .. --------
17:45:54.009 [INFO ] InitUtil - => 本地IP地址: 116.237.65.54 => 累计运行时长: 88H1M11.449S
17:55:50.890 [INFO ] InitUtil - ■■■■■■■■■■■■■■■■■■■■■■■■■■■■■■■■■■■■■■■■■■■■■■■■■■
17:55:50.890 [INFO ] InitUtil - -------- Ebai Cloud Service Is Running .. --------
17:55:53.986 [INFO ] InitUtil - => 本地IP地址: 116.237.65.54 => 累计运行时长: 88H11M11.426S
18:05:50.898 [INFO ] InitUtil - ■■■■■■■■■■■■■■■■■■■■■■■■■■■■■■■■■■■■■■■■■■■■■■■■■■
18:05:50.898 [INFO ] InitUtil - -------- Ebai Cloud Service Is Running .. --------
18:05:53.913 [WARN ] NetworkUtil - Http Get Client Exception
18:05:56.927 [WARN ] NetworkUtil - Http Get Client Exception
18:05:59.942 [WARN ] NetworkUtil - Http Get Client Exception
18:06:02.942 [WARN ] NetworkUtil - Http Get Client Exception
18:06:06.065 [INFO ] InitUtil - => 本地IP地址: 116.237.65.54 => 累计运行时长: 88H21M23.505S
18:15:50.903 [INFO ] InitUtil - ■■■■■■■■■■■■■■■■■■■■■■■■■■■■■■■■■■■■■■■■■■■■■■■■■■
18:15:50.903 [INFO ] InitUtil - -------- Ebai Cloud Service Is Running .. --------
18:15:54.008 [INFO ] InitUtil - => 本地IP地址: 116.237.65.54 => 累计运行时长: 88H31M11.448S
18:25:50.911 [INFO ] InitUtil - ■■■■■■■■■■■■■■■■■■■■■■■■■■■■■■■■■■■■■■■■■■■■■■■■■■
18:25:50.911 [INFO ] InitUtil - -------- Ebai Cloud Service Is Running .. --------
18:25:54.020 [INFO ] InitUtil - => 本地IP地址: 116.237.65.54 => 累计运行时长: 88H41M11.46S
18:35:50.922 [INFO ] InitUtil - ■■■■■■■■■■■■■■■■■■■■■■■■■■■■■■■■■■■■■■■■■■■■■■■■■■
18:35:50.922 [INFO ] InitUtil - -------- Ebai Cloud Service Is Running .. --------
18:35:54.037 [INFO ] InitUtil - => 本地IP地址: 116.237.65.54 => 累计运行时长: 88H51M11.477S
18:45:50.927 [INFO ] InitUtil - ■■■■■■■■■■■■■■■■■■■■■■■■■■■■■■■■■■■■■■■■■■■■■■■■■■
18:45:50.927 [INFO ] InitUtil - -------- Ebai Cloud Service Is Running .. --------
18:45:54.023 [INFO ] InitUtil - => 本地IP地址: 116.237.65.54 => 累计运行时长: 89H1M11.463S
18:55:50.928 [INFO ] InitUtil - ■■■■■■■■■■■■■■■■■■■■■■■■■■■■■■■■■■■■■■■■■■■■■■■■■■
18:55:50.928 [INFO ] InitUtil - -------- Ebai Cloud Service Is Running .. --------
18:55:54.010 [INFO ] InitUtil - => 本地IP地址: 116.237.65.54 => 累计运行时长: 89H11M11.45S
19:05:50.938 [INFO ] InitUtil - ■■■■■■■■■■■■■■■■■■■■■■■■■■■■■■■■■■■■■■■■■■■■■■■■■■
19:05:50.938 [INFO ] InitUtil - -------- Ebai Cloud Service Is Running .. --------
19:05:54.052 [INFO ] InitUtil - => 本地IP地址: 116.237.65.54 => 累计运行时长: 89H21M11.492S
19:15:50.948 [INFO ] InitUtil - ■■■■■■■■■■■■■■■■■■■■■■■■■■■■■■■■■■■■■■■■■■■■■■■■■■
19:15:50.948 [INFO ] InitUtil - -------- Ebai Cloud Service Is Running .. --------
19:15:54.074 [INFO ] InitUtil - => 本地IP地址: 116.237.65.54 => 累计运行时长: 89H31M11.514S
19:25:50.955 [INFO ] InitUtil - ■■■■■■■■■■■■■■■■■■■■■■■■■■■■■■■■■■■■■■■■■■■■■■■■■■
19:25:50.955 [INFO ] InitUtil - -------- Ebai Cloud Service Is Running .. --------
19:25:54.059 [INFO ] InitUtil - => 本地IP地址: 116.237.65.54 => 累计运行时长: 89H41M11.499S
19:35:50.969 [INFO ] InitUtil - ■■■■■■■■■■■■■■■■■■■■■■■■■■■■■■■■■■■■■■■■■■■■■■■■■■
19:35:50.969 [INFO ] InitUtil - -------- Ebai Cloud Service Is Running .. --------
19:35:54.091 [INFO ] InitUtil - => 本地IP地址: 116.237.65.54 => 累计运行时长: 89H51M11.531S
19:45:50.973 [INFO ] InitUtil - ■■■■■■■■■■■■■■■■■■■■■■■■■■■■■■■■■■■■■■■■■■■■■■■■■■
19:45:50.973 [INFO ] InitUtil - -------- Ebai Cloud Service Is Running .. --------
19:45:54.139 [INFO ] InitUtil - => 本地IP地址: 116.237.65.54 => 累计运行时长: 90H1M11.579S
19:55:50.981 [INFO ] InitUtil - ■■■■■■■■■■■■■■■■■■■■■■■■■■■■■■■■■■■■■■■■■■■■■■■■■■
19:55:50.981 [INFO ] InitUtil - -------- Ebai Cloud Service Is Running .. --------
19:55:53.994 [WARN ] NetworkUtil - Http Get Client Exception
19:55:57.003 [WARN ] NetworkUtil - Http Get Client Exception
19:56:00.005 [WARN ] NetworkUtil - Http Get Client Exception
19:56:03.009 [WARN ] NetworkUtil - Http Get Client Exception
19:56:06.126 [INFO ] InitUtil - => 本地IP地址: 116.237.65.54 => 累计运行时长: 90H11M23.566S
20:05:50.982 [INFO ] InitUtil - ■■■■■■■■■■■■■■■■■■■■■■■■■■■■■■■■■■■■■■■■■■■■■■■■■■
20:05:50.982 [INFO ] InitUtil - -------- Ebai Cloud Service Is Running .. --------
20:05:54.137 [INFO ] InitUtil - => 本地IP地址: 116.237.65.54 => 累计运行时长: 90H21M11.577S
20:15:50.994 [INFO ] InitUtil - ■■■■■■■■■■■■■■■■■■■■■■■■■■■■■■■■■■■■■■■■■■■■■■■■■■
20:15:50.994 [INFO ] InitUtil - -------- Ebai Cloud Service Is Running .. --------
20:15:54.142 [INFO ] InitUtil - => 本地IP地址: 116.237.65.54 => 累计运行时长: 90H31M11.582S
20:25:51.008 [INFO ] InitUtil - ■■■■■■■■■■■■■■■■■■■■■■■■■■■■■■■■■■■■■■■■■■■■■■■■■■
20:25:51.008 [INFO ] InitUtil - -------- Ebai Cloud Service Is Running .. --------
20:25:54.161 [INFO ] InitUtil - => 本地IP地址: 116.237.65.54 => 累计运行时长: 90H41M11.6S
20:35:51.023 [INFO ] InitUtil - ■■■■■■■■■■■■■■■■■■■■■■■■■■■■■■■■■■■■■■■■■■■■■■■■■■
20:35:51.023 [INFO ] InitUtil - -------- Ebai Cloud Service Is Running .. --------
20:35:54.196 [INFO ] InitUtil - => 本地IP地址: 116.237.65.54 => 累计运行时长: 90H51M11.636S
20:45:51.028 [INFO ] InitUtil - ■■■■■■■■■■■■■■■■■■■■■■■■■■■■■■■■■■■■■■■■■■■■■■■■■■
20:45:51.028 [INFO ] InitUtil - -------- Ebai Cloud Service Is Running .. --------
20:45:54.050 [WARN ] NetworkUtil - Http Get Client Exception
20:45:57.057 [WARN ] NetworkUtil - Http Get Client Exception
20:46:00.064 [WARN ] NetworkUtil - Http Get Client Exception
20:46:03.077 [WARN ] NetworkUtil - Http Get Client Exception
20:46:06.196 [INFO ] InitUtil - => 本地IP地址: 116.237.65.54 => 累计运行时长: 91H1M23.636S
20:54:29.510 [INFO ] ProjectFilter - ■■■■■■■■■■■■■■■■■■■■■■■■■■■■■■■■■■■■■■■■■■■■■■■■■■
20:54:29.510 [INFO ] ProjectFilter - 请求拦截：URL == > /
20:54:31.768 [WARN ] NetworkUtil - Get Location Exception
20:54:31.768 [INFO ] ProjectFilter - 网络信息：IP == > 90.151.171.108 (Unknown)
20:54:31.768 [INFO ] ProjectFilter - 设备信息：User-Agent == > Mozilla/5.0 (Windows NT 6.1; rv:16.0) Gecko/20100101 Firefox/16.0 (+https://best-proxies.ru/faq/#from)
20:54:31.768 [INFO ] SessionFilter - session userName => null , sessionExistTime => 0 (0分钟) , sessionLastActiveTime => 0 (0分钟) 
20:54:31.768 [INFO ] SessionFilter - session初始化
20:54:31.768 [INFO ] SessionFilter - ------------------ Service  Log ------------------
20:54:31.768 [INFO ] ProjectInterceptor - preHandle
20:54:31.768 [INFO ] ProjectInterceptor - postHandle
20:54:31.769 [INFO ] ProjectInterceptor - preHandle
20:54:31.769 [INFO ] ProjectInterceptor - postHandle
20:54:31.769 [INFO ] ProjectInterceptor - afterCompletion
20:54:31.769 [INFO ] ProjectInterceptor - afterCompletion
20:54:31.769 [INFO ] ProjectFilter - --------------  Request  Completed  --------------
20:55:51.030 [INFO ] InitUtil - ■■■■■■■■■■■■■■■■■■■■■■■■■■■■■■■■■■■■■■■■■■■■■■■■■■
20:55:51.030 [INFO ] InitUtil - -------- Ebai Cloud Service Is Running .. --------
20:55:54.129 [INFO ] InitUtil - => 本地IP地址: 116.237.65.54 => 累计运行时长: 91H11M11.569S
21:05:51.033 [INFO ] InitUtil - ■■■■■■■■■■■■■■■■■■■■■■■■■■■■■■■■■■■■■■■■■■■■■■■■■■
21:05:51.033 [INFO ] InitUtil - -------- Ebai Cloud Service Is Running .. --------
21:05:54.039 [WARN ] NetworkUtil - Http Get Client Exception
21:05:57.053 [WARN ] NetworkUtil - Http Get Client Exception
21:06:00.061 [WARN ] NetworkUtil - Http Get Client Exception
21:06:03.066 [WARN ] NetworkUtil - Http Get Client Exception
21:06:06.356 [INFO ] InitUtil - => 本地IP地址: 116.237.65.54 => 累计运行时长: 91H21M23.796S
21:15:51.048 [INFO ] InitUtil - ■■■■■■■■■■■■■■■■■■■■■■■■■■■■■■■■■■■■■■■■■■■■■■■■■■
21:15:51.048 [INFO ] InitUtil - -------- Ebai Cloud Service Is Running .. --------
21:15:54.055 [WARN ] NetworkUtil - Http Get Client Exception
21:15:57.069 [WARN ] NetworkUtil - Http Get Client Exception
21:16:00.082 [WARN ] NetworkUtil - Http Get Client Exception
21:16:03.084 [WARN ] NetworkUtil - Http Get Client Exception
21:16:06.315 [INFO ] InitUtil - => 本地IP地址: 116.237.65.54 => 累计运行时长: 91H31M23.755S
21:22:23.920 [INFO ] ProjectFilter - ■■■■■■■■■■■■■■■■■■■■■■■■■■■■■■■■■■■■■■■■■■■■■■■■■■
21:22:23.920 [INFO ] ProjectFilter - 请求拦截：URL == > /echo.php
21:22:26.052 [WARN ] NetworkUtil - Get Location Exception
21:22:26.052 [INFO ] ProjectFilter - 网络信息：IP == > 103.203.57.26 (Unknown)
21:22:26.052 [INFO ] ProjectFilter - 设备信息：User-Agent == > Mozilla/5.0 (Windows NT 10.0; WOW64)
21:22:26.052 [INFO ] SessionFilter - session userName => null , sessionExistTime => 0 (0分钟) , sessionLastActiveTime => 0 (0分钟) 
21:22:26.052 [INFO ] SessionFilter - session初始化
21:22:26.052 [INFO ] SessionFilter - ------------------ Service  Log ------------------
21:22:26.053 [INFO ] ProjectInterceptor - preHandle
21:22:26.053 [INFO ] ProjectInterceptor - postHandle
21:22:26.053 [INFO ] ProjectInterceptor - afterCompletion
21:22:26.053 [INFO ] ProjectFilter - --------------  Request  Completed  --------------
21:22:26.054 [INFO ] ProjectInterceptor - preHandle
21:22:26.054 [INFO ] ProjectInterceptor - postHandle
21:22:26.054 [INFO ] ProjectInterceptor - afterCompletion
21:25:51.058 [INFO ] InitUtil - ■■■■■■■■■■■■■■■■■■■■■■■■■■■■■■■■■■■■■■■■■■■■■■■■■■
21:25:51.058 [INFO ] InitUtil - -------- Ebai Cloud Service Is Running .. --------
21:25:54.155 [INFO ] InitUtil - => 本地IP地址: 116.237.65.54 => 累计运行时长: 91H41M11.595S
21:35:51.064 [INFO ] InitUtil - ■■■■■■■■■■■■■■■■■■■■■■■■■■■■■■■■■■■■■■■■■■■■■■■■■■
21:35:51.064 [INFO ] InitUtil - -------- Ebai Cloud Service Is Running .. --------
21:35:54.173 [INFO ] InitUtil - => 本地IP地址: 116.237.65.54 => 累计运行时长: 91H51M11.613S
21:45:51.076 [INFO ] InitUtil - ■■■■■■■■■■■■■■■■■■■■■■■■■■■■■■■■■■■■■■■■■■■■■■■■■■
21:45:51.076 [INFO ] InitUtil - -------- Ebai Cloud Service Is Running .. --------
21:45:54.211 [INFO ] InitUtil - => 本地IP地址: 116.237.65.54 => 累计运行时长: 92H1M11.651S
21:55:51.091 [INFO ] InitUtil - ■■■■■■■■■■■■■■■■■■■■■■■■■■■■■■■■■■■■■■■■■■■■■■■■■■
21:55:51.091 [INFO ] InitUtil - -------- Ebai Cloud Service Is Running .. --------
21:55:54.341 [INFO ] InitUtil - => 本地IP地址: 116.237.65.54 => 累计运行时长: 92H11M11.781S
22:05:51.102 [INFO ] InitUtil - ■■■■■■■■■■■■■■■■■■■■■■■■■■■■■■■■■■■■■■■■■■■■■■■■■■
22:05:51.102 [INFO ] InitUtil - -------- Ebai Cloud Service Is Running .. --------
22:05:54.209 [INFO ] InitUtil - => 本地IP地址: 116.237.65.54 => 累计运行时长: 92H21M11.649S
22:15:51.108 [INFO ] InitUtil - ■■■■■■■■■■■■■■■■■■■■■■■■■■■■■■■■■■■■■■■■■■■■■■■■■■
22:15:51.108 [INFO ] InitUtil - -------- Ebai Cloud Service Is Running .. --------
22:15:54.275 [INFO ] InitUtil - => 本地IP地址: 116.237.65.54 => 累计运行时长: 92H31M11.715S
22:25:51.114 [INFO ] InitUtil - ■■■■■■■■■■■■■■■■■■■■■■■■■■■■■■■■■■■■■■■■■■■■■■■■■■
22:25:51.114 [INFO ] InitUtil - -------- Ebai Cloud Service Is Running .. --------
22:25:54.201 [INFO ] InitUtil - => 本地IP地址: 116.237.65.54 => 累计运行时长: 92H41M11.641S
22:35:51.118 [INFO ] InitUtil - ■■■■■■■■■■■■■■■■■■■■■■■■■■■■■■■■■■■■■■■■■■■■■■■■■■
22:35:51.118 [INFO ] InitUtil - -------- Ebai Cloud Service Is Running .. --------
22:35:54.207 [INFO ] InitUtil - => 本地IP地址: 116.237.65.54 => 累计运行时长: 92H51M11.647S
22:45:51.132 [INFO ] InitUtil - ■■■■■■■■■■■■■■■■■■■■■■■■■■■■■■■■■■■■■■■■■■■■■■■■■■
22:45:51.132 [INFO ] InitUtil - -------- Ebai Cloud Service Is Running .. --------
22:45:54.241 [INFO ] InitUtil - => 本地IP地址: 116.237.65.54 => 累计运行时长: 93H1M11.681S
22:55:51.133 [INFO ] InitUtil - ■■■■■■■■■■■■■■■■■■■■■■■■■■■■■■■■■■■■■■■■■■■■■■■■■■
22:55:51.133 [INFO ] InitUtil - -------- Ebai Cloud Service Is Running .. --------
22:55:54.247 [INFO ] InitUtil - => 本地IP地址: 116.237.65.54 => 累计运行时长: 93H11M11.687S
23:05:51.136 [INFO ] InitUtil - ■■■■■■■■■■■■■■■■■■■■■■■■■■■■■■■■■■■■■■■■■■■■■■■■■■
23:05:51.136 [INFO ] InitUtil - -------- Ebai Cloud Service Is Running .. --------
23:05:54.260 [INFO ] InitUtil - => 本地IP地址: 116.237.65.54 => 累计运行时长: 93H21M11.7S
23:15:51.151 [INFO ] InitUtil - ■■■■■■■■■■■■■■■■■■■■■■■■■■■■■■■■■■■■■■■■■■■■■■■■■■
23:15:51.151 [INFO ] InitUtil - -------- Ebai Cloud Service Is Running .. --------
23:15:54.233 [INFO ] InitUtil - => 本地IP地址: 116.237.65.54 => 累计运行时长: 93H31M11.673S
23:25:51.154 [INFO ] InitUtil - ■■■■■■■■■■■■■■■■■■■■■■■■■■■■■■■■■■■■■■■■■■■■■■■■■■
23:25:51.154 [INFO ] InitUtil - -------- Ebai Cloud Service Is Running .. --------
23:25:54.258 [INFO ] InitUtil - => 本地IP地址: 116.237.65.54 => 累计运行时长: 93H41M11.698S
23:35:51.158 [INFO ] InitUtil - ■■■■■■■■■■■■■■■■■■■■■■■■■■■■■■■■■■■■■■■■■■■■■■■■■■
23:35:51.158 [INFO ] InitUtil - -------- Ebai Cloud Service Is Running .. --------
23:35:54.178 [WARN ] NetworkUtil - Http Get Client Exception
23:35:57.192 [WARN ] NetworkUtil - Http Get Client Exception
23:36:00.195 [WARN ] NetworkUtil - Http Get Client Exception
23:36:03.198 [WARN ] NetworkUtil - Http Get Client Exception
23:36:06.299 [INFO ] InitUtil - => 本地IP地址: 116.237.65.54 => 累计运行时长: 93H51M23.739S
23:45:51.167 [INFO ] InitUtil - ■■■■■■■■■■■■■■■■■■■■■■■■■■■■■■■■■■■■■■■■■■■■■■■■■■
23:45:51.167 [INFO ] InitUtil - -------- Ebai Cloud Service Is Running .. --------
23:45:54.273 [INFO ] InitUtil - => 本地IP地址: 116.237.65.54 => 累计运行时长: 94H1M11.713S
23:55:51.170 [INFO ] InitUtil - ■■■■■■■■■■■■■■■■■■■■■■■■■■■■■■■■■■■■■■■■■■■■■■■■■■
23:55:51.170 [INFO ] InitUtil - -------- Ebai Cloud Service Is Running .. --------
23:55:54.287 [INFO ] InitUtil - => 本地IP地址: 116.237.65.54 => 累计运行时长: 94H11M11.727S
