00:06:10.292 [INFO ] InitUtil - ■■■■■■■■■■■■■■■■■■■■■■■■■■■■■■■■■■■■■■■■■■■■■■■■■■
00:06:10.295 [INFO ] InitUtil - -------- Ebai Cloud Service Is Running .. --------
00:06:13.403 [INFO ] InitUtil - => 本地IP地址: 61.173.79.220 => 累计运行时长: 7H11M6.308S
00:16:10.298 [INFO ] InitUtil - ■■■■■■■■■■■■■■■■■■■■■■■■■■■■■■■■■■■■■■■■■■■■■■■■■■
00:16:10.298 [INFO ] InitUtil - -------- Ebai Cloud Service Is Running .. --------
00:16:13.406 [INFO ] InitUtil - => 本地IP地址: 61.173.79.220 => 累计运行时长: 7H21M6.312S
00:26:10.306 [INFO ] InitUtil - ■■■■■■■■■■■■■■■■■■■■■■■■■■■■■■■■■■■■■■■■■■■■■■■■■■
00:26:10.306 [INFO ] InitUtil - -------- Ebai Cloud Service Is Running .. --------
00:26:13.410 [INFO ] InitUtil - => 本地IP地址: 61.173.79.220 => 累计运行时长: 7H31M6.316S
00:36:10.318 [INFO ] InitUtil - ■■■■■■■■■■■■■■■■■■■■■■■■■■■■■■■■■■■■■■■■■■■■■■■■■■
00:36:10.318 [INFO ] InitUtil - -------- Ebai Cloud Service Is Running .. --------
00:36:13.429 [INFO ] InitUtil - => 本地IP地址: 61.173.79.220 => 累计运行时长: 7H41M6.335S
00:46:10.329 [INFO ] InitUtil - ■■■■■■■■■■■■■■■■■■■■■■■■■■■■■■■■■■■■■■■■■■■■■■■■■■
00:46:10.329 [INFO ] InitUtil - -------- Ebai Cloud Service Is Running .. --------
00:46:13.455 [INFO ] InitUtil - => 本地IP地址: 61.173.79.220 => 累计运行时长: 7H51M6.361S
00:56:10.334 [INFO ] InitUtil - ■■■■■■■■■■■■■■■■■■■■■■■■■■■■■■■■■■■■■■■■■■■■■■■■■■
00:56:10.334 [INFO ] InitUtil - -------- Ebai Cloud Service Is Running .. --------
00:56:13.436 [INFO ] InitUtil - => 本地IP地址: 61.173.79.220 => 累计运行时长: 8H1M6.342S
01:06:10.341 [INFO ] InitUtil - ■■■■■■■■■■■■■■■■■■■■■■■■■■■■■■■■■■■■■■■■■■■■■■■■■■
01:06:10.341 [INFO ] InitUtil - -------- Ebai Cloud Service Is Running .. --------
01:06:13.439 [INFO ] InitUtil - => 本地IP地址: 61.173.79.220 => 累计运行时长: 8H11M6.345S
01:16:10.348 [INFO ] InitUtil - ■■■■■■■■■■■■■■■■■■■■■■■■■■■■■■■■■■■■■■■■■■■■■■■■■■
01:16:10.348 [INFO ] InitUtil - -------- Ebai Cloud Service Is Running .. --------
01:16:13.461 [INFO ] InitUtil - => 本地IP地址: 61.173.79.220 => 累计运行时长: 8H21M6.367S
01:26:10.360 [INFO ] InitUtil - ■■■■■■■■■■■■■■■■■■■■■■■■■■■■■■■■■■■■■■■■■■■■■■■■■■
01:26:10.360 [INFO ] InitUtil - -------- Ebai Cloud Service Is Running .. --------
01:26:13.472 [INFO ] InitUtil - => 本地IP地址: 61.173.79.220 => 累计运行时长: 8H31M6.378S
01:36:10.367 [INFO ] InitUtil - ■■■■■■■■■■■■■■■■■■■■■■■■■■■■■■■■■■■■■■■■■■■■■■■■■■
01:36:10.367 [INFO ] InitUtil - -------- Ebai Cloud Service Is Running .. --------
01:36:13.554 [INFO ] InitUtil - => 本地IP地址: 61.173.79.220 => 累计运行时长: 8H41M6.46S
01:46:10.378 [INFO ] InitUtil - ■■■■■■■■■■■■■■■■■■■■■■■■■■■■■■■■■■■■■■■■■■■■■■■■■■
01:46:10.378 [INFO ] InitUtil - -------- Ebai Cloud Service Is Running .. --------
01:46:13.484 [INFO ] InitUtil - => 本地IP地址: 61.173.79.220 => 累计运行时长: 8H51M6.39S
01:56:10.386 [INFO ] InitUtil - ■■■■■■■■■■■■■■■■■■■■■■■■■■■■■■■■■■■■■■■■■■■■■■■■■■
01:56:10.386 [INFO ] InitUtil - -------- Ebai Cloud Service Is Running .. --------
01:56:13.493 [INFO ] InitUtil - => 本地IP地址: 61.173.79.220 => 累计运行时长: 9H1M6.399S
02:06:10.390 [INFO ] InitUtil - ■■■■■■■■■■■■■■■■■■■■■■■■■■■■■■■■■■■■■■■■■■■■■■■■■■
02:06:10.390 [INFO ] InitUtil - -------- Ebai Cloud Service Is Running .. --------
02:06:13.507 [INFO ] InitUtil - => 本地IP地址: 61.173.79.220 => 累计运行时长: 9H11M6.412S
02:16:10.393 [INFO ] InitUtil - ■■■■■■■■■■■■■■■■■■■■■■■■■■■■■■■■■■■■■■■■■■■■■■■■■■
02:16:10.393 [INFO ] InitUtil - -------- Ebai Cloud Service Is Running .. --------
02:16:13.506 [INFO ] InitUtil - => 本地IP地址: 61.173.79.220 => 累计运行时长: 9H21M6.412S
02:26:10.403 [INFO ] InitUtil - ■■■■■■■■■■■■■■■■■■■■■■■■■■■■■■■■■■■■■■■■■■■■■■■■■■
02:26:10.403 [INFO ] InitUtil - -------- Ebai Cloud Service Is Running .. --------
02:26:13.512 [INFO ] InitUtil - => 本地IP地址: 61.173.79.220 => 累计运行时长: 9H31M6.418S
02:36:10.405 [INFO ] InitUtil - ■■■■■■■■■■■■■■■■■■■■■■■■■■■■■■■■■■■■■■■■■■■■■■■■■■
02:36:10.405 [INFO ] InitUtil - -------- Ebai Cloud Service Is Running .. --------
02:36:13.529 [INFO ] InitUtil - => 本地IP地址: 61.173.79.220 => 累计运行时长: 9H41M6.435S
02:46:10.415 [INFO ] InitUtil - ■■■■■■■■■■■■■■■■■■■■■■■■■■■■■■■■■■■■■■■■■■■■■■■■■■
02:46:10.415 [INFO ] InitUtil - -------- Ebai Cloud Service Is Running .. --------
02:46:13.514 [INFO ] InitUtil - => 本地IP地址: 61.173.79.220 => 累计运行时长: 9H51M6.42S
02:56:10.417 [INFO ] InitUtil - ■■■■■■■■■■■■■■■■■■■■■■■■■■■■■■■■■■■■■■■■■■■■■■■■■■
02:56:10.417 [INFO ] InitUtil - -------- Ebai Cloud Service Is Running .. --------
02:56:13.521 [INFO ] InitUtil - => 本地IP地址: 61.173.79.220 => 累计运行时长: 10H1M6.427S
03:06:10.421 [INFO ] InitUtil - ■■■■■■■■■■■■■■■■■■■■■■■■■■■■■■■■■■■■■■■■■■■■■■■■■■
03:06:10.421 [INFO ] InitUtil - -------- Ebai Cloud Service Is Running .. --------
03:06:13.509 [INFO ] InitUtil - => 本地IP地址: 61.173.79.220 => 累计运行时长: 10H11M6.415S
03:16:10.426 [INFO ] InitUtil - ■■■■■■■■■■■■■■■■■■■■■■■■■■■■■■■■■■■■■■■■■■■■■■■■■■
03:16:10.426 [INFO ] InitUtil - -------- Ebai Cloud Service Is Running .. --------
03:16:13.551 [INFO ] InitUtil - => 本地IP地址: 61.173.79.220 => 累计运行时长: 10H21M6.457S
03:26:10.440 [INFO ] InitUtil - ■■■■■■■■■■■■■■■■■■■■■■■■■■■■■■■■■■■■■■■■■■■■■■■■■■
03:26:10.440 [INFO ] InitUtil - -------- Ebai Cloud Service Is Running .. --------
03:26:13.533 [INFO ] InitUtil - => 本地IP地址: 61.173.79.220 => 累计运行时长: 10H31M6.439S
03:36:10.455 [INFO ] InitUtil - ■■■■■■■■■■■■■■■■■■■■■■■■■■■■■■■■■■■■■■■■■■■■■■■■■■
03:36:10.455 [INFO ] InitUtil - -------- Ebai Cloud Service Is Running .. --------
03:36:13.554 [INFO ] InitUtil - => 本地IP地址: 61.173.79.220 => 累计运行时长: 10H41M6.46S
03:46:10.464 [INFO ] InitUtil - ■■■■■■■■■■■■■■■■■■■■■■■■■■■■■■■■■■■■■■■■■■■■■■■■■■
03:46:10.464 [INFO ] InitUtil - -------- Ebai Cloud Service Is Running .. --------
03:46:13.566 [INFO ] InitUtil - => 本地IP地址: 61.173.79.220 => 累计运行时长: 10H51M6.472S
03:56:10.475 [INFO ] InitUtil - ■■■■■■■■■■■■■■■■■■■■■■■■■■■■■■■■■■■■■■■■■■■■■■■■■■
03:56:10.475 [INFO ] InitUtil - -------- Ebai Cloud Service Is Running .. --------
03:56:13.580 [INFO ] InitUtil - => 本地IP地址: 61.173.79.220 => 累计运行时长: 11H1M6.486S
04:06:10.477 [INFO ] InitUtil - ■■■■■■■■■■■■■■■■■■■■■■■■■■■■■■■■■■■■■■■■■■■■■■■■■■
04:06:10.477 [INFO ] InitUtil - -------- Ebai Cloud Service Is Running .. --------
04:06:13.591 [INFO ] InitUtil - => 本地IP地址: 61.173.79.220 => 累计运行时长: 11H11M6.497S
04:16:10.483 [INFO ] InitUtil - ■■■■■■■■■■■■■■■■■■■■■■■■■■■■■■■■■■■■■■■■■■■■■■■■■■
04:16:10.483 [INFO ] InitUtil - -------- Ebai Cloud Service Is Running .. --------
04:16:13.590 [INFO ] InitUtil - => 本地IP地址: 61.173.79.220 => 累计运行时长: 11H21M6.496S
04:26:10.486 [INFO ] InitUtil - ■■■■■■■■■■■■■■■■■■■■■■■■■■■■■■■■■■■■■■■■■■■■■■■■■■
04:26:10.486 [INFO ] InitUtil - -------- Ebai Cloud Service Is Running .. --------
04:26:13.596 [INFO ] InitUtil - => 本地IP地址: 61.173.79.220 => 累计运行时长: 11H31M6.502S
04:26:27.949 [INFO ] ProjectInterceptor - ■■■■■■■■■■■■■■■■■■■■■■■■■■■■■■■■■■■■■■■■■■■■■■■■■■
04:26:28.230 [INFO ] ProjectInterceptor - 请求拦截：URL == > /
04:26:28.230 [INFO ] ProjectInterceptor - 网络信息：IP == > 34.223.59.188 (美国-US|俄勒冈州|波特兰|亚马逊)
04:26:28.230 [INFO ] ProjectInterceptor - 设备信息：User-Agent == > Mozilla/5.0 (Macintosh; Intel Mac OS X 10_11_5) AppleWebKit/537.36 (KHTML, like Gecko) Chrome/50.0.2661.102 Safari/537.36
04:26:28.230 [INFO ] ProjectInterceptor - session userName => null , sessionExistTime => 0 (0分钟) , sessionLastActiveTime => 0 (0分钟) 
04:26:28.230 [INFO ] ProjectInterceptor - session初始化
04:26:28.238 [INFO ] ProjectInterceptor - ------------------ Service  Log ------------------
04:26:28.239 [INFO ] ProjectInterceptor - ■■■■■■■■■■■■■■■■■■■■■■■■■■■■■■■■■■■■■■■■■■■■■■■■■■
04:26:28.247 [INFO ] ProjectInterceptor - 请求拦截：URL == > /index.html
04:26:28.247 [INFO ] ProjectInterceptor - 网络信息：IP == > 34.223.59.188 (美国-US|俄勒冈州|波特兰|亚马逊)
04:26:28.247 [INFO ] ProjectInterceptor - 设备信息：User-Agent == > Mozilla/5.0 (Macintosh; Intel Mac OS X 10_11_5) AppleWebKit/537.36 (KHTML, like Gecko) Chrome/50.0.2661.102 Safari/537.36
04:26:28.247 [INFO ] ProjectInterceptor - session userName => null , sessionExistTime => 0 (0分钟) , sessionLastActiveTime => 0 (0分钟) 
04:26:28.247 [INFO ] ProjectInterceptor - session初始化
04:26:28.253 [INFO ] ProjectInterceptor - ------------------ Service  Log ------------------
04:26:28.254 [INFO ] ProjectInterceptor - --------------  Request  Completed  --------------
04:26:28.254 [INFO ] ProjectInterceptor - --------------  Request  Completed  --------------
04:36:10.490 [INFO ] InitUtil - ■■■■■■■■■■■■■■■■■■■■■■■■■■■■■■■■■■■■■■■■■■■■■■■■■■
04:36:10.490 [INFO ] InitUtil - -------- Ebai Cloud Service Is Running .. --------
04:36:13.591 [INFO ] InitUtil - => 本地IP地址: 61.173.79.220 => 累计运行时长: 11H41M6.497S
04:38:37.323 [INFO ] ProjectInterceptor - ■■■■■■■■■■■■■■■■■■■■■■■■■■■■■■■■■■■■■■■■■■■■■■■■■■
04:38:37.680 [INFO ] ProjectInterceptor - 请求拦截：URL == > /
04:38:37.680 [INFO ] ProjectInterceptor - 网络信息：IP == > 172.104.249.218 (德国-DE|黑森州|美因河畔法兰克福|Linode, LLC)
04:38:37.680 [INFO ] ProjectInterceptor - 设备信息：User-Agent == > null
04:38:37.680 [INFO ] ProjectInterceptor - session userName => null , sessionExistTime => 0 (0分钟) , sessionLastActiveTime => 0 (0分钟) 
04:38:37.680 [INFO ] ProjectInterceptor - session初始化
04:38:37.687 [INFO ] ProjectInterceptor - ------------------ Service  Log ------------------
04:38:37.687 [INFO ] ProjectInterceptor - ■■■■■■■■■■■■■■■■■■■■■■■■■■■■■■■■■■■■■■■■■■■■■■■■■■
04:38:37.695 [INFO ] ProjectInterceptor - 请求拦截：URL == > /index.html
04:38:37.695 [INFO ] ProjectInterceptor - 网络信息：IP == > 172.104.249.218 (德国-DE|黑森州|美因河畔法兰克福|Linode, LLC)
04:38:37.695 [INFO ] ProjectInterceptor - 设备信息：User-Agent == > null
04:38:37.695 [INFO ] ProjectInterceptor - session userName => null , sessionExistTime => 0 (0分钟) , sessionLastActiveTime => 0 (0分钟) 
04:38:37.695 [INFO ] ProjectInterceptor - session初始化
04:38:37.703 [INFO ] ProjectInterceptor - ------------------ Service  Log ------------------
04:38:37.704 [INFO ] ProjectInterceptor - --------------  Request  Completed  --------------
04:38:37.704 [INFO ] ProjectInterceptor - --------------  Request  Completed  --------------
04:38:38.177 [INFO ] ProjectInterceptor - ■■■■■■■■■■■■■■■■■■■■■■■■■■■■■■■■■■■■■■■■■■■■■■■■■■
04:38:38.178 [INFO ] ProjectInterceptor - ■■■■■■■■■■■■■■■■■■■■■■■■■■■■■■■■■■■■■■■■■■■■■■■■■■
04:38:38.178 [INFO ] ProjectInterceptor - ■■■■■■■■■■■■■■■■■■■■■■■■■■■■■■■■■■■■■■■■■■■■■■■■■■
04:38:38.178 [INFO ] ProjectInterceptor - ■■■■■■■■■■■■■■■■■■■■■■■■■■■■■■■■■■■■■■■■■■■■■■■■■■
04:38:38.178 [INFO ] ProjectInterceptor - ■■■■■■■■■■■■■■■■■■■■■■■■■■■■■■■■■■■■■■■■■■■■■■■■■■
04:38:38.181 [INFO ] ProjectInterceptor - ■■■■■■■■■■■■■■■■■■■■■■■■■■■■■■■■■■■■■■■■■■■■■■■■■■
04:38:38.181 [INFO ] ProjectInterceptor - ■■■■■■■■■■■■■■■■■■■■■■■■■■■■■■■■■■■■■■■■■■■■■■■■■■
04:38:38.183 [INFO ] ProjectInterceptor - ■■■■■■■■■■■■■■■■■■■■■■■■■■■■■■■■■■■■■■■■■■■■■■■■■■
04:38:38.186 [INFO ] ProjectInterceptor - 请求拦截：URL == > /info.php
04:38:38.186 [INFO ] ProjectInterceptor - 网络信息：IP == > 172.104.249.218 (德国-DE|黑森州|美因河畔法兰克福|Linode, LLC)
04:38:38.186 [INFO ] ProjectInterceptor - 设备信息：User-Agent == > Go-http-client/1.1
04:38:38.186 [INFO ] ProjectInterceptor - session userName => null , sessionExistTime => 0 (0分钟) , sessionLastActiveTime => 0 (0分钟) 
04:38:38.186 [INFO ] ProjectInterceptor - session初始化
04:38:38.198 [INFO ] ProjectInterceptor - 请求拦截：URL == > /
04:38:38.198 [INFO ] ProjectInterceptor - 网络信息：IP == > 172.104.249.218 (德国-DE|黑森州|美因河畔法兰克福|Linode, LLC)
04:38:38.198 [INFO ] ProjectInterceptor - 设备信息：User-Agent == > Go-http-client/1.1
04:38:38.198 [INFO ] ProjectInterceptor - session userName => null , sessionExistTime => 0 (0分钟) , sessionLastActiveTime => 0 (0分钟) 
04:38:38.198 [INFO ] ProjectInterceptor - session初始化
04:38:38.203 [INFO ] ProjectInterceptor - 请求拦截：URL == > /s/032323e29373e2337313e21363/_/;/META-INF/maven/com.atlassian.jira/jira-webapp-dist/pom.properties
04:38:38.203 [INFO ] ProjectInterceptor - 网络信息：IP == > 172.104.249.218 (德国-DE|黑森州|美因河畔法兰克福|Linode, LLC)
04:38:38.203 [INFO ] ProjectInterceptor - 设备信息：User-Agent == > Go-http-client/1.1
04:38:38.203 [INFO ] ProjectInterceptor - session userName => null , sessionExistTime => 0 (0分钟) , sessionLastActiveTime => 0 (0分钟) 
04:38:38.203 [INFO ] ProjectInterceptor - session初始化
04:38:38.207 [INFO ] ProjectInterceptor - ■■■■■■■■■■■■■■■■■■■■■■■■■■■■■■■■■■■■■■■■■■■■■■■■■■
04:38:38.207 [INFO ] ProjectInterceptor - ■■■■■■■■■■■■■■■■■■■■■■■■■■■■■■■■■■■■■■■■■■■■■■■■■■
04:38:38.207 [INFO ] ProjectInterceptor - ■■■■■■■■■■■■■■■■■■■■■■■■■■■■■■■■■■■■■■■■■■■■■■■■■■
04:38:38.207 [INFO ] ProjectInterceptor - ■■■■■■■■■■■■■■■■■■■■■■■■■■■■■■■■■■■■■■■■■■■■■■■■■■
04:38:38.209 [INFO ] ProjectInterceptor - 请求拦截：URL == > /server-status
04:38:38.209 [INFO ] ProjectInterceptor - 网络信息：IP == > 172.104.249.218 (德国-DE|黑森州|美因河畔法兰克福|Linode, LLC)
04:38:38.209 [INFO ] ProjectInterceptor - 设备信息：User-Agent == > Go-http-client/1.1
04:38:38.209 [INFO ] ProjectInterceptor - session userName => null , sessionExistTime => 0 (0分钟) , sessionLastActiveTime => 0 (0分钟) 
04:38:38.209 [INFO ] ProjectInterceptor - session初始化
04:38:38.212 [INFO ] ProjectInterceptor - 请求拦截：URL == > /debug/default/view
04:38:38.212 [INFO ] ProjectInterceptor - 网络信息：IP == > 172.104.249.218 (德国-DE|黑森州|美因河畔法兰克福|Linode, LLC)
04:38:38.212 [INFO ] ProjectInterceptor - 设备信息：User-Agent == > Go-http-client/1.1
04:38:38.212 [INFO ] ProjectInterceptor - session userName => null , sessionExistTime => 0 (0分钟) , sessionLastActiveTime => 0 (0分钟) 
04:38:38.212 [INFO ] ProjectInterceptor - session初始化
04:38:38.215 [INFO ] ProjectInterceptor - 请求拦截：URL == > /.DS_Store
04:38:38.215 [INFO ] ProjectInterceptor - 网络信息：IP == > 172.104.249.218 (德国-DE|黑森州|美因河畔法兰克福|Linode, LLC)
04:38:38.215 [INFO ] ProjectInterceptor - 设备信息：User-Agent == > Go-http-client/1.1
04:38:38.215 [INFO ] ProjectInterceptor - session userName => null , sessionExistTime => 0 (0分钟) , sessionLastActiveTime => 0 (0分钟) 
04:38:38.215 [INFO ] ProjectInterceptor - session初始化
04:38:38.217 [INFO ] ProjectInterceptor - ------------------ Service  Log ------------------
04:38:38.218 [INFO ] ProjectInterceptor - --------------  Request  Completed  --------------
04:38:38.219 [INFO ] ProjectInterceptor - ■■■■■■■■■■■■■■■■■■■■■■■■■■■■■■■■■■■■■■■■■■■■■■■■■■
04:38:38.219 [INFO ] ProjectInterceptor - ------------------ Service  Log ------------------
04:38:38.220 [INFO ] ProjectInterceptor - ■■■■■■■■■■■■■■■■■■■■■■■■■■■■■■■■■■■■■■■■■■■■■■■■■■
04:38:38.222 [INFO ] ProjectInterceptor - ------------------ Service  Log ------------------
04:38:38.222 [WARN ] ResourceHttpRequestHandler - "Path with "WEB-INF" or "META-INF": [s/032323e29373e2337313e21363/_/META-INF/maven/com.atlassian.jira/jira-webapp-dist/pom.properties]"
04:38:38.222 [INFO ] ProjectInterceptor - --------------  Request  Completed  --------------
04:38:38.222 [INFO ] ProjectInterceptor - ■■■■■■■■■■■■■■■■■■■■■■■■■■■■■■■■■■■■■■■■■■■■■■■■■■
04:38:38.225 [INFO ] ProjectInterceptor - 请求拦截：URL == > /api/v2/cmdb/system/admin/admin
04:38:38.225 [INFO ] ProjectInterceptor - 网络信息：IP == > 172.104.249.218 (德国-DE|黑森州|美因河畔法兰克福|Linode, LLC)
04:38:38.225 [INFO ] ProjectInterceptor - 设备信息：User-Agent == > Report Runner
04:38:38.225 [INFO ] ProjectInterceptor - session userName => null , sessionExistTime => 0 (0分钟) , sessionLastActiveTime => 0 (0分钟) 
04:38:38.225 [INFO ] ProjectInterceptor - session初始化
04:38:38.227 [INFO ] ProjectInterceptor - 请求拦截：URL == > /
04:38:38.227 [INFO ] ProjectInterceptor - 网络信息：IP == > 172.104.249.218 (德国-DE|黑森州|美因河畔法兰克福|Linode, LLC)
04:38:38.227 [INFO ] ProjectInterceptor - 设备信息：User-Agent == > Mozilla/5.0 (Linux; Android 6.0; HTC One M9 Build/MRA771782) AppleWebKit/537.36 (KHTML, like Gecko) Chrome/52.0.1034.98 Mobile Safari/537.3
04:38:38.227 [INFO ] ProjectInterceptor - session userName => null , sessionExistTime => 0 (0分钟) , sessionLastActiveTime => 0 (0分钟) 
04:38:38.227 [INFO ] ProjectInterceptor - session初始化
04:38:38.231 [INFO ] ProjectInterceptor - 请求拦截：URL == > /telescope/requests
04:38:38.231 [INFO ] ProjectInterceptor - 网络信息：IP == > 172.104.249.218 (德国-DE|黑森州|美因河畔法兰克福|Linode, LLC)
04:38:38.231 [INFO ] ProjectInterceptor - 设备信息：User-Agent == > Go-http-client/1.1
04:38:38.231 [INFO ] ProjectInterceptor - session userName => null , sessionExistTime => 1 (0分钟) , sessionLastActiveTime => 1 (0分钟) 
04:38:38.231 [INFO ] ProjectInterceptor - session初始化
04:38:38.232 [INFO ] ProjectInterceptor - 请求拦截：URL == > /.git/config
04:38:38.233 [INFO ] ProjectInterceptor - 网络信息：IP == > 172.104.249.218 (德国-DE|黑森州|美因河畔法兰克福|Linode, LLC)
04:38:38.233 [INFO ] ProjectInterceptor - 设备信息：User-Agent == > Go-http-client/1.1
04:38:38.233 [INFO ] ProjectInterceptor - session userName => null , sessionExistTime => 0 (0分钟) , sessionLastActiveTime => 0 (0分钟) 
04:38:38.233 [INFO ] ProjectInterceptor - session初始化
04:38:38.235 [INFO ] ProjectInterceptor - ------------------ Service  Log ------------------
04:38:38.235 [INFO ] ProjectInterceptor - --------------  Request  Completed  --------------
04:38:38.236 [INFO ] ProjectInterceptor - ■■■■■■■■■■■■■■■■■■■■■■■■■■■■■■■■■■■■■■■■■■■■■■■■■■
04:38:38.237 [INFO ] ProjectInterceptor - ------------------ Service  Log ------------------
04:38:38.238 [INFO ] ProjectInterceptor - --------------  Request  Completed  --------------
04:38:38.238 [INFO ] ProjectInterceptor - ■■■■■■■■■■■■■■■■■■■■■■■■■■■■■■■■■■■■■■■■■■■■■■■■■■
04:38:38.240 [INFO ] ProjectInterceptor - ------------------ Service  Log ------------------
04:38:38.240 [INFO ] ProjectInterceptor - --------------  Request  Completed  --------------
04:38:38.241 [INFO ] ProjectInterceptor - ■■■■■■■■■■■■■■■■■■■■■■■■■■■■■■■■■■■■■■■■■■■■■■■■■■
04:38:38.242 [INFO ] connection - Opened connection [connectionId{localValue:4, serverValue:319}] to 192.168.1.5:27017
04:38:38.243 [INFO ] connection - Opened connection [connectionId{localValue:5, serverValue:320}] to 192.168.1.5:27017
04:38:38.243 [INFO ] ProjectInterceptor - 请求拦截：URL == > /index.html
04:38:38.243 [INFO ] ProjectInterceptor - 网络信息：IP == > 172.104.249.218 (德国-DE|黑森州|美因河畔法兰克福|Linode, LLC)
04:38:38.243 [INFO ] ProjectInterceptor - 设备信息：User-Agent == > Go-http-client/1.1
04:38:38.243 [INFO ] ProjectInterceptor - session userName => null , sessionExistTime => 0 (0分钟) , sessionLastActiveTime => 0 (0分钟) 
04:38:38.243 [INFO ] ProjectInterceptor - session初始化
04:38:38.246 [INFO ] ProjectInterceptor - 请求拦截：URL == > /index.html
04:38:38.247 [INFO ] ProjectInterceptor - 网络信息：IP == > 172.104.249.218 (德国-DE|黑森州|美因河畔法兰克福|Linode, LLC)
04:38:38.247 [INFO ] ProjectInterceptor - 设备信息：User-Agent == > Go-http-client/1.1
04:38:38.247 [INFO ] ProjectInterceptor - session userName => null , sessionExistTime => 0 (0分钟) , sessionLastActiveTime => 0 (0分钟) 
04:38:38.247 [INFO ] ProjectInterceptor - session初始化
04:38:38.249 [INFO ] ProjectInterceptor - 请求拦截：URL == > /ecp/Current/exporttool/microsoft.exchange.ediscovery.exporttool.application
04:38:38.249 [INFO ] ProjectInterceptor - 网络信息：IP == > 172.104.249.218 (德国-DE|黑森州|美因河畔法兰克福|Linode, LLC)
04:38:38.249 [INFO ] ProjectInterceptor - 设备信息：User-Agent == > Go-http-client/1.1
04:38:38.249 [INFO ] ProjectInterceptor - session userName => null , sessionExistTime => 0 (0分钟) , sessionLastActiveTime => 0 (0分钟) 
04:38:38.249 [INFO ] ProjectInterceptor - session初始化
04:38:38.250 [INFO ] ProjectInterceptor - ------------------ Service  Log ------------------
04:38:38.250 [INFO ] ProjectInterceptor - ■■■■■■■■■■■■■■■■■■■■■■■■■■■■■■■■■■■■■■■■■■■■■■■■■■
04:38:38.252 [INFO ] ProjectInterceptor - 请求拦截：URL == > /.env
04:38:38.252 [INFO ] ProjectInterceptor - 网络信息：IP == > 172.104.249.218 (德国-DE|黑森州|美因河畔法兰克福|Linode, LLC)
04:38:38.252 [INFO ] ProjectInterceptor - 设备信息：User-Agent == > Go-http-client/1.1
04:38:38.252 [INFO ] ProjectInterceptor - session userName => null , sessionExistTime => 1 (0分钟) , sessionLastActiveTime => 1 (0分钟) 
04:38:38.252 [INFO ] ProjectInterceptor - session初始化
04:38:38.253 [INFO ] ProjectInterceptor - ------------------ Service  Log ------------------
04:38:38.253 [INFO ] ProjectInterceptor - ------------------ Service  Log ------------------
04:38:38.254 [INFO ] ProjectInterceptor - --------------  Request  Completed  --------------
04:38:38.254 [INFO ] ProjectInterceptor - --------------  Request  Completed  --------------
04:38:38.254 [INFO ] ProjectInterceptor - ■■■■■■■■■■■■■■■■■■■■■■■■■■■■■■■■■■■■■■■■■■■■■■■■■■
04:38:38.254 [INFO ] ProjectInterceptor - ■■■■■■■■■■■■■■■■■■■■■■■■■■■■■■■■■■■■■■■■■■■■■■■■■■
04:38:38.254 [INFO ] ProjectInterceptor - 请求拦截：URL == > /index.html
04:38:38.254 [INFO ] ProjectInterceptor - 网络信息：IP == > 172.104.249.218 (德国-DE|黑森州|美因河畔法兰克福|Linode, LLC)
04:38:38.254 [INFO ] ProjectInterceptor - 设备信息：User-Agent == > Go-http-client/1.1
04:38:38.254 [INFO ] ProjectInterceptor - session userName => null , sessionExistTime => 0 (0分钟) , sessionLastActiveTime => 0 (0分钟) 
04:38:38.254 [INFO ] ProjectInterceptor - session初始化
04:38:38.256 [INFO ] ProjectInterceptor - 请求拦截：URL == > /index.html
04:38:38.256 [INFO ] ProjectInterceptor - 网络信息：IP == > 172.104.249.218 (德国-DE|黑森州|美因河畔法兰克福|Linode, LLC)
04:38:38.256 [INFO ] ProjectInterceptor - 设备信息：User-Agent == > Go-http-client/1.1
04:38:38.256 [INFO ] ProjectInterceptor - session userName => null , sessionExistTime => 0 (0分钟) , sessionLastActiveTime => 0 (0分钟) 
04:38:38.256 [INFO ] ProjectInterceptor - session初始化
04:38:38.256 [INFO ] ProjectInterceptor - 请求拦截：URL == > /index.html
04:38:38.256 [INFO ] ProjectInterceptor - 网络信息：IP == > 172.104.249.218 (德国-DE|黑森州|美因河畔法兰克福|Linode, LLC)
04:38:38.256 [INFO ] ProjectInterceptor - 设备信息：User-Agent == > Go-http-client/1.1
04:38:38.256 [INFO ] ProjectInterceptor - session userName => null , sessionExistTime => 0 (0分钟) , sessionLastActiveTime => 0 (0分钟) 
04:38:38.256 [INFO ] ProjectInterceptor - session初始化
04:38:38.257 [INFO ] ProjectInterceptor - ------------------ Service  Log ------------------
04:38:38.258 [INFO ] ProjectInterceptor - --------------  Request  Completed  --------------
04:38:38.259 [INFO ] ProjectInterceptor - ------------------ Service  Log ------------------
04:38:38.261 [INFO ] ProjectInterceptor - ------------------ Service  Log ------------------
04:38:38.262 [INFO ] ProjectInterceptor - --------------  Request  Completed  --------------
04:38:38.262 [INFO ] ProjectInterceptor - --------------  Request  Completed  --------------
04:38:38.263 [INFO ] ProjectInterceptor - ------------------ Service  Log ------------------
04:38:38.264 [INFO ] ProjectInterceptor - 请求拦截：URL == > /index.html
04:38:38.264 [INFO ] ProjectInterceptor - 请求拦截：URL == > /index.html
04:38:38.264 [INFO ] ProjectInterceptor - 网络信息：IP == > 172.104.249.218 (德国-DE|黑森州|美因河畔法兰克福|Linode, LLC)
04:38:38.264 [INFO ] ProjectInterceptor - --------------  Request  Completed  --------------
04:38:38.264 [INFO ] ProjectInterceptor - 设备信息：User-Agent == > Go-http-client/1.1
04:38:38.264 [INFO ] ProjectInterceptor - 网络信息：IP == > 172.104.249.218 (德国-DE|黑森州|美因河畔法兰克福|Linode, LLC)
04:38:38.264 [INFO ] ProjectInterceptor - session userName => null , sessionExistTime => 0 (0分钟) , sessionLastActiveTime => 0 (0分钟) 
04:38:38.264 [INFO ] ProjectInterceptor - 设备信息：User-Agent == > Mozilla/5.0 (Linux; Android 6.0; HTC One M9 Build/MRA771782) AppleWebKit/537.36 (KHTML, like Gecko) Chrome/52.0.1034.98 Mobile Safari/537.3
04:38:38.264 [INFO ] ProjectInterceptor - session userName => null , sessionExistTime => 0 (0分钟) , sessionLastActiveTime => 0 (0分钟) 
04:38:38.264 [INFO ] ProjectInterceptor - session初始化
04:38:38.264 [INFO ] ProjectInterceptor - session初始化
04:38:38.265 [INFO ] ProjectInterceptor - ■■■■■■■■■■■■■■■■■■■■■■■■■■■■■■■■■■■■■■■■■■■■■■■■■■
04:38:38.265 [INFO ] ProjectInterceptor - ------------------ Service  Log ------------------
04:38:38.265 [INFO ] ProjectInterceptor - ------------------ Service  Log ------------------
04:38:38.265 [INFO ] ProjectInterceptor - ------------------ Service  Log ------------------
04:38:38.265 [INFO ] ProjectInterceptor - --------------  Request  Completed  --------------
04:38:38.266 [INFO ] ProjectInterceptor - ■■■■■■■■■■■■■■■■■■■■■■■■■■■■■■■■■■■■■■■■■■■■■■■■■■
04:38:38.267 [INFO ] ProjectInterceptor - --------------  Request  Completed  --------------
04:38:38.267 [INFO ] ProjectInterceptor - --------------  Request  Completed  --------------
04:38:38.267 [INFO ] ProjectInterceptor - --------------  Request  Completed  --------------
04:38:38.268 [INFO ] ProjectInterceptor - 请求拦截：URL == > /index.html
04:38:38.268 [INFO ] ProjectInterceptor - 网络信息：IP == > 172.104.249.218 (德国-DE|黑森州|美因河畔法兰克福|Linode, LLC)
04:38:38.268 [INFO ] ProjectInterceptor - 设备信息：User-Agent == > Go-http-client/1.1
04:38:38.268 [INFO ] ProjectInterceptor - session userName => null , sessionExistTime => 0 (0分钟) , sessionLastActiveTime => 0 (0分钟) 
04:38:38.268 [INFO ] ProjectInterceptor - session初始化
04:38:38.271 [INFO ] ProjectInterceptor - ------------------ Service  Log ------------------
04:38:38.272 [INFO ] ProjectInterceptor - ------------------ Service  Log ------------------
04:38:38.272 [INFO ] ProjectInterceptor - 请求拦截：URL == > /index.html
04:38:38.273 [INFO ] ProjectInterceptor - 网络信息：IP == > 172.104.249.218 (德国-DE|黑森州|美因河畔法兰克福|Linode, LLC)
04:38:38.273 [INFO ] ProjectInterceptor - 设备信息：User-Agent == > Go-http-client/1.1
04:38:38.273 [INFO ] ProjectInterceptor - session userName => null , sessionExistTime => 0 (0分钟) , sessionLastActiveTime => 0 (0分钟) 
04:38:38.273 [INFO ] ProjectInterceptor - session初始化
04:38:38.274 [INFO ] ProjectInterceptor - --------------  Request  Completed  --------------
04:38:38.274 [INFO ] ProjectInterceptor - ------------------ Service  Log ------------------
04:38:38.274 [INFO ] ProjectInterceptor - --------------  Request  Completed  --------------
04:38:38.274 [INFO ] ProjectInterceptor - 请求拦截：URL == > /index.html
04:38:38.274 [INFO ] ProjectInterceptor - 网络信息：IP == > 172.104.249.218 (德国-DE|黑森州|美因河畔法兰克福|Linode, LLC)
04:38:38.274 [INFO ] ProjectInterceptor - 设备信息：User-Agent == > Go-http-client/1.1
04:38:38.274 [INFO ] ProjectInterceptor - session userName => null , sessionExistTime => 0 (0分钟) , sessionLastActiveTime => 0 (0分钟) 
04:38:38.274 [INFO ] ProjectInterceptor - session初始化
04:38:38.274 [INFO ] ProjectInterceptor - --------------  Request  Completed  --------------
04:38:38.275 [INFO ] ProjectInterceptor - --------------  Request  Completed  --------------
04:38:38.279 [INFO ] ProjectInterceptor - ------------------ Service  Log ------------------
04:38:38.279 [INFO ] ProjectInterceptor - ------------------ Service  Log ------------------
04:38:38.280 [INFO ] ProjectInterceptor - --------------  Request  Completed  --------------
04:38:38.280 [INFO ] ProjectInterceptor - --------------  Request  Completed  --------------
04:38:38.302 [INFO ] connection - Opened connection [connectionId{localValue:23, serverValue:321}] to 192.168.1.5:27017
04:38:38.302 [INFO ] connection - Opened connection [connectionId{localValue:24, serverValue:322}] to 192.168.1.5:27017
04:38:38.305 [INFO ] ProjectInterceptor - ------------------ Service  Log ------------------
04:38:38.305 [INFO ] ProjectInterceptor - 请求拦截：URL == > /index.html
04:38:38.305 [INFO ] ProjectInterceptor - 网络信息：IP == > 172.104.249.218 (德国-DE|黑森州|美因河畔法兰克福|Linode, LLC)
04:38:38.305 [INFO ] ProjectInterceptor - 设备信息：User-Agent == > Go-http-client/1.1
04:38:38.305 [INFO ] ProjectInterceptor - session userName => null , sessionExistTime => 0 (0分钟) , sessionLastActiveTime => 0 (0分钟) 
04:38:38.305 [INFO ] ProjectInterceptor - session初始化
04:38:38.306 [INFO ] ProjectInterceptor - --------------  Request  Completed  --------------
04:38:38.306 [INFO ] ProjectInterceptor - ■■■■■■■■■■■■■■■■■■■■■■■■■■■■■■■■■■■■■■■■■■■■■■■■■■
04:38:38.311 [INFO ] ProjectInterceptor - ------------------ Service  Log ------------------
04:38:38.312 [INFO ] ProjectInterceptor - 请求拦截：URL == > /index.html
04:38:38.312 [INFO ] ProjectInterceptor - 网络信息：IP == > 172.104.249.218 (德国-DE|黑森州|美因河畔法兰克福|Linode, LLC)
04:38:38.312 [INFO ] ProjectInterceptor - 设备信息：User-Agent == > Report Runner
04:38:38.312 [INFO ] ProjectInterceptor - session userName => null , sessionExistTime => 0 (0分钟) , sessionLastActiveTime => 0 (0分钟) 
04:38:38.312 [INFO ] ProjectInterceptor - session初始化
04:38:38.312 [INFO ] ProjectInterceptor - --------------  Request  Completed  --------------
04:38:38.317 [INFO ] ProjectInterceptor - ------------------ Service  Log ------------------
04:38:38.317 [WARN ] DefaultHandlerExceptionResolver - Resolved [org.springframework.web.HttpRequestMethodNotSupportedException: Request method 'PUT' not supported]
04:38:38.317 [INFO ] ProjectInterceptor - --------------  Request  Completed  --------------
04:38:38.716 [INFO ] ProjectInterceptor - ■■■■■■■■■■■■■■■■■■■■■■■■■■■■■■■■■■■■■■■■■■■■■■■■■■
04:38:38.716 [INFO ] ProjectInterceptor - ■■■■■■■■■■■■■■■■■■■■■■■■■■■■■■■■■■■■■■■■■■■■■■■■■■
04:38:38.716 [INFO ] ProjectInterceptor - ■■■■■■■■■■■■■■■■■■■■■■■■■■■■■■■■■■■■■■■■■■■■■■■■■■
04:38:38.717 [INFO ] ProjectInterceptor - ■■■■■■■■■■■■■■■■■■■■■■■■■■■■■■■■■■■■■■■■■■■■■■■■■■
04:38:38.725 [INFO ] ProjectInterceptor - 请求拦截：URL == > /about
04:38:38.725 [INFO ] ProjectInterceptor - 请求拦截：URL == > /config.json
04:38:38.725 [INFO ] ProjectInterceptor - 网络信息：IP == > 172.104.249.218 (德国-DE|黑森州|美因河畔法兰克福|Linode, LLC)
04:38:38.725 [INFO ] ProjectInterceptor - 网络信息：IP == > 172.104.249.218 (德国-DE|黑森州|美因河畔法兰克福|Linode, LLC)
04:38:38.725 [INFO ] ProjectInterceptor - 设备信息：User-Agent == > Go-http-client/1.1
04:38:38.725 [INFO ] ProjectInterceptor - 设备信息：User-Agent == > Go-http-client/1.1
04:38:38.725 [INFO ] ProjectInterceptor - session userName => null , sessionExistTime => 0 (0分钟) , sessionLastActiveTime => 0 (0分钟) 
04:38:38.725 [INFO ] ProjectInterceptor - session userName => null , sessionExistTime => 0 (0分钟) , sessionLastActiveTime => 0 (0分钟) 
04:38:38.725 [INFO ] ProjectInterceptor - session初始化
04:38:38.725 [INFO ] ProjectInterceptor - session初始化
04:38:38.726 [INFO ] ProjectInterceptor - 请求拦截：URL == > /v2/_catalog
04:38:38.726 [INFO ] ProjectInterceptor - 网络信息：IP == > 172.104.249.218 (德国-DE|黑森州|美因河畔法兰克福|Linode, LLC)
04:38:38.726 [INFO ] ProjectInterceptor - 设备信息：User-Agent == > Go-http-client/1.1
04:38:38.726 [INFO ] ProjectInterceptor - session userName => null , sessionExistTime => 0 (0分钟) , sessionLastActiveTime => 0 (0分钟) 
04:38:38.726 [INFO ] ProjectInterceptor - session初始化
04:38:38.727 [INFO ] ProjectInterceptor - 请求拦截：URL == > /api/search
04:38:38.728 [INFO ] ProjectInterceptor - 网络信息：IP == > 172.104.249.218 (德国-DE|黑森州|美因河畔法兰克福|Linode, LLC)
04:38:38.728 [INFO ] ProjectInterceptor - 设备信息：User-Agent == > Go-http-client/1.1
04:38:38.728 [INFO ] ProjectInterceptor - session userName => null , sessionExistTime => 0 (0分钟) , sessionLastActiveTime => 0 (0分钟) 
04:38:38.728 [INFO ] ProjectInterceptor - session初始化
04:38:38.736 [INFO ] ProjectInterceptor - ------------------ Service  Log ------------------
04:38:38.736 [INFO ] ProjectInterceptor - ------------------ Service  Log ------------------
04:38:38.737 [INFO ] ProjectInterceptor - ------------------ Service  Log ------------------
04:38:38.737 [INFO ] ProjectInterceptor - --------------  Request  Completed  --------------
04:38:38.737 [INFO ] ProjectInterceptor - --------------  Request  Completed  --------------
04:38:38.737 [INFO ] ProjectInterceptor - ■■■■■■■■■■■■■■■■■■■■■■■■■■■■■■■■■■■■■■■■■■■■■■■■■■
04:38:38.737 [INFO ] ProjectInterceptor - ■■■■■■■■■■■■■■■■■■■■■■■■■■■■■■■■■■■■■■■■■■■■■■■■■■
04:38:38.737 [INFO ] ProjectInterceptor - --------------  Request  Completed  --------------
04:38:38.738 [INFO ] ProjectInterceptor - ■■■■■■■■■■■■■■■■■■■■■■■■■■■■■■■■■■■■■■■■■■■■■■■■■■
04:38:38.738 [INFO ] ProjectInterceptor - ------------------ Service  Log ------------------
04:38:38.738 [INFO ] ProjectInterceptor - --------------  Request  Completed  --------------
04:38:38.739 [INFO ] ProjectInterceptor - ■■■■■■■■■■■■■■■■■■■■■■■■■■■■■■■■■■■■■■■■■■■■■■■■■■
04:38:38.746 [INFO ] ProjectInterceptor - 请求拦截：URL == > /index.html
04:38:38.746 [INFO ] ProjectInterceptor - 请求拦截：URL == > /index.html
04:38:38.747 [INFO ] ProjectInterceptor - 网络信息：IP == > 172.104.249.218 (德国-DE|黑森州|美因河畔法兰克福|Linode, LLC)
04:38:38.747 [INFO ] ProjectInterceptor - 网络信息：IP == > 172.104.249.218 (德国-DE|黑森州|美因河畔法兰克福|Linode, LLC)
04:38:38.747 [INFO ] ProjectInterceptor - 设备信息：User-Agent == > Go-http-client/1.1
04:38:38.747 [INFO ] ProjectInterceptor - 设备信息：User-Agent == > Go-http-client/1.1
04:38:38.747 [INFO ] ProjectInterceptor - session userName => null , sessionExistTime => 0 (0分钟) , sessionLastActiveTime => 0 (0分钟) 
04:38:38.747 [INFO ] ProjectInterceptor - session userName => null , sessionExistTime => 0 (0分钟) , sessionLastActiveTime => 0 (0分钟) 
04:38:38.747 [INFO ] ProjectInterceptor - session初始化
04:38:38.747 [INFO ] ProjectInterceptor - session初始化
04:38:38.748 [INFO ] ProjectInterceptor - 请求拦截：URL == > /index.html
04:38:38.748 [INFO ] ProjectInterceptor - 网络信息：IP == > 172.104.249.218 (德国-DE|黑森州|美因河畔法兰克福|Linode, LLC)
04:38:38.748 [INFO ] ProjectInterceptor - 设备信息：User-Agent == > Go-http-client/1.1
04:38:38.748 [INFO ] ProjectInterceptor - 请求拦截：URL == > /index.html
04:38:38.748 [INFO ] ProjectInterceptor - session userName => null , sessionExistTime => 0 (0分钟) , sessionLastActiveTime => 0 (0分钟) 
04:38:38.748 [INFO ] ProjectInterceptor - 网络信息：IP == > 172.104.249.218 (德国-DE|黑森州|美因河畔法兰克福|Linode, LLC)
04:38:38.748 [INFO ] ProjectInterceptor - 设备信息：User-Agent == > Go-http-client/1.1
04:38:38.748 [INFO ] ProjectInterceptor - session初始化
04:38:38.748 [INFO ] ProjectInterceptor - session userName => null , sessionExistTime => 0 (0分钟) , sessionLastActiveTime => 0 (0分钟) 
04:38:38.748 [INFO ] ProjectInterceptor - session初始化
04:38:38.752 [INFO ] ProjectInterceptor - ------------------ Service  Log ------------------
04:38:38.752 [INFO ] ProjectInterceptor - ------------------ Service  Log ------------------
04:38:38.752 [INFO ] ProjectInterceptor - ------------------ Service  Log ------------------
04:38:38.753 [INFO ] ProjectInterceptor - --------------  Request  Completed  --------------
04:38:38.753 [INFO ] ProjectInterceptor - ------------------ Service  Log ------------------
04:38:38.753 [INFO ] ProjectInterceptor - --------------  Request  Completed  --------------
04:38:38.754 [INFO ] ProjectInterceptor - --------------  Request  Completed  --------------
04:38:38.754 [INFO ] ProjectInterceptor - --------------  Request  Completed  --------------
04:38:38.763 [INFO ] ProjectInterceptor - ■■■■■■■■■■■■■■■■■■■■■■■■■■■■■■■■■■■■■■■■■■■■■■■■■■
04:38:38.769 [INFO ] ProjectInterceptor - 请求拦截：URL == > /login.action
04:38:38.769 [INFO ] ProjectInterceptor - 网络信息：IP == > 172.104.249.218 (德国-DE|黑森州|美因河畔法兰克福|Linode, LLC)
04:38:38.769 [INFO ] ProjectInterceptor - 设备信息：User-Agent == > Go-http-client/1.1
04:38:38.769 [INFO ] ProjectInterceptor - session userName => null , sessionExistTime => 0 (0分钟) , sessionLastActiveTime => 0 (0分钟) 
04:38:38.769 [INFO ] ProjectInterceptor - session初始化
04:38:38.775 [INFO ] ProjectInterceptor - ------------------ Service  Log ------------------
04:38:38.775 [INFO ] ProjectInterceptor - --------------  Request  Completed  --------------
04:38:38.776 [INFO ] ProjectInterceptor - ■■■■■■■■■■■■■■■■■■■■■■■■■■■■■■■■■■■■■■■■■■■■■■■■■■
04:38:38.781 [INFO ] ProjectInterceptor - 请求拦截：URL == > /index.html
04:38:38.781 [INFO ] ProjectInterceptor - 网络信息：IP == > 172.104.249.218 (德国-DE|黑森州|美因河畔法兰克福|Linode, LLC)
04:38:38.781 [INFO ] ProjectInterceptor - 设备信息：User-Agent == > Go-http-client/1.1
04:38:38.781 [INFO ] ProjectInterceptor - session userName => null , sessionExistTime => 0 (0分钟) , sessionLastActiveTime => 0 (0分钟) 
04:38:38.781 [INFO ] ProjectInterceptor - session初始化
04:38:38.786 [INFO ] ProjectInterceptor - ------------------ Service  Log ------------------
04:38:38.787 [INFO ] ProjectInterceptor - --------------  Request  Completed  --------------
04:46:10.496 [INFO ] InitUtil - ■■■■■■■■■■■■■■■■■■■■■■■■■■■■■■■■■■■■■■■■■■■■■■■■■■
04:46:10.496 [INFO ] InitUtil - -------- Ebai Cloud Service Is Running .. --------
04:46:13.601 [INFO ] InitUtil - => 本地IP地址: 61.173.79.220 => 累计运行时长: 11H51M6.507S
04:46:58.458 [INFO ] Http11Processor - Error parsing HTTP request header
 Note: further occurrences of HTTP request parsing errors will be logged at DEBUG level.
java.lang.IllegalArgumentException: Invalid character found in method name [0x030x000x00/*0xe00x000x000x000x000x00Cookie: ]. HTTP method names must be tokens
	at org.apache.coyote.http11.Http11InputBuffer.parseRequestLine(Http11InputBuffer.java:419)
	at org.apache.coyote.http11.Http11Processor.service(Http11Processor.java:271)
	at org.apache.coyote.AbstractProcessorLight.process(AbstractProcessorLight.java:65)
	at org.apache.coyote.AbstractProtocol$ConnectionHandler.process(AbstractProtocol.java:890)
	at org.apache.tomcat.util.net.NioEndpoint$SocketProcessor.doRun(NioEndpoint.java:1787)
	at org.apache.tomcat.util.net.SocketProcessorBase.run(SocketProcessorBase.java:49)
	at org.apache.tomcat.util.threads.ThreadPoolExecutor.runWorker(ThreadPoolExecutor.java:1191)
	at org.apache.tomcat.util.threads.ThreadPoolExecutor$Worker.run(ThreadPoolExecutor.java:659)
	at org.apache.tomcat.util.threads.TaskThread$WrappingRunnable.run(TaskThread.java:61)
	at java.lang.Thread.run(Thread.java:750)
04:56:10.511 [INFO ] InitUtil - ■■■■■■■■■■■■■■■■■■■■■■■■■■■■■■■■■■■■■■■■■■■■■■■■■■
04:56:10.511 [INFO ] InitUtil - -------- Ebai Cloud Service Is Running .. --------
04:56:13.604 [INFO ] InitUtil - => 本地IP地址: 61.173.79.220 => 累计运行时长: 12H1M6.51S
05:04:33.716 [INFO ] ProjectInterceptor - ■■■■■■■■■■■■■■■■■■■■■■■■■■■■■■■■■■■■■■■■■■■■■■■■■■
05:04:34.062 [INFO ] ProjectInterceptor - 请求拦截：URL == > /
05:04:34.063 [INFO ] ProjectInterceptor - 网络信息：IP == > 111.7.96.157 (中国-CN|河南省|驻马店市|中国移动)
05:04:34.063 [INFO ] ProjectInterceptor - 设备信息：User-Agent == > Mozilla/5.0 (Macintosh; Intel Mac OS X 10_15_7) AppleWebKit/537.36 (KHTML, like Gecko) Chrome/96.0.4664.110 Safari/537.36
05:04:34.063 [INFO ] ProjectInterceptor - session userName => null , sessionExistTime => 0 (0分钟) , sessionLastActiveTime => 0 (0分钟) 
05:04:34.063 [INFO ] ProjectInterceptor - session初始化
05:04:34.070 [INFO ] ProjectInterceptor - ------------------ Service  Log ------------------
05:04:34.071 [INFO ] ProjectInterceptor - ■■■■■■■■■■■■■■■■■■■■■■■■■■■■■■■■■■■■■■■■■■■■■■■■■■
05:04:34.079 [INFO ] ProjectInterceptor - 请求拦截：URL == > /index.html
05:04:34.079 [INFO ] ProjectInterceptor - 网络信息：IP == > 111.7.96.157 (中国-CN|河南省|驻马店市|中国移动)
05:04:34.080 [INFO ] ProjectInterceptor - 设备信息：User-Agent == > Mozilla/5.0 (Macintosh; Intel Mac OS X 10_15_7) AppleWebKit/537.36 (KHTML, like Gecko) Chrome/96.0.4664.110 Safari/537.36
05:04:34.080 [INFO ] ProjectInterceptor - session userName => null , sessionExistTime => 0 (0分钟) , sessionLastActiveTime => 0 (0分钟) 
05:04:34.080 [INFO ] ProjectInterceptor - session初始化
05:04:34.087 [INFO ] ProjectInterceptor - ------------------ Service  Log ------------------
05:04:34.088 [INFO ] ProjectInterceptor - --------------  Request  Completed  --------------
05:04:34.089 [INFO ] ProjectInterceptor - --------------  Request  Completed  --------------
05:04:44.160 [INFO ] ProjectInterceptor - ■■■■■■■■■■■■■■■■■■■■■■■■■■■■■■■■■■■■■■■■■■■■■■■■■■
05:04:44.167 [INFO ] ProjectInterceptor - 请求拦截：URL == > /favicon.ico
05:04:44.168 [INFO ] ProjectInterceptor - 网络信息：IP == > 111.7.96.157 (中国-CN|河南省|驻马店市|中国移动)
05:04:44.168 [INFO ] ProjectInterceptor - 设备信息：User-Agent == > Mozilla/5.0 (Macintosh; Intel Mac OS X 10_15_7) AppleWebKit/537.36 (KHTML, like Gecko) Chrome/96.0.4664.110 Safari/537.36
05:04:44.168 [INFO ] ProjectInterceptor - session userName => null , sessionExistTime => 0 (0分钟) , sessionLastActiveTime => 0 (0分钟) 
05:04:44.168 [INFO ] ProjectInterceptor - session初始化
05:04:44.175 [INFO ] ProjectInterceptor - ------------------ Service  Log ------------------
05:04:44.972 [INFO ] ProjectInterceptor - --------------  Request  Completed  --------------
05:06:10.514 [INFO ] InitUtil - ■■■■■■■■■■■■■■■■■■■■■■■■■■■■■■■■■■■■■■■■■■■■■■■■■■
05:06:10.514 [INFO ] InitUtil - -------- Ebai Cloud Service Is Running .. --------
05:06:13.622 [INFO ] InitUtil - => 本地IP地址: 61.173.79.220 => 累计运行时长: 12H11M6.528S
05:16:10.527 [INFO ] InitUtil - ■■■■■■■■■■■■■■■■■■■■■■■■■■■■■■■■■■■■■■■■■■■■■■■■■■
05:16:10.527 [INFO ] InitUtil - -------- Ebai Cloud Service Is Running .. --------
05:16:13.641 [INFO ] InitUtil - => 本地IP地址: 61.173.79.220 => 累计运行时长: 12H21M6.547S
05:26:10.533 [INFO ] InitUtil - ■■■■■■■■■■■■■■■■■■■■■■■■■■■■■■■■■■■■■■■■■■■■■■■■■■
05:26:10.533 [INFO ] InitUtil - -------- Ebai Cloud Service Is Running .. --------
05:26:13.627 [INFO ] InitUtil - => 本地IP地址: 61.173.79.220 => 累计运行时长: 12H31M6.533S
05:36:10.545 [INFO ] InitUtil - ■■■■■■■■■■■■■■■■■■■■■■■■■■■■■■■■■■■■■■■■■■■■■■■■■■
05:36:10.545 [INFO ] InitUtil - -------- Ebai Cloud Service Is Running .. --------
05:36:13.635 [INFO ] InitUtil - => 本地IP地址: 61.173.79.220 => 累计运行时长: 12H41M6.541S
05:46:10.550 [INFO ] InitUtil - ■■■■■■■■■■■■■■■■■■■■■■■■■■■■■■■■■■■■■■■■■■■■■■■■■■
05:46:10.550 [INFO ] InitUtil - -------- Ebai Cloud Service Is Running .. --------
05:46:13.632 [INFO ] InitUtil - => 本地IP地址: 61.173.79.220 => 累计运行时长: 12H51M6.538S
05:49:09.158 [INFO ] ProjectInterceptor - ■■■■■■■■■■■■■■■■■■■■■■■■■■■■■■■■■■■■■■■■■■■■■■■■■■
05:49:09.517 [INFO ] ProjectInterceptor - 请求拦截：URL == > /GWeY
05:49:09.517 [INFO ] ProjectInterceptor - 网络信息：IP == > 148.153.2.91 (美国-US|加利福尼亚州|洛杉矶|首都在线全球云)
05:49:09.517 [INFO ] ProjectInterceptor - 设备信息：User-Agent == > Mozilla/5.0 (compatible; Konqueror/4.1; DragonFly) KHTML/4.1.4 (like Gecko)
05:49:09.517 [INFO ] ProjectInterceptor - session userName => null , sessionExistTime => 0 (0分钟) , sessionLastActiveTime => 0 (0分钟) 
05:49:09.517 [INFO ] ProjectInterceptor - session初始化
05:49:09.526 [INFO ] ProjectInterceptor - ------------------ Service  Log ------------------
05:49:09.527 [INFO ] ProjectInterceptor - --------------  Request  Completed  --------------
05:49:09.527 [INFO ] ProjectInterceptor - ■■■■■■■■■■■■■■■■■■■■■■■■■■■■■■■■■■■■■■■■■■■■■■■■■■
05:49:09.537 [INFO ] ProjectInterceptor - 请求拦截：URL == > /index.html
05:49:09.537 [INFO ] ProjectInterceptor - 网络信息：IP == > 148.153.2.91 (美国-US|加利福尼亚州|洛杉矶|首都在线全球云)
05:49:09.537 [INFO ] ProjectInterceptor - 设备信息：User-Agent == > Mozilla/5.0 (compatible; Konqueror/4.1; DragonFly) KHTML/4.1.4 (like Gecko)
05:49:09.537 [INFO ] ProjectInterceptor - session userName => null , sessionExistTime => 0 (0分钟) , sessionLastActiveTime => 0 (0分钟) 
05:49:09.537 [INFO ] ProjectInterceptor - session初始化
05:49:09.542 [INFO ] ProjectInterceptor - ------------------ Service  Log ------------------
05:49:09.543 [INFO ] ProjectInterceptor - --------------  Request  Completed  --------------
05:49:09.903 [INFO ] ProjectInterceptor - ■■■■■■■■■■■■■■■■■■■■■■■■■■■■■■■■■■■■■■■■■■■■■■■■■■
05:49:09.911 [INFO ] ProjectInterceptor - 请求拦截：URL == > /BlmB
05:49:09.911 [INFO ] ProjectInterceptor - 网络信息：IP == > 148.153.2.91 (美国-US|加利福尼亚州|洛杉矶|首都在线全球云)
05:49:09.912 [INFO ] ProjectInterceptor - 设备信息：User-Agent == > Mozilla/5.0 (Windows NT 6.2; rv:19.0) Gecko/20121129 Firefox/19.0
05:49:09.912 [INFO ] ProjectInterceptor - session userName => null , sessionExistTime => 0 (0分钟) , sessionLastActiveTime => 0 (0分钟) 
05:49:09.912 [INFO ] ProjectInterceptor - session初始化
05:49:09.922 [INFO ] ProjectInterceptor - ------------------ Service  Log ------------------
05:49:09.922 [INFO ] ProjectInterceptor - --------------  Request  Completed  --------------
05:49:09.923 [INFO ] ProjectInterceptor - ■■■■■■■■■■■■■■■■■■■■■■■■■■■■■■■■■■■■■■■■■■■■■■■■■■
05:49:09.930 [INFO ] ProjectInterceptor - 请求拦截：URL == > /index.html
05:49:09.930 [INFO ] ProjectInterceptor - 网络信息：IP == > 148.153.2.91 (美国-US|加利福尼亚州|洛杉矶|首都在线全球云)
05:49:09.930 [INFO ] ProjectInterceptor - 设备信息：User-Agent == > Mozilla/5.0 (Windows NT 6.2; rv:19.0) Gecko/20121129 Firefox/19.0
05:49:09.930 [INFO ] ProjectInterceptor - session userName => null , sessionExistTime => 0 (0分钟) , sessionLastActiveTime => 0 (0分钟) 
05:49:09.930 [INFO ] ProjectInterceptor - session初始化
05:49:09.937 [INFO ] ProjectInterceptor - ------------------ Service  Log ------------------
05:49:09.938 [INFO ] ProjectInterceptor - --------------  Request  Completed  --------------
05:56:10.559 [INFO ] InitUtil - ■■■■■■■■■■■■■■■■■■■■■■■■■■■■■■■■■■■■■■■■■■■■■■■■■■
05:56:10.559 [INFO ] InitUtil - -------- Ebai Cloud Service Is Running .. --------
05:56:13.685 [INFO ] InitUtil - => 本地IP地址: 61.173.79.220 => 累计运行时长: 13H1M6.591S
06:00:00.015 [INFO ] MailServiceImpl - ■■■■■■■■■■■■■■■■■■■■■■■■■■■■■■■■■■■■■■■■■■■■■■■■■■
06:00:00.015 [INFO ] MailServiceImpl - 定时任务触发：Service == > SendDailyMail
06:00:00.015 [INFO ] MailServiceImpl - ------------------ Service  Log ------------------
06:00:00.152 [INFO ] NetworkUtil - 邮件发送 => 2643372457@qq.com
06:00:00.152 [INFO ] NetworkUtil - 邮件发送 => 2081414628@qq.com
06:00:01.334 [INFO ] NetworkUtil - => 发送成功
06:06:10.572 [INFO ] InitUtil - ■■■■■■■■■■■■■■■■■■■■■■■■■■■■■■■■■■■■■■■■■■■■■■■■■■
06:06:10.572 [INFO ] InitUtil - -------- Ebai Cloud Service Is Running .. --------
06:06:13.670 [INFO ] InitUtil - => 本地IP地址: 61.173.79.220 => 累计运行时长: 13H11M6.576S
06:16:10.581 [INFO ] InitUtil - ■■■■■■■■■■■■■■■■■■■■■■■■■■■■■■■■■■■■■■■■■■■■■■■■■■
06:16:10.581 [INFO ] InitUtil - -------- Ebai Cloud Service Is Running .. --------
06:16:13.688 [INFO ] InitUtil - => 本地IP地址: 61.173.79.220 => 累计运行时长: 13H21M6.594S
06:26:10.596 [INFO ] InitUtil - ■■■■■■■■■■■■■■■■■■■■■■■■■■■■■■■■■■■■■■■■■■■■■■■■■■
06:26:10.596 [INFO ] InitUtil - -------- Ebai Cloud Service Is Running .. --------
06:26:13.703 [INFO ] InitUtil - => 本地IP地址: 61.173.79.220 => 累计运行时长: 13H31M6.609S
06:36:10.597 [INFO ] InitUtil - ■■■■■■■■■■■■■■■■■■■■■■■■■■■■■■■■■■■■■■■■■■■■■■■■■■
06:36:10.597 [INFO ] InitUtil - -------- Ebai Cloud Service Is Running .. --------
06:36:13.702 [INFO ] InitUtil - => 本地IP地址: 61.173.79.220 => 累计运行时长: 13H41M6.608S
06:46:10.609 [INFO ] InitUtil - ■■■■■■■■■■■■■■■■■■■■■■■■■■■■■■■■■■■■■■■■■■■■■■■■■■
06:46:10.609 [INFO ] InitUtil - -------- Ebai Cloud Service Is Running .. --------
06:46:13.703 [INFO ] InitUtil - => 本地IP地址: 61.173.79.220 => 累计运行时长: 13H51M6.609S
06:56:10.611 [INFO ] InitUtil - ■■■■■■■■■■■■■■■■■■■■■■■■■■■■■■■■■■■■■■■■■■■■■■■■■■
06:56:10.611 [INFO ] InitUtil - -------- Ebai Cloud Service Is Running .. --------
06:56:13.714 [INFO ] InitUtil - => 本地IP地址: 61.173.79.220 => 累计运行时长: 14H1M6.62S
07:06:10.617 [INFO ] InitUtil - ■■■■■■■■■■■■■■■■■■■■■■■■■■■■■■■■■■■■■■■■■■■■■■■■■■
07:06:10.617 [INFO ] InitUtil - -------- Ebai Cloud Service Is Running .. --------
07:06:13.727 [INFO ] InitUtil - => 本地IP地址: 61.173.79.220 => 累计运行时长: 14H11M6.633S
07:16:10.628 [INFO ] InitUtil - ■■■■■■■■■■■■■■■■■■■■■■■■■■■■■■■■■■■■■■■■■■■■■■■■■■
07:16:10.628 [INFO ] InitUtil - -------- Ebai Cloud Service Is Running .. --------
07:16:13.730 [INFO ] InitUtil - => 本地IP地址: 61.173.79.220 => 累计运行时长: 14H21M6.636S
07:26:10.636 [INFO ] InitUtil - ■■■■■■■■■■■■■■■■■■■■■■■■■■■■■■■■■■■■■■■■■■■■■■■■■■
07:26:10.636 [INFO ] InitUtil - -------- Ebai Cloud Service Is Running .. --------
07:26:13.730 [INFO ] InitUtil - => 本地IP地址: 61.173.79.220 => 累计运行时长: 14H31M6.636S
07:36:10.649 [INFO ] InitUtil - ■■■■■■■■■■■■■■■■■■■■■■■■■■■■■■■■■■■■■■■■■■■■■■■■■■
07:36:10.649 [INFO ] InitUtil - -------- Ebai Cloud Service Is Running .. --------
07:36:13.755 [INFO ] InitUtil - => 本地IP地址: 61.173.79.220 => 累计运行时长: 14H41M6.661S
07:46:10.652 [INFO ] InitUtil - ■■■■■■■■■■■■■■■■■■■■■■■■■■■■■■■■■■■■■■■■■■■■■■■■■■
07:46:10.652 [INFO ] InitUtil - -------- Ebai Cloud Service Is Running .. --------
07:46:13.762 [INFO ] InitUtil - => 本地IP地址: 61.173.79.220 => 累计运行时长: 14H51M6.668S
07:56:10.657 [INFO ] InitUtil - ■■■■■■■■■■■■■■■■■■■■■■■■■■■■■■■■■■■■■■■■■■■■■■■■■■
07:56:10.657 [INFO ] InitUtil - -------- Ebai Cloud Service Is Running .. --------
07:56:13.761 [INFO ] InitUtil - => 本地IP地址: 61.173.79.220 => 累计运行时长: 15H1M6.667S
08:06:10.665 [INFO ] InitUtil - ■■■■■■■■■■■■■■■■■■■■■■■■■■■■■■■■■■■■■■■■■■■■■■■■■■
08:06:10.665 [INFO ] InitUtil - -------- Ebai Cloud Service Is Running .. --------
08:06:13.759 [INFO ] InitUtil - => 本地IP地址: 61.173.79.220 => 累计运行时长: 15H11M6.665S
08:10:35.246 [INFO ] ProjectInterceptor - ■■■■■■■■■■■■■■■■■■■■■■■■■■■■■■■■■■■■■■■■■■■■■■■■■■
08:10:35.477 [INFO ] ProjectInterceptor - 请求拦截：URL == > /
08:10:35.477 [INFO ] ProjectInterceptor - 网络信息：IP == > 167.94.145.60 (德国-DE|黑森州|美因河畔法兰克福|Censys, Inc.)
08:10:35.477 [INFO ] ProjectInterceptor - 设备信息：User-Agent == > null
08:10:35.477 [INFO ] ProjectInterceptor - session userName => null , sessionExistTime => 0 (0分钟) , sessionLastActiveTime => 0 (0分钟) 
08:10:35.477 [INFO ] ProjectInterceptor - session初始化
08:10:35.488 [INFO ] ProjectInterceptor - ------------------ Service  Log ------------------
08:10:35.489 [INFO ] ProjectInterceptor - ■■■■■■■■■■■■■■■■■■■■■■■■■■■■■■■■■■■■■■■■■■■■■■■■■■
08:10:35.498 [INFO ] ProjectInterceptor - 请求拦截：URL == > /index.html
08:10:35.498 [INFO ] ProjectInterceptor - 网络信息：IP == > 167.94.145.60 (德国-DE|黑森州|美因河畔法兰克福|Censys, Inc.)
08:10:35.498 [INFO ] ProjectInterceptor - 设备信息：User-Agent == > null
08:10:35.498 [INFO ] ProjectInterceptor - session userName => null , sessionExistTime => 0 (0分钟) , sessionLastActiveTime => 0 (0分钟) 
08:10:35.498 [INFO ] ProjectInterceptor - session初始化
08:10:35.506 [INFO ] ProjectInterceptor - ------------------ Service  Log ------------------
08:10:35.507 [INFO ] ProjectInterceptor - --------------  Request  Completed  --------------
08:10:35.507 [INFO ] ProjectInterceptor - --------------  Request  Completed  --------------
08:10:35.944 [INFO ] ProjectInterceptor - ■■■■■■■■■■■■■■■■■■■■■■■■■■■■■■■■■■■■■■■■■■■■■■■■■■
08:10:35.952 [INFO ] ProjectInterceptor - 请求拦截：URL == > /
08:10:35.952 [INFO ] ProjectInterceptor - 网络信息：IP == > 167.94.145.60 (德国-DE|黑森州|美因河畔法兰克福|Censys, Inc.)
08:10:35.952 [INFO ] ProjectInterceptor - 设备信息：User-Agent == > Mozilla/5.0 (compatible; CensysInspect/1.1; +https://about.censys.io/)
08:10:35.952 [INFO ] ProjectInterceptor - session userName => null , sessionExistTime => 0 (0分钟) , sessionLastActiveTime => 0 (0分钟) 
08:10:35.952 [INFO ] ProjectInterceptor - session初始化
08:10:35.962 [INFO ] ProjectInterceptor - ------------------ Service  Log ------------------
08:10:35.963 [INFO ] ProjectInterceptor - ■■■■■■■■■■■■■■■■■■■■■■■■■■■■■■■■■■■■■■■■■■■■■■■■■■
08:10:35.972 [INFO ] ProjectInterceptor - 请求拦截：URL == > /index.html
08:10:35.972 [INFO ] ProjectInterceptor - 网络信息：IP == > 167.94.145.60 (德国-DE|黑森州|美因河畔法兰克福|Censys, Inc.)
08:10:35.972 [INFO ] ProjectInterceptor - 设备信息：User-Agent == > Mozilla/5.0 (compatible; CensysInspect/1.1; +https://about.censys.io/)
08:10:35.972 [INFO ] ProjectInterceptor - session userName => null , sessionExistTime => 0 (0分钟) , sessionLastActiveTime => 0 (0分钟) 
08:10:35.972 [INFO ] ProjectInterceptor - session初始化
08:10:35.986 [INFO ] ProjectInterceptor - ------------------ Service  Log ------------------
08:10:35.987 [INFO ] ProjectInterceptor - --------------  Request  Completed  --------------
08:10:35.987 [INFO ] ProjectInterceptor - --------------  Request  Completed  --------------
08:10:36.861 [INFO ] ProjectInterceptor - ■■■■■■■■■■■■■■■■■■■■■■■■■■■■■■■■■■■■■■■■■■■■■■■■■■
08:10:36.870 [INFO ] ProjectInterceptor - 请求拦截：URL == > /favicon.ico
08:10:36.870 [INFO ] ProjectInterceptor - 网络信息：IP == > 167.94.145.60 (德国-DE|黑森州|美因河畔法兰克福|Censys, Inc.)
08:10:36.870 [INFO ] ProjectInterceptor - 设备信息：User-Agent == > Mozilla/5.0 (compatible; CensysInspect/1.1; +https://about.censys.io/)
08:10:36.870 [INFO ] ProjectInterceptor - session userName => null , sessionExistTime => 0 (0分钟) , sessionLastActiveTime => 0 (0分钟) 
08:10:36.870 [INFO ] ProjectInterceptor - session初始化
08:10:36.881 [INFO ] ProjectInterceptor - ------------------ Service  Log ------------------
08:10:39.074 [INFO ] ProjectInterceptor - --------------  Request  Completed  --------------
08:16:10.679 [INFO ] InitUtil - ■■■■■■■■■■■■■■■■■■■■■■■■■■■■■■■■■■■■■■■■■■■■■■■■■■
08:16:10.679 [INFO ] InitUtil - -------- Ebai Cloud Service Is Running .. --------
08:16:13.798 [INFO ] InitUtil - => 本地IP地址: 61.173.79.220 => 累计运行时长: 15H21M6.704S
08:26:10.680 [INFO ] InitUtil - ■■■■■■■■■■■■■■■■■■■■■■■■■■■■■■■■■■■■■■■■■■■■■■■■■■
08:26:10.680 [INFO ] InitUtil - -------- Ebai Cloud Service Is Running .. --------
08:26:13.776 [INFO ] InitUtil - => 本地IP地址: 61.173.79.220 => 累计运行时长: 15H31M6.682S
08:36:10.684 [INFO ] InitUtil - ■■■■■■■■■■■■■■■■■■■■■■■■■■■■■■■■■■■■■■■■■■■■■■■■■■
08:36:10.684 [INFO ] InitUtil - -------- Ebai Cloud Service Is Running .. --------
08:36:13.786 [INFO ] InitUtil - => 本地IP地址: 61.173.79.220 => 累计运行时长: 15H41M6.692S
08:46:10.698 [INFO ] InitUtil - ■■■■■■■■■■■■■■■■■■■■■■■■■■■■■■■■■■■■■■■■■■■■■■■■■■
08:46:10.698 [INFO ] InitUtil - -------- Ebai Cloud Service Is Running .. --------
08:46:13.809 [INFO ] InitUtil - => 本地IP地址: 61.173.79.220 => 累计运行时长: 15H51M6.715S
08:56:10.710 [INFO ] InitUtil - ■■■■■■■■■■■■■■■■■■■■■■■■■■■■■■■■■■■■■■■■■■■■■■■■■■
08:56:10.710 [INFO ] InitUtil - -------- Ebai Cloud Service Is Running .. --------
08:56:13.823 [INFO ] InitUtil - => 本地IP地址: 61.173.79.220 => 累计运行时长: 16H1M6.729S
09:06:10.717 [INFO ] InitUtil - ■■■■■■■■■■■■■■■■■■■■■■■■■■■■■■■■■■■■■■■■■■■■■■■■■■
09:06:10.717 [INFO ] InitUtil - -------- Ebai Cloud Service Is Running .. --------
09:06:13.822 [INFO ] InitUtil - => 本地IP地址: 61.173.79.220 => 累计运行时长: 16H11M6.728S
09:16:10.726 [INFO ] InitUtil - ■■■■■■■■■■■■■■■■■■■■■■■■■■■■■■■■■■■■■■■■■■■■■■■■■■
09:16:10.726 [INFO ] InitUtil - -------- Ebai Cloud Service Is Running .. --------
09:16:13.737 [WARN ] NetworkUtil - Http Get Client Exception
09:16:16.752 [WARN ] NetworkUtil - Http Get Client Exception
09:16:19.765 [WARN ] NetworkUtil - Http Get Client Exception
09:16:22.783 [WARN ] NetworkUtil - Http Get Client Exception
09:16:25.889 [INFO ] InitUtil - => 本地IP地址: 61.173.79.220 => 累计运行时长: 16H21M18.795S
09:26:10.727 [INFO ] InitUtil - ■■■■■■■■■■■■■■■■■■■■■■■■■■■■■■■■■■■■■■■■■■■■■■■■■■
09:26:10.727 [INFO ] InitUtil - -------- Ebai Cloud Service Is Running .. --------
09:26:13.824 [INFO ] InitUtil - => 本地IP地址: 61.173.79.220 => 累计运行时长: 16H31M6.73S
09:36:10.739 [INFO ] InitUtil - ■■■■■■■■■■■■■■■■■■■■■■■■■■■■■■■■■■■■■■■■■■■■■■■■■■
09:36:10.739 [INFO ] InitUtil - -------- Ebai Cloud Service Is Running .. --------
09:36:13.759 [WARN ] NetworkUtil - Http Get Client Exception
09:36:16.773 [WARN ] NetworkUtil - Http Get Client Exception
09:36:19.784 [WARN ] NetworkUtil - Http Get Client Exception
09:36:22.798 [WARN ] NetworkUtil - Http Get Client Exception
09:36:25.882 [INFO ] InitUtil - => 本地IP地址: 61.173.79.220 => 累计运行时长: 16H41M18.788S
09:46:10.750 [INFO ] InitUtil - ■■■■■■■■■■■■■■■■■■■■■■■■■■■■■■■■■■■■■■■■■■■■■■■■■■
09:46:10.750 [INFO ] InitUtil - -------- Ebai Cloud Service Is Running .. --------
09:46:13.840 [INFO ] InitUtil - => 本地IP地址: 61.173.79.220 => 累计运行时长: 16H51M6.746S
09:56:10.757 [INFO ] InitUtil - ■■■■■■■■■■■■■■■■■■■■■■■■■■■■■■■■■■■■■■■■■■■■■■■■■■
09:56:10.757 [INFO ] InitUtil - -------- Ebai Cloud Service Is Running .. --------
09:56:13.876 [INFO ] InitUtil - => 本地IP地址: 61.173.79.220 => 累计运行时长: 17H1M6.782S
10:06:10.767 [INFO ] InitUtil - ■■■■■■■■■■■■■■■■■■■■■■■■■■■■■■■■■■■■■■■■■■■■■■■■■■
10:06:10.767 [INFO ] InitUtil - -------- Ebai Cloud Service Is Running .. --------
10:06:13.853 [INFO ] InitUtil - => 本地IP地址: 61.173.79.220 => 累计运行时长: 17H11M6.759S
10:16:10.782 [INFO ] InitUtil - ■■■■■■■■■■■■■■■■■■■■■■■■■■■■■■■■■■■■■■■■■■■■■■■■■■
10:16:10.782 [INFO ] InitUtil - -------- Ebai Cloud Service Is Running .. --------
10:16:13.887 [INFO ] InitUtil - => 本地IP地址: 61.173.79.220 => 累计运行时长: 17H21M6.793S
10:26:10.784 [INFO ] InitUtil - ■■■■■■■■■■■■■■■■■■■■■■■■■■■■■■■■■■■■■■■■■■■■■■■■■■
10:26:10.784 [INFO ] InitUtil - -------- Ebai Cloud Service Is Running .. --------
10:26:13.889 [INFO ] InitUtil - => 本地IP地址: 61.173.79.220 => 累计运行时长: 17H31M6.795S
10:36:10.786 [INFO ] InitUtil - ■■■■■■■■■■■■■■■■■■■■■■■■■■■■■■■■■■■■■■■■■■■■■■■■■■
10:36:10.786 [INFO ] InitUtil - -------- Ebai Cloud Service Is Running .. --------
10:36:13.903 [INFO ] InitUtil - => 本地IP地址: 61.173.79.220 => 累计运行时长: 17H41M6.809S
10:46:10.799 [INFO ] InitUtil - ■■■■■■■■■■■■■■■■■■■■■■■■■■■■■■■■■■■■■■■■■■■■■■■■■■
10:46:10.799 [INFO ] InitUtil - -------- Ebai Cloud Service Is Running .. --------
10:46:13.901 [INFO ] InitUtil - => 本地IP地址: 61.173.79.220 => 累计运行时长: 17H51M6.807S
10:56:10.814 [INFO ] InitUtil - ■■■■■■■■■■■■■■■■■■■■■■■■■■■■■■■■■■■■■■■■■■■■■■■■■■
10:56:10.814 [INFO ] InitUtil - -------- Ebai Cloud Service Is Running .. --------
10:56:13.905 [INFO ] InitUtil - => 本地IP地址: 61.173.79.220 => 累计运行时长: 18H1M6.811S
11:06:10.820 [INFO ] InitUtil - ■■■■■■■■■■■■■■■■■■■■■■■■■■■■■■■■■■■■■■■■■■■■■■■■■■
11:06:10.820 [INFO ] InitUtil - -------- Ebai Cloud Service Is Running .. --------
11:06:13.944 [INFO ] InitUtil - => 本地IP地址: 61.173.79.220 => 累计运行时长: 18H11M6.85S
11:16:10.830 [INFO ] InitUtil - ■■■■■■■■■■■■■■■■■■■■■■■■■■■■■■■■■■■■■■■■■■■■■■■■■■
11:16:10.830 [INFO ] InitUtil - -------- Ebai Cloud Service Is Running .. --------
11:16:13.944 [INFO ] InitUtil - => 本地IP地址: 61.173.79.220 => 累计运行时长: 18H21M6.85S
11:26:10.834 [INFO ] InitUtil - ■■■■■■■■■■■■■■■■■■■■■■■■■■■■■■■■■■■■■■■■■■■■■■■■■■
11:26:10.834 [INFO ] InitUtil - -------- Ebai Cloud Service Is Running .. --------
11:26:13.946 [INFO ] InitUtil - => 本地IP地址: 61.173.79.220 => 累计运行时长: 18H31M6.852S
11:36:10.838 [INFO ] InitUtil - ■■■■■■■■■■■■■■■■■■■■■■■■■■■■■■■■■■■■■■■■■■■■■■■■■■
11:36:10.838 [INFO ] InitUtil - -------- Ebai Cloud Service Is Running .. --------
11:36:13.992 [INFO ] InitUtil - => 本地IP地址: 61.173.79.220 => 累计运行时长: 18H41M6.898S
11:36:57.172 [INFO ] ProjectInterceptor - ■■■■■■■■■■■■■■■■■■■■■■■■■■■■■■■■■■■■■■■■■■■■■■■■■■
11:36:57.475 [INFO ] ProjectInterceptor - 请求拦截：URL == > /
11:36:57.475 [INFO ] ProjectInterceptor - 网络信息：IP == > 192.241.206.94 (美国-US|加利福尼亚州|旧金山|DigitalOcean, LLC)
11:36:57.475 [INFO ] ProjectInterceptor - 设备信息：User-Agent == > Mozilla/5.0 zgrab/0.x
11:36:57.476 [INFO ] ProjectInterceptor - session userName => null , sessionExistTime => 0 (0分钟) , sessionLastActiveTime => 0 (0分钟) 
11:36:57.476 [INFO ] ProjectInterceptor - session初始化
11:36:57.484 [INFO ] ProjectInterceptor - ------------------ Service  Log ------------------
11:36:57.486 [INFO ] ProjectInterceptor - ■■■■■■■■■■■■■■■■■■■■■■■■■■■■■■■■■■■■■■■■■■■■■■■■■■
11:36:57.496 [INFO ] ProjectInterceptor - 请求拦截：URL == > /index.html
11:36:57.496 [INFO ] ProjectInterceptor - 网络信息：IP == > 192.241.206.94 (美国-US|加利福尼亚州|旧金山|DigitalOcean, LLC)
11:36:57.496 [INFO ] ProjectInterceptor - 设备信息：User-Agent == > Mozilla/5.0 zgrab/0.x
11:36:57.496 [INFO ] ProjectInterceptor - session userName => null , sessionExistTime => 0 (0分钟) , sessionLastActiveTime => 0 (0分钟) 
11:36:57.496 [INFO ] ProjectInterceptor - session初始化
11:36:57.505 [INFO ] ProjectInterceptor - ------------------ Service  Log ------------------
11:36:57.526 [INFO ] ProjectInterceptor - --------------  Request  Completed  --------------
11:36:57.527 [INFO ] ProjectInterceptor - --------------  Request  Completed  --------------
11:46:10.838 [INFO ] InitUtil - ■■■■■■■■■■■■■■■■■■■■■■■■■■■■■■■■■■■■■■■■■■■■■■■■■■
11:46:10.838 [INFO ] InitUtil - -------- Ebai Cloud Service Is Running .. --------
11:46:13.956 [INFO ] InitUtil - => 本地IP地址: 61.173.79.220 => 累计运行时长: 18H51M6.862S
11:56:10.850 [INFO ] InitUtil - ■■■■■■■■■■■■■■■■■■■■■■■■■■■■■■■■■■■■■■■■■■■■■■■■■■
11:56:10.850 [INFO ] InitUtil - -------- Ebai Cloud Service Is Running .. --------
11:56:13.966 [INFO ] InitUtil - => 本地IP地址: 61.173.79.220 => 累计运行时长: 19H1M6.872S
12:06:10.853 [INFO ] InitUtil - ■■■■■■■■■■■■■■■■■■■■■■■■■■■■■■■■■■■■■■■■■■■■■■■■■■
12:06:10.853 [INFO ] InitUtil - -------- Ebai Cloud Service Is Running .. --------
12:06:13.861 [WARN ] NetworkUtil - Http Get Client Exception
12:06:16.871 [WARN ] NetworkUtil - Http Get Client Exception
12:06:19.876 [WARN ] NetworkUtil - Http Get Client Exception
12:06:22.878 [WARN ] NetworkUtil - Http Get Client Exception
12:06:25.980 [INFO ] InitUtil - => 本地IP地址: 61.173.79.220 => 累计运行时长: 19H11M18.886S
12:16:10.854 [INFO ] InitUtil - ■■■■■■■■■■■■■■■■■■■■■■■■■■■■■■■■■■■■■■■■■■■■■■■■■■
12:16:10.854 [INFO ] InitUtil - -------- Ebai Cloud Service Is Running .. --------
12:16:13.946 [INFO ] InitUtil - => 本地IP地址: 61.173.79.220 => 累计运行时长: 19H21M6.852S
12:26:10.867 [INFO ] InitUtil - ■■■■■■■■■■■■■■■■■■■■■■■■■■■■■■■■■■■■■■■■■■■■■■■■■■
12:26:10.867 [INFO ] InitUtil - -------- Ebai Cloud Service Is Running .. --------
12:26:13.988 [INFO ] InitUtil - => 本地IP地址: 61.173.79.220 => 累计运行时长: 19H31M6.894S
12:36:10.871 [INFO ] InitUtil - ■■■■■■■■■■■■■■■■■■■■■■■■■■■■■■■■■■■■■■■■■■■■■■■■■■
12:36:10.871 [INFO ] InitUtil - -------- Ebai Cloud Service Is Running .. --------
12:36:13.985 [INFO ] InitUtil - => 本地IP地址: 61.173.79.220 => 累计运行时长: 19H41M6.891S
12:46:10.885 [INFO ] InitUtil - ■■■■■■■■■■■■■■■■■■■■■■■■■■■■■■■■■■■■■■■■■■■■■■■■■■
12:46:10.885 [INFO ] InitUtil - -------- Ebai Cloud Service Is Running .. --------
12:46:14.005 [INFO ] InitUtil - => 本地IP地址: 61.173.79.220 => 累计运行时长: 19H51M6.911S
12:56:10.886 [INFO ] InitUtil - ■■■■■■■■■■■■■■■■■■■■■■■■■■■■■■■■■■■■■■■■■■■■■■■■■■
12:56:10.886 [INFO ] InitUtil - -------- Ebai Cloud Service Is Running .. --------
12:56:14.037 [INFO ] InitUtil - => 本地IP地址: 61.173.79.220 => 累计运行时长: 20H1M6.943S
13:06:10.891 [INFO ] InitUtil - ■■■■■■■■■■■■■■■■■■■■■■■■■■■■■■■■■■■■■■■■■■■■■■■■■■
13:06:10.891 [INFO ] InitUtil - -------- Ebai Cloud Service Is Running .. --------
13:06:14.005 [INFO ] InitUtil - => 本地IP地址: 61.173.79.220 => 累计运行时长: 20H11M6.911S
13:16:10.899 [INFO ] InitUtil - ■■■■■■■■■■■■■■■■■■■■■■■■■■■■■■■■■■■■■■■■■■■■■■■■■■
13:16:10.899 [INFO ] InitUtil - -------- Ebai Cloud Service Is Running .. --------
13:16:14.020 [INFO ] InitUtil - => 本地IP地址: 61.173.79.220 => 累计运行时长: 20H21M6.926S
13:26:10.900 [INFO ] InitUtil - ■■■■■■■■■■■■■■■■■■■■■■■■■■■■■■■■■■■■■■■■■■■■■■■■■■
13:26:10.900 [INFO ] InitUtil - -------- Ebai Cloud Service Is Running .. --------
13:26:14.000 [INFO ] InitUtil - => 本地IP地址: 61.173.79.220 => 累计运行时长: 20H31M6.906S
13:36:10.909 [INFO ] InitUtil - ■■■■■■■■■■■■■■■■■■■■■■■■■■■■■■■■■■■■■■■■■■■■■■■■■■
13:36:10.909 [INFO ] InitUtil - -------- Ebai Cloud Service Is Running .. --------
13:36:14.035 [INFO ] InitUtil - => 本地IP地址: 61.173.79.220 => 累计运行时长: 20H41M6.941S
13:46:10.921 [INFO ] InitUtil - ■■■■■■■■■■■■■■■■■■■■■■■■■■■■■■■■■■■■■■■■■■■■■■■■■■
13:46:10.921 [INFO ] InitUtil - -------- Ebai Cloud Service Is Running .. --------
13:46:14.032 [INFO ] InitUtil - => 本地IP地址: 61.173.79.220 => 累计运行时长: 20H51M6.938S
13:56:10.925 [INFO ] InitUtil - ■■■■■■■■■■■■■■■■■■■■■■■■■■■■■■■■■■■■■■■■■■■■■■■■■■
13:56:10.925 [INFO ] InitUtil - -------- Ebai Cloud Service Is Running .. --------
13:56:14.101 [INFO ] InitUtil - => 本地IP地址: 61.173.79.220 => 累计运行时长: 21H1M7.007S
14:06:10.939 [INFO ] InitUtil - ■■■■■■■■■■■■■■■■■■■■■■■■■■■■■■■■■■■■■■■■■■■■■■■■■■
14:06:10.939 [INFO ] InitUtil - -------- Ebai Cloud Service Is Running .. --------
14:06:14.082 [INFO ] InitUtil - => 本地IP地址: 61.173.79.220 => 累计运行时长: 21H11M6.988S
14:16:10.950 [INFO ] InitUtil - ■■■■■■■■■■■■■■■■■■■■■■■■■■■■■■■■■■■■■■■■■■■■■■■■■■
14:16:10.950 [INFO ] InitUtil - -------- Ebai Cloud Service Is Running .. --------
14:16:14.056 [INFO ] InitUtil - => 本地IP地址: 61.173.79.220 => 累计运行时长: 21H21M6.962S
14:26:10.963 [INFO ] InitUtil - ■■■■■■■■■■■■■■■■■■■■■■■■■■■■■■■■■■■■■■■■■■■■■■■■■■
14:26:10.963 [INFO ] InitUtil - -------- Ebai Cloud Service Is Running .. --------
14:26:14.157 [INFO ] InitUtil - => 本地IP地址: 61.173.79.220 => 累计运行时长: 21H31M7.063S
14:36:10.963 [INFO ] InitUtil - ■■■■■■■■■■■■■■■■■■■■■■■■■■■■■■■■■■■■■■■■■■■■■■■■■■
14:36:10.963 [INFO ] InitUtil - -------- Ebai Cloud Service Is Running .. --------
14:36:14.063 [INFO ] InitUtil - => 本地IP地址: 61.173.79.220 => 累计运行时长: 21H41M6.969S
14:46:10.976 [INFO ] InitUtil - ■■■■■■■■■■■■■■■■■■■■■■■■■■■■■■■■■■■■■■■■■■■■■■■■■■
14:46:10.976 [INFO ] InitUtil - -------- Ebai Cloud Service Is Running .. --------
14:46:14.087 [INFO ] InitUtil - => 本地IP地址: 61.173.79.220 => 累计运行时长: 21H51M6.993S
14:56:10.981 [INFO ] InitUtil - ■■■■■■■■■■■■■■■■■■■■■■■■■■■■■■■■■■■■■■■■■■■■■■■■■■
14:56:10.981 [INFO ] InitUtil - -------- Ebai Cloud Service Is Running .. --------
14:56:14.085 [INFO ] InitUtil - => 本地IP地址: 61.173.79.220 => 累计运行时长: 22H1M6.991S
15:06:10.983 [INFO ] InitUtil - ■■■■■■■■■■■■■■■■■■■■■■■■■■■■■■■■■■■■■■■■■■■■■■■■■■
15:06:10.983 [INFO ] InitUtil - -------- Ebai Cloud Service Is Running .. --------
15:06:14.093 [INFO ] InitUtil - => 本地IP地址: 61.173.79.220 => 累计运行时长: 22H11M6.999S
15:16:10.987 [INFO ] InitUtil - ■■■■■■■■■■■■■■■■■■■■■■■■■■■■■■■■■■■■■■■■■■■■■■■■■■
15:16:10.987 [INFO ] InitUtil - -------- Ebai Cloud Service Is Running .. --------
15:16:14.126 [INFO ] InitUtil - => 本地IP地址: 61.173.79.220 => 累计运行时长: 22H21M7.032S
15:26:10.995 [INFO ] InitUtil - ■■■■■■■■■■■■■■■■■■■■■■■■■■■■■■■■■■■■■■■■■■■■■■■■■■
15:26:10.995 [INFO ] InitUtil - -------- Ebai Cloud Service Is Running .. --------
15:26:14.109 [INFO ] InitUtil - => 本地IP地址: 61.173.79.220 => 累计运行时长: 22H31M7.015S
15:36:11.002 [INFO ] InitUtil - ■■■■■■■■■■■■■■■■■■■■■■■■■■■■■■■■■■■■■■■■■■■■■■■■■■
15:36:11.002 [INFO ] InitUtil - -------- Ebai Cloud Service Is Running .. --------
15:36:14.104 [INFO ] InitUtil - => 本地IP地址: 61.173.79.220 => 累计运行时长: 22H41M7.01S
15:46:11.009 [INFO ] InitUtil - ■■■■■■■■■■■■■■■■■■■■■■■■■■■■■■■■■■■■■■■■■■■■■■■■■■
15:46:11.009 [INFO ] InitUtil - -------- Ebai Cloud Service Is Running .. --------
15:46:14.019 [WARN ] NetworkUtil - Http Get Client Exception
15:46:17.034 [WARN ] NetworkUtil - Http Get Client Exception
15:46:20.043 [WARN ] NetworkUtil - Http Get Client Exception
15:46:23.057 [WARN ] NetworkUtil - Http Get Client Exception
15:46:26.148 [INFO ] InitUtil - => 本地IP地址: 61.173.79.220 => 累计运行时长: 22H51M19.054S
15:56:11.014 [INFO ] InitUtil - ■■■■■■■■■■■■■■■■■■■■■■■■■■■■■■■■■■■■■■■■■■■■■■■■■■
15:56:11.014 [INFO ] InitUtil - -------- Ebai Cloud Service Is Running .. --------
15:56:14.165 [INFO ] InitUtil - => 本地IP地址: 61.173.79.220 => 累计运行时长: 23H1M7.071S
16:06:11.022 [INFO ] InitUtil - ■■■■■■■■■■■■■■■■■■■■■■■■■■■■■■■■■■■■■■■■■■■■■■■■■■
16:06:11.022 [INFO ] InitUtil - -------- Ebai Cloud Service Is Running .. --------
16:06:14.142 [INFO ] InitUtil - => 本地IP地址: 61.173.79.220 => 累计运行时长: 23H11M7.048S
16:16:11.034 [INFO ] InitUtil - ■■■■■■■■■■■■■■■■■■■■■■■■■■■■■■■■■■■■■■■■■■■■■■■■■■
16:16:11.034 [INFO ] InitUtil - -------- Ebai Cloud Service Is Running .. --------
16:16:14.158 [INFO ] InitUtil - => 本地IP地址: 61.173.79.220 => 累计运行时长: 23H21M7.064S
16:26:11.043 [INFO ] InitUtil - ■■■■■■■■■■■■■■■■■■■■■■■■■■■■■■■■■■■■■■■■■■■■■■■■■■
16:26:11.043 [INFO ] InitUtil - -------- Ebai Cloud Service Is Running .. --------
16:26:14.242 [INFO ] InitUtil - => 本地IP地址: 61.173.79.220 => 累计运行时长: 23H31M7.148S
16:36:11.046 [INFO ] InitUtil - ■■■■■■■■■■■■■■■■■■■■■■■■■■■■■■■■■■■■■■■■■■■■■■■■■■
16:36:11.046 [INFO ] InitUtil - -------- Ebai Cloud Service Is Running .. --------
16:36:14.208 [INFO ] InitUtil - => 本地IP地址: 61.173.79.220 => 累计运行时长: 23H41M7.114S
16:46:11.056 [INFO ] InitUtil - ■■■■■■■■■■■■■■■■■■■■■■■■■■■■■■■■■■■■■■■■■■■■■■■■■■
16:46:11.056 [INFO ] InitUtil - -------- Ebai Cloud Service Is Running .. --------
16:46:14.204 [INFO ] InitUtil - => 本地IP地址: 61.173.79.220 => 累计运行时长: 23H51M7.11S
16:56:11.063 [INFO ] InitUtil - ■■■■■■■■■■■■■■■■■■■■■■■■■■■■■■■■■■■■■■■■■■■■■■■■■■
16:56:11.063 [INFO ] InitUtil - -------- Ebai Cloud Service Is Running .. --------
16:56:14.230 [INFO ] InitUtil - => 本地IP地址: 61.173.79.220 => 累计运行时长: 24H1M7.135S
17:06:11.069 [INFO ] InitUtil - ■■■■■■■■■■■■■■■■■■■■■■■■■■■■■■■■■■■■■■■■■■■■■■■■■■
17:06:11.069 [INFO ] InitUtil - -------- Ebai Cloud Service Is Running .. --------
17:06:14.229 [INFO ] InitUtil - => 本地IP地址: 61.173.79.220 => 累计运行时长: 24H11M7.135S
17:15:45.921 [INFO ] ProjectInterceptor - ■■■■■■■■■■■■■■■■■■■■■■■■■■■■■■■■■■■■■■■■■■■■■■■■■■
17:15:45.963 [INFO ] ProjectInterceptor - 请求拦截：URL == > /api/user/currentUser
17:15:45.963 [INFO ] ProjectInterceptor - 网络信息：IP == > 127.0.0.1 (本地访问)
17:15:45.963 [INFO ] ProjectInterceptor - 设备信息：User-Agent == > Mozilla/5.0 (Windows NT 10.0; Win64; x64) AppleWebKit/537.36 (KHTML, like Gecko) Chrome/107.0.0.0 Safari/537.36 Edg/107.0.1418.42
17:15:45.963 [INFO ] ProjectInterceptor - session userName => null , sessionExistTime => 0 (0分钟) , sessionLastActiveTime => 0 (0分钟) 
17:15:45.963 [INFO ] ProjectInterceptor - session初始化
17:15:45.979 [INFO ] ProjectInterceptor - ------------------ Service  Log ------------------
17:15:45.980 [INFO ] UserController - Check Current User => Session Id: E17C3E9D2B691A6FA975B1CDA34EEFE9
17:15:46.018 [INFO ] ProjectInterceptor - --------------  Request  Completed  --------------
17:16:11.072 [INFO ] InitUtil - ■■■■■■■■■■■■■■■■■■■■■■■■■■■■■■■■■■■■■■■■■■■■■■■■■■
17:16:11.072 [INFO ] InitUtil - -------- Ebai Cloud Service Is Running .. --------
17:16:14.178 [INFO ] InitUtil - => 本地IP地址: 61.173.79.220 => 累计运行时长: 24H21M7.084S
17:17:22.365 [INFO ] ProjectInterceptor - ■■■■■■■■■■■■■■■■■■■■■■■■■■■■■■■■■■■■■■■■■■■■■■■■■■
17:17:22.374 [INFO ] ProjectInterceptor - 请求拦截：URL == > /api/user/login/mobile/captcha
17:17:22.375 [INFO ] ProjectInterceptor - 网络信息：IP == > 127.0.0.1 (本地访问)
17:17:22.375 [INFO ] ProjectInterceptor - 设备信息：User-Agent == > Mozilla/5.0 (Windows NT 10.0; Win64; x64) AppleWebKit/537.36 (KHTML, like Gecko) Chrome/107.0.0.0 Safari/537.36 Edg/107.0.1418.42
17:17:22.375 [INFO ] ProjectInterceptor - session userName => null , sessionExistTime => 96394 (1分钟) , sessionLastActiveTime => 96356 (1分钟) 
17:17:22.375 [INFO ] ProjectInterceptor - session初始化
17:17:22.382 [INFO ] ProjectInterceptor - ------------------ Service  Log ------------------
17:17:22.385 [WARN ] DefaultHandlerExceptionResolver - Resolved [org.springframework.http.converter.HttpMessageNotReadableException: JSON parse error: Cannot coerce empty String ("") to `com.ebai.ebai_cloud_service.controller.request.LoginAccountRequest` value (but could if coercion was enabled using `CoercionConfig`); nested exception is com.fasterxml.jackson.databind.exc.InvalidFormatException: Cannot coerce empty String ("") to `com.ebai.ebai_cloud_service.controller.request.LoginAccountRequest` value (but could if coercion was enabled using `CoercionConfig`)<EOL> at [Source: (org.springframework.util.StreamUtils$NonClosingInputStream); line: 1, column: 1]]
17:17:22.385 [INFO ] ProjectInterceptor - --------------  Request  Completed  --------------
17:17:34.109 [INFO ] ProjectInterceptor - ■■■■■■■■■■■■■■■■■■■■■■■■■■■■■■■■■■■■■■■■■■■■■■■■■■
17:17:34.120 [INFO ] ProjectInterceptor - 请求拦截：URL == > /api/user/login/mobile/captcha
17:17:34.120 [INFO ] ProjectInterceptor - 网络信息：IP == > 127.0.0.1 (本地访问)
17:17:34.120 [INFO ] ProjectInterceptor - 设备信息：User-Agent == > Mozilla/5.0 (Windows NT 10.0; Win64; x64) AppleWebKit/537.36 (KHTML, like Gecko) Chrome/107.0.0.0 Safari/537.36 Edg/107.0.1418.42
17:17:34.120 [INFO ] ProjectInterceptor - session userName => null , sessionExistTime => 1 (0分钟) , sessionLastActiveTime => 1 (0分钟) 
17:17:34.120 [INFO ] ProjectInterceptor - session初始化
17:17:34.127 [INFO ] ProjectInterceptor - ------------------ Service  Log ------------------
17:17:34.127 [WARN ] DefaultHandlerExceptionResolver - Resolved [org.springframework.http.converter.HttpMessageNotReadableException: JSON parse error: Cannot coerce empty String ("") to `com.ebai.ebai_cloud_service.controller.request.LoginAccountRequest` value (but could if coercion was enabled using `CoercionConfig`); nested exception is com.fasterxml.jackson.databind.exc.InvalidFormatException: Cannot coerce empty String ("") to `com.ebai.ebai_cloud_service.controller.request.LoginAccountRequest` value (but could if coercion was enabled using `CoercionConfig`)<EOL> at [Source: (org.springframework.util.StreamUtils$NonClosingInputStream); line: 1, column: 1]]
17:17:34.127 [INFO ] ProjectInterceptor - --------------  Request  Completed  --------------
17:19:39.584 [INFO ] ProjectInterceptor - ■■■■■■■■■■■■■■■■■■■■■■■■■■■■■■■■■■■■■■■■■■■■■■■■■■
17:19:39.593 [INFO ] ProjectInterceptor - 请求拦截：URL == > /api/user/login/mobile/captcha
17:19:39.593 [INFO ] ProjectInterceptor - 网络信息：IP == > 127.0.0.1 (本地访问)
17:19:39.593 [INFO ] ProjectInterceptor - 设备信息：User-Agent == > Mozilla/5.0 (Windows NT 10.0; Win64; x64) AppleWebKit/537.36 (KHTML, like Gecko) Chrome/107.0.0.0 Safari/537.36 Edg/107.0.1418.42
17:19:39.593 [INFO ] ProjectInterceptor - session userName => null , sessionExistTime => 0 (0分钟) , sessionLastActiveTime => 0 (0分钟) 
17:19:39.593 [INFO ] ProjectInterceptor - session初始化
17:19:39.603 [INFO ] ProjectInterceptor - ------------------ Service  Log ------------------
17:19:39.604 [WARN ] DefaultHandlerExceptionResolver - Resolved [org.springframework.http.converter.HttpMessageNotReadableException: JSON parse error: Cannot coerce empty String ("") to `com.ebai.ebai_cloud_service.controller.request.LoginAccountRequest` value (but could if coercion was enabled using `CoercionConfig`); nested exception is com.fasterxml.jackson.databind.exc.InvalidFormatException: Cannot coerce empty String ("") to `com.ebai.ebai_cloud_service.controller.request.LoginAccountRequest` value (but could if coercion was enabled using `CoercionConfig`)<EOL> at [Source: (org.springframework.util.StreamUtils$NonClosingInputStream); line: 1, column: 1]]
17:19:39.604 [INFO ] ProjectInterceptor - --------------  Request  Completed  --------------
17:26:11.085 [INFO ] InitUtil - ■■■■■■■■■■■■■■■■■■■■■■■■■■■■■■■■■■■■■■■■■■■■■■■■■■
17:26:11.085 [INFO ] InitUtil - -------- Ebai Cloud Service Is Running .. --------
17:26:14.104 [WARN ] NetworkUtil - Http Get Client Exception
17:26:17.110 [WARN ] NetworkUtil - Http Get Client Exception
17:26:20.113 [WARN ] NetworkUtil - Http Get Client Exception
17:26:23.127 [WARN ] NetworkUtil - Http Get Client Exception
17:26:26.226 [INFO ] InitUtil - => 本地IP地址: 61.173.79.220 => 累计运行时长: 24H31M19.132S
17:36:11.092 [INFO ] InitUtil - ■■■■■■■■■■■■■■■■■■■■■■■■■■■■■■■■■■■■■■■■■■■■■■■■■■
17:36:11.092 [INFO ] InitUtil - -------- Ebai Cloud Service Is Running .. --------
17:36:14.107 [WARN ] NetworkUtil - Http Get Client Exception
17:36:17.121 [WARN ] NetworkUtil - Http Get Client Exception
17:36:20.126 [WARN ] NetworkUtil - Http Get Client Exception
17:36:23.136 [WARN ] NetworkUtil - Http Get Client Exception
17:36:26.250 [INFO ] InitUtil - => 本地IP地址: 61.173.79.220 => 累计运行时长: 24H41M19.156S
17:46:11.093 [INFO ] InitUtil - ■■■■■■■■■■■■■■■■■■■■■■■■■■■■■■■■■■■■■■■■■■■■■■■■■■
17:46:11.093 [INFO ] InitUtil - -------- Ebai Cloud Service Is Running .. --------
17:46:14.210 [INFO ] InitUtil - => 本地IP地址: 61.173.79.220 => 累计运行时长: 24H51M7.116S
17:56:11.108 [INFO ] InitUtil - ■■■■■■■■■■■■■■■■■■■■■■■■■■■■■■■■■■■■■■■■■■■■■■■■■■
17:56:11.108 [INFO ] InitUtil - -------- Ebai Cloud Service Is Running .. --------
17:56:14.275 [INFO ] InitUtil - => 本地IP地址: 61.173.79.220 => 累计运行时长: 25H1M7.181S
18:06:11.120 [INFO ] InitUtil - ■■■■■■■■■■■■■■■■■■■■■■■■■■■■■■■■■■■■■■■■■■■■■■■■■■
18:06:11.120 [INFO ] InitUtil - -------- Ebai Cloud Service Is Running .. --------
18:06:14.130 [WARN ] NetworkUtil - Http Get Client Exception
18:06:17.133 [WARN ] NetworkUtil - Http Get Client Exception
18:06:20.136 [WARN ] NetworkUtil - Http Get Client Exception
18:06:23.146 [WARN ] NetworkUtil - Http Get Client Exception
18:06:26.269 [INFO ] InitUtil - => 本地IP地址: 61.173.79.220 => 累计运行时长: 25H11M19.175S
18:16:11.134 [INFO ] InitUtil - ■■■■■■■■■■■■■■■■■■■■■■■■■■■■■■■■■■■■■■■■■■■■■■■■■■
18:16:11.134 [INFO ] InitUtil - -------- Ebai Cloud Service Is Running .. --------
18:16:14.259 [INFO ] InitUtil - => 本地IP地址: 61.173.79.220 => 累计运行时长: 25H21M7.165S
18:26:11.139 [INFO ] InitUtil - ■■■■■■■■■■■■■■■■■■■■■■■■■■■■■■■■■■■■■■■■■■■■■■■■■■
18:26:11.139 [INFO ] InitUtil - -------- Ebai Cloud Service Is Running .. --------
18:26:14.254 [INFO ] InitUtil - => 本地IP地址: 61.173.79.220 => 累计运行时长: 25H31M7.16S
18:36:11.149 [INFO ] InitUtil - ■■■■■■■■■■■■■■■■■■■■■■■■■■■■■■■■■■■■■■■■■■■■■■■■■■
18:36:11.149 [INFO ] InitUtil - -------- Ebai Cloud Service Is Running .. --------
18:36:14.166 [WARN ] NetworkUtil - Http Get Client Exception
18:36:17.179 [WARN ] NetworkUtil - Http Get Client Exception
18:36:20.181 [WARN ] NetworkUtil - Http Get Client Exception
18:36:23.187 [WARN ] NetworkUtil - Http Get Client Exception
18:36:26.304 [INFO ] InitUtil - => 本地IP地址: 61.173.79.220 => 累计运行时长: 25H41M19.209S
18:46:11.149 [INFO ] InitUtil - ■■■■■■■■■■■■■■■■■■■■■■■■■■■■■■■■■■■■■■■■■■■■■■■■■■
18:46:11.149 [INFO ] InitUtil - -------- Ebai Cloud Service Is Running .. --------
18:46:14.165 [WARN ] NetworkUtil - Http Get Client Exception
18:46:17.168 [WARN ] NetworkUtil - Http Get Client Exception
18:46:20.179 [WARN ] NetworkUtil - Http Get Client Exception
18:46:23.181 [WARN ] NetworkUtil - Http Get Client Exception
18:46:26.275 [INFO ] InitUtil - => 本地IP地址: 61.173.79.220 => 累计运行时长: 25H51M19.181S
18:56:11.158 [INFO ] InitUtil - ■■■■■■■■■■■■■■■■■■■■■■■■■■■■■■■■■■■■■■■■■■■■■■■■■■
18:56:11.158 [INFO ] InitUtil - -------- Ebai Cloud Service Is Running .. --------
18:56:14.266 [INFO ] InitUtil - => 本地IP地址: 61.173.79.220 => 累计运行时长: 26H1M7.172S
19:06:11.162 [INFO ] InitUtil - ■■■■■■■■■■■■■■■■■■■■■■■■■■■■■■■■■■■■■■■■■■■■■■■■■■
19:06:11.162 [INFO ] InitUtil - -------- Ebai Cloud Service Is Running .. --------
19:06:14.264 [INFO ] InitUtil - => 本地IP地址: 61.173.79.220 => 累计运行时长: 26H11M7.17S
19:16:11.171 [INFO ] InitUtil - ■■■■■■■■■■■■■■■■■■■■■■■■■■■■■■■■■■■■■■■■■■■■■■■■■■
19:16:11.171 [INFO ] InitUtil - -------- Ebai Cloud Service Is Running .. --------
19:16:14.280 [INFO ] InitUtil - => 本地IP地址: 61.173.79.220 => 累计运行时长: 26H21M7.186S
19:26:11.175 [INFO ] InitUtil - ■■■■■■■■■■■■■■■■■■■■■■■■■■■■■■■■■■■■■■■■■■■■■■■■■■
19:26:11.175 [INFO ] InitUtil - -------- Ebai Cloud Service Is Running .. --------
19:26:14.185 [WARN ] NetworkUtil - Http Get Client Exception
19:26:17.191 [WARN ] NetworkUtil - Http Get Client Exception
19:26:20.203 [WARN ] NetworkUtil - Http Get Client Exception
19:26:23.206 [WARN ] NetworkUtil - Http Get Client Exception
19:26:26.313 [INFO ] InitUtil - => 本地IP地址: 61.173.79.220 => 累计运行时长: 26H31M19.219S
19:36:11.189 [INFO ] InitUtil - ■■■■■■■■■■■■■■■■■■■■■■■■■■■■■■■■■■■■■■■■■■■■■■■■■■
19:36:11.189 [INFO ] InitUtil - -------- Ebai Cloud Service Is Running .. --------
19:36:14.304 [INFO ] InitUtil - => 本地IP地址: 61.173.79.220 => 累计运行时长: 26H41M7.21S
19:46:11.190 [INFO ] InitUtil - ■■■■■■■■■■■■■■■■■■■■■■■■■■■■■■■■■■■■■■■■■■■■■■■■■■
19:46:11.190 [INFO ] InitUtil - -------- Ebai Cloud Service Is Running .. --------
19:46:14.314 [INFO ] InitUtil - => 本地IP地址: 61.173.79.220 => 累计运行时长: 26H51M7.22S
19:56:11.194 [INFO ] InitUtil - ■■■■■■■■■■■■■■■■■■■■■■■■■■■■■■■■■■■■■■■■■■■■■■■■■■
19:56:11.194 [INFO ] InitUtil - -------- Ebai Cloud Service Is Running .. --------
19:56:14.296 [INFO ] InitUtil - => 本地IP地址: 61.173.79.220 => 累计运行时长: 27H1M7.202S
20:06:11.205 [INFO ] InitUtil - ■■■■■■■■■■■■■■■■■■■■■■■■■■■■■■■■■■■■■■■■■■■■■■■■■■
20:06:11.205 [INFO ] InitUtil - -------- Ebai Cloud Service Is Running .. --------
20:06:14.334 [INFO ] InitUtil - => 本地IP地址: 61.173.79.220 => 累计运行时长: 27H11M7.24S
20:16:11.208 [INFO ] InitUtil - ■■■■■■■■■■■■■■■■■■■■■■■■■■■■■■■■■■■■■■■■■■■■■■■■■■
20:16:11.208 [INFO ] InitUtil - -------- Ebai Cloud Service Is Running .. --------
20:16:14.343 [INFO ] InitUtil - => 本地IP地址: 61.173.79.220 => 累计运行时长: 27H21M7.248S
20:26:11.208 [INFO ] InitUtil - ■■■■■■■■■■■■■■■■■■■■■■■■■■■■■■■■■■■■■■■■■■■■■■■■■■
20:26:11.208 [INFO ] InitUtil - -------- Ebai Cloud Service Is Running .. --------
20:26:14.229 [WARN ] NetworkUtil - Http Get Client Exception
20:26:17.240 [WARN ] NetworkUtil - Http Get Client Exception
20:26:20.246 [WARN ] NetworkUtil - Http Get Client Exception
20:26:23.257 [WARN ] NetworkUtil - Http Get Client Exception
20:26:26.372 [INFO ] InitUtil - => 本地IP地址: 61.173.79.220 => 累计运行时长: 27H31M19.278S
20:36:11.218 [INFO ] InitUtil - ■■■■■■■■■■■■■■■■■■■■■■■■■■■■■■■■■■■■■■■■■■■■■■■■■■
20:36:11.218 [INFO ] InitUtil - -------- Ebai Cloud Service Is Running .. --------
20:36:14.352 [INFO ] InitUtil - => 本地IP地址: 61.173.79.220 => 累计运行时长: 27H41M7.258S
20:46:11.219 [INFO ] InitUtil - ■■■■■■■■■■■■■■■■■■■■■■■■■■■■■■■■■■■■■■■■■■■■■■■■■■
20:46:11.219 [INFO ] InitUtil - -------- Ebai Cloud Service Is Running .. --------
20:46:14.336 [INFO ] InitUtil - => 本地IP地址: 61.173.79.220 => 累计运行时长: 27H51M7.242S
20:56:11.232 [INFO ] InitUtil - ■■■■■■■■■■■■■■■■■■■■■■■■■■■■■■■■■■■■■■■■■■■■■■■■■■
20:56:11.232 [INFO ] InitUtil - -------- Ebai Cloud Service Is Running .. --------
20:56:14.372 [INFO ] InitUtil - => 本地IP地址: 61.173.79.220 => 累计运行时长: 28H1M7.278S
21:06:11.236 [INFO ] InitUtil - ■■■■■■■■■■■■■■■■■■■■■■■■■■■■■■■■■■■■■■■■■■■■■■■■■■
21:06:11.236 [INFO ] InitUtil - -------- Ebai Cloud Service Is Running .. --------
21:06:14.343 [INFO ] InitUtil - => 本地IP地址: 61.173.79.220 => 累计运行时长: 28H11M7.249S
21:16:11.240 [INFO ] InitUtil - ■■■■■■■■■■■■■■■■■■■■■■■■■■■■■■■■■■■■■■■■■■■■■■■■■■
21:16:11.240 [INFO ] InitUtil - -------- Ebai Cloud Service Is Running .. --------
21:16:14.363 [INFO ] InitUtil - => 本地IP地址: 61.173.79.220 => 累计运行时长: 28H21M7.269S
21:26:11.242 [INFO ] InitUtil - ■■■■■■■■■■■■■■■■■■■■■■■■■■■■■■■■■■■■■■■■■■■■■■■■■■
21:26:11.242 [INFO ] InitUtil - -------- Ebai Cloud Service Is Running .. --------
21:26:14.357 [INFO ] InitUtil - => 本地IP地址: 61.173.79.220 => 累计运行时长: 28H31M7.263S
21:36:11.255 [INFO ] InitUtil - ■■■■■■■■■■■■■■■■■■■■■■■■■■■■■■■■■■■■■■■■■■■■■■■■■■
21:36:11.255 [INFO ] InitUtil - -------- Ebai Cloud Service Is Running .. --------
21:36:14.409 [INFO ] InitUtil - => 本地IP地址: 61.173.79.220 => 累计运行时长: 28H41M7.315S
21:46:11.259 [INFO ] InitUtil - ■■■■■■■■■■■■■■■■■■■■■■■■■■■■■■■■■■■■■■■■■■■■■■■■■■
21:46:11.259 [INFO ] InitUtil - -------- Ebai Cloud Service Is Running .. --------
21:46:14.270 [WARN ] NetworkUtil - Http Get Client Exception
21:46:17.273 [WARN ] NetworkUtil - Http Get Client Exception
21:46:20.277 [WARN ] NetworkUtil - Http Get Client Exception
21:46:23.291 [WARN ] NetworkUtil - Http Get Client Exception
21:46:26.435 [INFO ] InitUtil - => 本地IP地址: 61.173.79.220 => 累计运行时长: 28H51M19.341S
21:56:11.266 [INFO ] InitUtil - ■■■■■■■■■■■■■■■■■■■■■■■■■■■■■■■■■■■■■■■■■■■■■■■■■■
21:56:11.266 [INFO ] InitUtil - -------- Ebai Cloud Service Is Running .. --------
21:56:14.367 [INFO ] InitUtil - => 本地IP地址: 61.173.79.220 => 累计运行时长: 29H1M7.273S
22:06:11.270 [INFO ] InitUtil - ■■■■■■■■■■■■■■■■■■■■■■■■■■■■■■■■■■■■■■■■■■■■■■■■■■
22:06:11.270 [INFO ] InitUtil - -------- Ebai Cloud Service Is Running .. --------
22:06:14.375 [INFO ] InitUtil - => 本地IP地址: 61.173.79.220 => 累计运行时长: 29H11M7.281S
22:14:09.706 [INFO ] ProjectInterceptor - ■■■■■■■■■■■■■■■■■■■■■■■■■■■■■■■■■■■■■■■■■■■■■■■■■■
22:14:09.754 [WARN ] NetworkUtil - Get Location Exception
22:14:09.755 [INFO ] ProjectInterceptor - 请求拦截：URL == > /
22:14:09.755 [INFO ] ProjectInterceptor - 网络信息：IP == > 162.142.125.211 (Unknown)
22:14:09.755 [INFO ] ProjectInterceptor - 设备信息：User-Agent == > null
22:14:09.755 [INFO ] ProjectInterceptor - session userName => null , sessionExistTime => 0 (0分钟) , sessionLastActiveTime => 0 (0分钟) 
22:14:09.755 [INFO ] ProjectInterceptor - session初始化
22:14:09.764 [INFO ] ProjectInterceptor - ------------------ Service  Log ------------------
22:14:09.765 [INFO ] ProjectInterceptor - ■■■■■■■■■■■■■■■■■■■■■■■■■■■■■■■■■■■■■■■■■■■■■■■■■■
22:14:09.773 [WARN ] NetworkUtil - Get Location Exception
22:14:09.774 [INFO ] ProjectInterceptor - 请求拦截：URL == > /index.html
22:14:09.774 [INFO ] ProjectInterceptor - 网络信息：IP == > 162.142.125.211 (Unknown)
22:14:09.774 [INFO ] ProjectInterceptor - 设备信息：User-Agent == > null
22:14:09.774 [INFO ] ProjectInterceptor - session userName => null , sessionExistTime => 0 (0分钟) , sessionLastActiveTime => 0 (0分钟) 
22:14:09.774 [INFO ] ProjectInterceptor - session初始化
22:14:09.780 [INFO ] ProjectInterceptor - ------------------ Service  Log ------------------
22:14:09.787 [INFO ] ProjectInterceptor - --------------  Request  Completed  --------------
22:14:09.787 [INFO ] ProjectInterceptor - --------------  Request  Completed  --------------
22:14:10.381 [INFO ] ProjectInterceptor - ■■■■■■■■■■■■■■■■■■■■■■■■■■■■■■■■■■■■■■■■■■■■■■■■■■
22:14:10.388 [WARN ] NetworkUtil - Get Location Exception
22:14:10.389 [INFO ] ProjectInterceptor - 请求拦截：URL == > /
22:14:10.389 [INFO ] ProjectInterceptor - 网络信息：IP == > 162.142.125.211 (Unknown)
22:14:10.389 [INFO ] ProjectInterceptor - 设备信息：User-Agent == > Mozilla/5.0 (compatible; CensysInspect/1.1; +https://about.censys.io/)
22:14:10.389 [INFO ] ProjectInterceptor - session userName => null , sessionExistTime => 0 (0分钟) , sessionLastActiveTime => 0 (0分钟) 
22:14:10.389 [INFO ] ProjectInterceptor - session初始化
22:14:10.399 [INFO ] ProjectInterceptor - ------------------ Service  Log ------------------
22:14:10.399 [INFO ] ProjectInterceptor - ■■■■■■■■■■■■■■■■■■■■■■■■■■■■■■■■■■■■■■■■■■■■■■■■■■
22:14:10.407 [WARN ] NetworkUtil - Get Location Exception
22:14:10.407 [INFO ] ProjectInterceptor - 请求拦截：URL == > /index.html
22:14:10.407 [INFO ] ProjectInterceptor - 网络信息：IP == > 162.142.125.211 (Unknown)
22:14:10.407 [INFO ] ProjectInterceptor - 设备信息：User-Agent == > Mozilla/5.0 (compatible; CensysInspect/1.1; +https://about.censys.io/)
22:14:10.407 [INFO ] ProjectInterceptor - session userName => null , sessionExistTime => 0 (0分钟) , sessionLastActiveTime => 0 (0分钟) 
22:14:10.407 [INFO ] ProjectInterceptor - session初始化
22:14:10.416 [INFO ] ProjectInterceptor - ------------------ Service  Log ------------------
22:14:10.417 [INFO ] ProjectInterceptor - --------------  Request  Completed  --------------
22:14:10.417 [INFO ] ProjectInterceptor - --------------  Request  Completed  --------------
22:14:11.336 [INFO ] ProjectInterceptor - ■■■■■■■■■■■■■■■■■■■■■■■■■■■■■■■■■■■■■■■■■■■■■■■■■■
22:14:11.343 [WARN ] NetworkUtil - Get Location Exception
22:14:11.344 [INFO ] ProjectInterceptor - 请求拦截：URL == > /favicon.ico
22:14:11.344 [INFO ] ProjectInterceptor - 网络信息：IP == > 162.142.125.211 (Unknown)
22:14:11.344 [INFO ] ProjectInterceptor - 设备信息：User-Agent == > Mozilla/5.0 (compatible; CensysInspect/1.1; +https://about.censys.io/)
22:14:11.344 [INFO ] ProjectInterceptor - session userName => null , sessionExistTime => 0 (0分钟) , sessionLastActiveTime => 0 (0分钟) 
22:14:11.344 [INFO ] ProjectInterceptor - session初始化
22:14:11.355 [INFO ] ProjectInterceptor - ------------------ Service  Log ------------------
22:14:13.620 [INFO ] ProjectInterceptor - --------------  Request  Completed  --------------
22:16:11.279 [INFO ] InitUtil - ■■■■■■■■■■■■■■■■■■■■■■■■■■■■■■■■■■■■■■■■■■■■■■■■■■
22:16:11.279 [INFO ] InitUtil - -------- Ebai Cloud Service Is Running .. --------
22:16:14.391 [INFO ] InitUtil - => 本地IP地址: 61.173.79.220 => 累计运行时长: 29H21M7.297S
22:26:11.283 [INFO ] InitUtil - ■■■■■■■■■■■■■■■■■■■■■■■■■■■■■■■■■■■■■■■■■■■■■■■■■■
22:26:11.283 [INFO ] InitUtil - -------- Ebai Cloud Service Is Running .. --------
22:26:14.395 [INFO ] InitUtil - => 本地IP地址: 61.173.79.220 => 累计运行时长: 29H31M7.301S
22:36:11.290 [INFO ] InitUtil - ■■■■■■■■■■■■■■■■■■■■■■■■■■■■■■■■■■■■■■■■■■■■■■■■■■
22:36:11.290 [INFO ] InitUtil - -------- Ebai Cloud Service Is Running .. --------
22:36:14.387 [INFO ] InitUtil - => 本地IP地址: 61.173.79.220 => 累计运行时长: 29H41M7.293S
22:46:11.292 [INFO ] InitUtil - ■■■■■■■■■■■■■■■■■■■■■■■■■■■■■■■■■■■■■■■■■■■■■■■■■■
22:46:11.292 [INFO ] InitUtil - -------- Ebai Cloud Service Is Running .. --------
22:46:14.404 [INFO ] InitUtil - => 本地IP地址: 61.173.79.220 => 累计运行时长: 29H51M7.31S
22:56:11.304 [INFO ] InitUtil - ■■■■■■■■■■■■■■■■■■■■■■■■■■■■■■■■■■■■■■■■■■■■■■■■■■
22:56:11.304 [INFO ] InitUtil - -------- Ebai Cloud Service Is Running .. --------
22:56:14.406 [INFO ] InitUtil - => 本地IP地址: 61.173.79.220 => 累计运行时长: 30H1M7.312S
23:06:11.304 [INFO ] InitUtil - ■■■■■■■■■■■■■■■■■■■■■■■■■■■■■■■■■■■■■■■■■■■■■■■■■■
23:06:11.304 [INFO ] InitUtil - -------- Ebai Cloud Service Is Running .. --------
23:06:14.408 [INFO ] InitUtil - => 本地IP地址: 61.173.79.220 => 累计运行时长: 30H11M7.314S
23:16:11.314 [INFO ] InitUtil - ■■■■■■■■■■■■■■■■■■■■■■■■■■■■■■■■■■■■■■■■■■■■■■■■■■
23:16:11.314 [INFO ] InitUtil - -------- Ebai Cloud Service Is Running .. --------
23:16:14.417 [INFO ] InitUtil - => 本地IP地址: 61.173.79.220 => 累计运行时长: 30H21M7.323S
23:26:11.318 [INFO ] InitUtil - ■■■■■■■■■■■■■■■■■■■■■■■■■■■■■■■■■■■■■■■■■■■■■■■■■■
23:26:11.318 [INFO ] InitUtil - -------- Ebai Cloud Service Is Running .. --------
23:26:14.418 [INFO ] InitUtil - => 本地IP地址: 61.173.79.220 => 累计运行时长: 30H31M7.324S
23:36:11.325 [INFO ] InitUtil - ■■■■■■■■■■■■■■■■■■■■■■■■■■■■■■■■■■■■■■■■■■■■■■■■■■
23:36:11.325 [INFO ] InitUtil - -------- Ebai Cloud Service Is Running .. --------
23:36:14.446 [INFO ] InitUtil - => 本地IP地址: 61.173.79.220 => 累计运行时长: 30H41M7.352S
23:46:11.332 [INFO ] InitUtil - ■■■■■■■■■■■■■■■■■■■■■■■■■■■■■■■■■■■■■■■■■■■■■■■■■■
23:46:11.332 [INFO ] InitUtil - -------- Ebai Cloud Service Is Running .. --------
23:46:14.419 [INFO ] InitUtil - => 本地IP地址: 61.173.79.220 => 累计运行时长: 30H51M7.325S
23:56:11.347 [INFO ] InitUtil - ■■■■■■■■■■■■■■■■■■■■■■■■■■■■■■■■■■■■■■■■■■■■■■■■■■
23:56:11.347 [INFO ] InitUtil - -------- Ebai Cloud Service Is Running .. --------
23:56:14.449 [INFO ] InitUtil - => 本地IP地址: 61.173.79.220 => 累计运行时长: 31H1M7.355S
